#-----------------------------------------------------------
# Vivado v2017.4 (64-bit)
# SW Build 2086221 on Fri Dec 15 20:55:39 MST 2017
# IP Build 2085800 on Fri Dec 15 22:25:07 MST 2017
# Start of session at: Thu Jun  3 16:23:33 2021
# Process ID: 27580
# Current directory: F:/Desk/Success Vivado/EXP010
# Command line: vivado.exe -gui_launcher_event rodinguilauncherevent33616 F:\Desk\Success Vivado\EXP010\OExp05_CPU.xpr
# Log file: F:/Desk/Success Vivado/EXP010/vivado.log
# Journal file: F:/Desk/Success Vivado/EXP010\vivado.jou
#-----------------------------------------------------------
start_gui
open_project {F:/Desk/Success Vivado/EXP010/OExp05_CPU.xpr}
INFO: [Project 1-313] Project file moved from 'F:/Desk/EXP010' since last save.
Scanning sources...
Finished scanning sources
INFO: [IP_Flow 19-234] Refreshing IP repositories
INFO: [IP_Flow 19-1704] No user IP repositories specified
INFO: [IP_Flow 19-2313] Loaded Vivado IP repository 'F:/Xlinx/Vivado/2017.4/data/ip'.
open_project: Time (s): cpu = 00:00:13 ; elapsed = 00:00:05 . Memory (MB): peak = 892.680 ; gain = 115.637
update_compile_order -fileset sources_1
exit
INFO: [Common 17-206] Exiting Vivado at Thu Jun  3 17:25:25 2021...
