#-----------------------------------------------------------
# Vivado v2017.4 (64-bit)
# SW Build 2086221 on Fri Dec 15 20:55:39 MST 2017
# IP Build 2085800 on Fri Dec 15 22:25:07 MST 2017
# Start of session at: Thu Jun  3 19:37:48 2021
# Process ID: 29236
# Current directory: F:/Desk/Success Vivado/OExp7
# Command line: vivado.exe -gui_launcher_event rodinguilauncherevent25680 F:\Desk\Success Vivado\OExp7\OExp05_CPU.xpr
# Log file: F:/Desk/Success Vivado/OExp7/vivado.log
# Journal file: F:/Desk/Success Vivado/OExp7\vivado.jou
#-----------------------------------------------------------
start_gui
open_project {F:/Desk/Success Vivado/OExp7/OExp05_CPU.xpr}
Scanning sources...
Finished scanning sources
INFO: [IP_Flow 19-234] Refreshing IP repositories
INFO: [IP_Flow 19-1704] No user IP repositories specified
INFO: [IP_Flow 19-2313] Loaded Vivado IP repository 'F:/Xlinx/Vivado/2017.4/data/ip'.
open_project: Time (s): cpu = 00:00:16 ; elapsed = 00:00:07 . Memory (MB): peak = 870.855 ; gain = 117.160
update_compile_order -fileset sources_1
exit
INFO: [Common 17-206] Exiting Vivado at Thu Jun  3 19:39:05 2021...
