#-----------------------------------------------------------
# Vivado v2017.4 (64-bit)
# SW Build 2086221 on Fri Dec 15 20:55:39 MST 2017
# IP Build 2085800 on Fri Dec 15 22:25:07 MST 2017
# Start of session at: Fri May 28 12:26:16 2021
# Process ID: 15104
# Current directory: F:/Desk/Success Vivado/OExp7
# Command line: vivado.exe -gui_launcher_event rodinguilauncherevent13900 F:\Desk\Success Vivado\OExp7\OExp05_CPU.xpr
# Log file: F:/Desk/Success Vivado/OExp7/vivado.log
# Journal file: F:/Desk/Success Vivado/OExp7\vivado.jou
#-----------------------------------------------------------
start_gui
open_project {F:/Desk/Success Vivado/OExp7/OExp05_CPU.xpr}
Scanning sources...
Finished scanning sources
INFO: [IP_Flow 19-234] Refreshing IP repositories
INFO: [IP_Flow 19-1704] No user IP repositories specified
INFO: [IP_Flow 19-2313] Loaded Vivado IP repository 'F:/Xlinx/Vivado/2017.4/data/ip'.
open_project: Time (s): cpu = 00:00:15 ; elapsed = 00:00:07 . Memory (MB): peak = 879.395 ; gain = 112.871
update_compile_order -fileset sources_1
exit
INFO: [Common 17-206] Exiting Vivado at Fri May 28 12:33:57 2021...
