#-----------------------------------------------------------
# Vivado v2017.4 (64-bit)
# SW Build 2086221 on Fri Dec 15 20:55:39 MST 2017
# IP Build 2085800 on Fri Dec 15 22:25:07 MST 2017
# Start of session at: Thu Apr  8 12:52:43 2021
# Process ID: 12568
# Current directory: F:/Desk/Success Vivado/OExp03_Block
# Command line: vivado.exe -gui_launcher_event rodinguilauncherevent7092 F:\Desk\Success Vivado\OExp03_Block\OExp03_Block.xpr
# Log file: F:/Desk/Success Vivado/OExp03_Block/vivado.log
# Journal file: F:/Desk/Success Vivado/OExp03_Block\vivado.jou
#-----------------------------------------------------------
start_gui
open_project {F:/Desk/Success Vivado/OExp03_Block/OExp03_Block.xpr}
INFO: [Project 1-313] Project file moved from 'F:/Desk/OExp03_Block' since last save.
Scanning sources...
Finished scanning sources
INFO: [IP_Flow 19-234] Refreshing IP repositories
INFO: [IP_Flow 19-1700] Loaded user IP repository 'f:/Desk/Success Vivado/OExp03_Block/IPCORE'.
INFO: [IP_Flow 19-2313] Loaded Vivado IP repository 'F:/Xlinx/Vivado/2017.4/data/ip'.
open_project: Time (s): cpu = 00:00:16 ; elapsed = 00:00:07 . Memory (MB): peak = 875.242 ; gain = 116.012
update_compile_order -fileset sources_1
open_bd_design {F:/Desk/Success Vivado/OExp03_Block/OExp03_Block.srcs/sources_1/bd/CSTE_RISCVEDF/CSTE_RISCVEDF.bd}
Adding cell -- ZJUCLIP:user:RSCPU9:1.0 - U1
Adding cell -- ZJUCLIP:user:MIOBUS:1.0 - U4
Adding cell -- ZJUCLIP:user:Counter:1.0 - U10
Adding cell -- ZJUCLIP:user:VGA_TEST:1.0 - U11
WARNING: [BD 41-1731] Type mismatch between connected pins: /clk_100mhz(clk) and /U11/clk(undef)
Adding cell -- ZJUCLIP:user:MEMTEST:1.0 - MEMTEST_0
Adding cell -- xilinx.com:ip:dist_mem_gen:8.0 - U2
Adding cell -- xilinx.com:ip:xlslice:1.0 - PCWA
Adding cell -- xilinx.com:ip:blk_mem_gen:8.4 - U3
Adding cell -- xilinx.com:ip:xlslice:1.0 - xlslice_0
Adding cell -- ZJUCLIP:user:GPIO:1.0 - U7
Adding cell -- ZJUCLIP:user:PIO:1.0 - U71
Adding cell -- ZJUCLIP:user:DSEGIO:1.0 - U5
Adding cell -- ZJUCLIP:user:Display:1.0 - U6
Adding cell -- ZJUCLIP:user:Disp2Hex:1.0 - U61
Adding cell -- ZJUCLIP:user:DIVO:1.0 - DIVOTap
Adding cell -- ZJUCLIP:user:Clkdiv:1.0 - U8
Adding cell -- ZJUCLIP:user:Arraykeys:1.0 - U9
Adding cell -- ZJUCLIP:user:TESTO:1.0 - TESTOTap
Adding cell -- ZJUCLIP:user:EnterT32:1.0 - M4
Adding cell -- ZJUCLIP:user:SWOUT:1.0 - SWOTap
WARNING: [BD 41-1731] Type mismatch between connected pins: /U1/ALE(undef) and /MEMARYBLOCK/clka(clk)
Successfully read diagram <CSTE_RISCVEDF> from BD file <F:/Desk/Success Vivado/OExp03_Block/OExp03_Block.srcs/sources_1/bd/CSTE_RISCVEDF/CSTE_RISCVEDF.bd>
open_bd_design: Time (s): cpu = 00:00:14 ; elapsed = 00:00:09 . Memory (MB): peak = 1042.965 ; gain = 79.254
INFO: [Device 21-403] Loading part xc7k160tffg676-2L
WARNING: [IP_Flow 19-4067] Ignoring invalid widget type specified checkbox.Providing a default widget
WARNING: [IP_Flow 19-4067] Ignoring invalid widget type specified checkbox.Providing a default widget
validate_bd_design -force
WARNING: [BD 41-927] Following properties on pin /U10/clk have been updated from connected ip. They may not be synchronized with cell properties. You can set property on pin directly to confirm the value and resolve the warning.
	CLK_DOMAIN=CSTE_RISCVEDF_clk_100mhz 
WARNING: [BD 41-927] Following properties on pin /ARRAYBLOCK/U9/clk have been updated from connected ip. They may not be synchronized with cell properties. You can set property on pin directly to confirm the value and resolve the warning.
	CLK_DOMAIN=CSTE_RISCVEDF_clk_100mhz 
WARNING: [BD 41-927] Following properties on pin /ARRAYBLOCK/M4/clk have been updated from connected ip. They may not be synchronized with cell properties. You can set property on pin directly to confirm the value and resolve the warning.
	CLK_DOMAIN=CSTE_RISCVEDF_clk_100mhz 
WARNING: [BD 41-927] Following properties on pin /CLKBLOCK/U8/clk have been updated from connected ip. They may not be synchronized with cell properties. You can set property on pin directly to confirm the value and resolve the warning.
	CLK_DOMAIN=CSTE_RISCVEDF_clk_100mhz 
WARNING: [BD 41-927] Following properties on pin /DISPBLOCK/U6/clk have been updated from connected ip. They may not be synchronized with cell properties. You can set property on pin directly to confirm the value and resolve the warning.
	CLK_DOMAIN=CSTE_RISCVEDF_clk_100mhz 
save_bd_design
Wrote  : <F:/Desk/Success Vivado/OExp03_Block/OExp03_Block.srcs/sources_1/bd/CSTE_RISCVEDF/CSTE_RISCVEDF.bd> 
Wrote  : <F:/Desk/Success Vivado/OExp03_Block/OExp03_Block.srcs/sources_1/bd/CSTE_RISCVEDF/ui/bd_27c95d36.ui> 
close_bd_design [get_bd_designs CSTE_RISCVEDF]
open_bd_design {F:/Desk/Success Vivado/OExp03_Block/OExp03_Block.srcs/sources_1/bd/CSTE_RISCVEDF/CSTE_RISCVEDF.bd}
Adding cell -- ZJUCLIP:user:RSCPU9:1.0 - U1
Adding cell -- ZJUCLIP:user:MIOBUS:1.0 - U4
Adding cell -- ZJUCLIP:user:Counter:1.0 - U10
Adding cell -- ZJUCLIP:user:VGA_TEST:1.0 - U11
WARNING: [BD 41-1731] Type mismatch between connected pins: /clk_100mhz(clk) and /U11/clk(undef)
Adding cell -- ZJUCLIP:user:MEMTEST:1.0 - MEMTEST_0
Adding cell -- xilinx.com:ip:dist_mem_gen:8.0 - U2
Adding cell -- xilinx.com:ip:xlslice:1.0 - PCWA
Adding cell -- xilinx.com:ip:blk_mem_gen:8.4 - U3
Adding cell -- xilinx.com:ip:xlslice:1.0 - xlslice_0
Adding cell -- ZJUCLIP:user:GPIO:1.0 - U7
Adding cell -- ZJUCLIP:user:PIO:1.0 - U71
Adding cell -- ZJUCLIP:user:DSEGIO:1.0 - U5
Adding cell -- ZJUCLIP:user:Display:1.0 - U6
Adding cell -- ZJUCLIP:user:Disp2Hex:1.0 - U61
Adding cell -- ZJUCLIP:user:DIVO:1.0 - DIVOTap
Adding cell -- ZJUCLIP:user:Clkdiv:1.0 - U8
Adding cell -- ZJUCLIP:user:Arraykeys:1.0 - U9
Adding cell -- ZJUCLIP:user:TESTO:1.0 - TESTOTap
Adding cell -- ZJUCLIP:user:EnterT32:1.0 - M4
Adding cell -- ZJUCLIP:user:SWOUT:1.0 - SWOTap
WARNING: [BD 41-1731] Type mismatch between connected pins: /U1/ALE(undef) and /MEMARYBLOCK/clka(clk)
Successfully read diagram <CSTE_RISCVEDF> from BD file <F:/Desk/Success Vivado/OExp03_Block/OExp03_Block.srcs/sources_1/bd/CSTE_RISCVEDF/CSTE_RISCVEDF.bd>
WARNING: [IP_Flow 19-4067] Ignoring invalid widget type specified checkbox.Providing a default widget
WARNING: [IP_Flow 19-4067] Ignoring invalid widget type specified checkbox.Providing a default widget
exit
INFO: [Common 17-206] Exiting Vivado at Thu Apr  8 13:45:21 2021...
