#-----------------------------------------------------------
# Vivado v2017.4 (64-bit)
# SW Build 2086221 on Fri Dec 15 20:55:39 MST 2017
# IP Build 2085800 on Fri Dec 15 22:25:07 MST 2017
# Start of session at: Tue Apr 13 09:46:25 2021
# Process ID: 9880
# Current directory: F:/Desk/RSDP9
# Command line: vivado.exe -gui_launcher_event rodinguilauncherevent15832 F:\Desk\RSDP9\RSDP9.xpr
# Log file: F:/Desk/RSDP9/vivado.log
# Journal file: F:/Desk/RSDP9\vivado.jou
#-----------------------------------------------------------
start_gui
open_project F:/Desk/RSDP9/RSDP9.xpr
Scanning sources...
Finished scanning sources
INFO: [IP_Flow 19-234] Refreshing IP repositories
INFO: [IP_Flow 19-1704] No user IP repositories specified
INFO: [IP_Flow 19-2313] Loaded Vivado IP repository 'F:/Xlinx/Vivado/2017.4/data/ip'.
open_project: Time (s): cpu = 00:00:14 ; elapsed = 00:00:07 . Memory (MB): peak = 850.445 ; gain = 60.254
update_compile_order -fileset sources_1
exit
INFO: [Common 17-206] Exiting Vivado at Tue Apr 13 12:03:47 2021...
