#-----------------------------------------------------------
# Vivado v2017.4 (64-bit)
# SW Build 2086221 on Fri Dec 15 20:55:39 MST 2017
# IP Build 2085800 on Fri Dec 15 22:25:07 MST 2017
# Start of session at: Thu Apr  8 12:43:27 2021
# Process ID: 7340
# Current directory: F:/Desk/Success Vivado/PIO_5359
# Command line: vivado.exe -gui_launcher_event rodinguilauncherevent2640 F:\Desk\Success Vivado\PIO_5359\PIO_5359.xpr
# Log file: F:/Desk/Success Vivado/PIO_5359/vivado.log
# Journal file: F:/Desk/Success Vivado/PIO_5359\vivado.jou
#-----------------------------------------------------------
start_gui
open_project {F:/Desk/Success Vivado/PIO_5359/PIO_5359.xpr}
Scanning sources...
Finished scanning sources
INFO: [IP_Flow 19-234] Refreshing IP repositories
INFO: [IP_Flow 19-1704] No user IP repositories specified
INFO: [IP_Flow 19-2313] Loaded Vivado IP repository 'F:/Xlinx/Vivado/2017.4/data/ip'.
open_project: Time (s): cpu = 00:00:12 ; elapsed = 00:00:05 . Memory (MB): peak = 856.730 ; gain = 91.527
update_compile_order -fileset sources_1
exit
INFO: [Common 17-206] Exiting Vivado at Thu Apr  8 12:43:57 2021...
