#-----------------------------------------------------------
# Vivado v2017.4 (64-bit)
# SW Build 2086221 on Fri Dec 15 20:55:39 MST 2017
# IP Build 2085800 on Fri Dec 15 22:25:07 MST 2017
# Start of session at: Tue Mar  2 17:52:00 2021
# Process ID: 5360
# Current directory: F:/Desk/OExp00/Water_LED
# Command line: vivado.exe -gui_launcher_event rodinguilauncherevent19404 F:\Desk\OExp00\Water_LED\Water_LED.xpr
# Log file: F:/Desk/OExp00/Water_LED/vivado.log
# Journal file: F:/Desk/OExp00/Water_LED\vivado.jou
#-----------------------------------------------------------
start_gui
open_project F:/Desk/OExp00/Water_LED/Water_LED.xpr
Scanning sources...
Finished scanning sources
INFO: [IP_Flow 19-234] Refreshing IP repositories
INFO: [IP_Flow 19-1704] No user IP repositories specified
INFO: [IP_Flow 19-2313] Loaded Vivado IP repository 'F:/Xlinx/Vivado/2017.4/data/ip'.
open_project: Time (s): cpu = 00:00:13 ; elapsed = 00:00:06 . Memory (MB): peak = 856.496 ; gain = 92.000
update_compile_order -fileset sources_1
exit
INFO: [Common 17-206] Exiting Vivado at Tue Mar  2 17:52:52 2021...
