#-----------------------------------------------------------
# Vivado v2017.4 (64-bit)
# SW Build 2086221 on Fri Dec 15 20:55:39 MST 2017
# IP Build 2085800 on Fri Dec 15 22:25:07 MST 2017
# Start of session at: Tue Mar  2 17:48:55 2021
# Process ID: 2508
# Current directory: F:/Desk/OExp00/Water_LED
# Command line: vivado.exe -gui_launcher_event rodinguilauncherevent2988 F:\Desk\OExp00\Water_LED\Water_LED.xpr
# Log file: F:/Desk/OExp00/Water_LED/vivado.log
# Journal file: F:/Desk/OExp00/Water_LED\vivado.jou
#-----------------------------------------------------------
start_gui
open_project F:/Desk/OExp00/Water_LED/Water_LED.xpr
Scanning sources...
Finished scanning sources
INFO: [IP_Flow 19-234] Refreshing IP repositories
INFO: [IP_Flow 19-1704] No user IP repositories specified
INFO: [IP_Flow 19-2313] Loaded Vivado IP repository 'F:/Xlinx/Vivado/2017.4/data/ip'.
open_project: Time (s): cpu = 00:00:13 ; elapsed = 00:00:06 . Memory (MB): peak = 861.367 ; gain = 89.879
update_compile_order -fileset sources_1
reset_run synth_1
launch_runs synth_1 -jobs 8
[Tue Mar  2 17:49:58 2021] Launched synth_1...
Run output will be captured here: F:/Desk/OExp00/Water_LED/Water_LED.runs/synth_1/runme.log
open_run synth_1 -name synth_1
Design is defaulting to impl run constrset: constrs_1
Design is defaulting to synth run part: xc7k160tffg676-2L
INFO: [Netlist 29-17] Analyzing 10 Unisim elements for replacement
INFO: [Netlist 29-28] Unisim Transformation completed in 0 CPU seconds
INFO: [Project 1-479] Netlist was created with Vivado 2017.4
INFO: [Device 21-403] Loading part xc7k160tffg676-2L
INFO: [Project 1-570] Preparing netlist for logic optimization
Parsing XDC File [F:/Desk/OExp00/Water_LED/Water_LED.srcs/constrs_1/new/Water_LED.xdc]
WARNING: [Vivado 12-584] No ports matched 'LED_o[4]'. [F:/Desk/OExp00/Water_LED/Water_LED.srcs/constrs_1/new/Water_LED.xdc:17]
CRITICAL WARNING: [Common 17-55] 'set_property' expects at least one object. [F:/Desk/OExp00/Water_LED/Water_LED.srcs/constrs_1/new/Water_LED.xdc:17]
Resolution: If [get_<value>] was used to populate the object, check to make sure this command returns at least one valid object.
WARNING: [Vivado 12-584] No ports matched 'LED_o[4]'. [F:/Desk/OExp00/Water_LED/Water_LED.srcs/constrs_1/new/Water_LED.xdc:18]
CRITICAL WARNING: [Common 17-55] 'set_property' expects at least one object. [F:/Desk/OExp00/Water_LED/Water_LED.srcs/constrs_1/new/Water_LED.xdc:18]
Resolution: If [get_<value>] was used to populate the object, check to make sure this command returns at least one valid object.
WARNING: [Vivado 12-584] No ports matched 'LED_o[5]'. [F:/Desk/OExp00/Water_LED/Water_LED.srcs/constrs_1/new/Water_LED.xdc:19]
CRITICAL WARNING: [Common 17-55] 'set_property' expects at least one object. [F:/Desk/OExp00/Water_LED/Water_LED.srcs/constrs_1/new/Water_LED.xdc:19]
Resolution: If [get_<value>] was used to populate the object, check to make sure this command returns at least one valid object.
WARNING: [Vivado 12-584] No ports matched 'LED_o[5]'. [F:/Desk/OExp00/Water_LED/Water_LED.srcs/constrs_1/new/Water_LED.xdc:20]
CRITICAL WARNING: [Common 17-55] 'set_property' expects at least one object. [F:/Desk/OExp00/Water_LED/Water_LED.srcs/constrs_1/new/Water_LED.xdc:20]
Resolution: If [get_<value>] was used to populate the object, check to make sure this command returns at least one valid object.
WARNING: [Vivado 12-584] No ports matched 'LED_o[6]'. [F:/Desk/OExp00/Water_LED/Water_LED.srcs/constrs_1/new/Water_LED.xdc:21]
CRITICAL WARNING: [Common 17-55] 'set_property' expects at least one object. [F:/Desk/OExp00/Water_LED/Water_LED.srcs/constrs_1/new/Water_LED.xdc:21]
Resolution: If [get_<value>] was used to populate the object, check to make sure this command returns at least one valid object.
WARNING: [Vivado 12-584] No ports matched 'LED_o[6]'. [F:/Desk/OExp00/Water_LED/Water_LED.srcs/constrs_1/new/Water_LED.xdc:22]
CRITICAL WARNING: [Common 17-55] 'set_property' expects at least one object. [F:/Desk/OExp00/Water_LED/Water_LED.srcs/constrs_1/new/Water_LED.xdc:22]
Resolution: If [get_<value>] was used to populate the object, check to make sure this command returns at least one valid object.
WARNING: [Vivado 12-584] No ports matched 'LED_o[7]'. [F:/Desk/OExp00/Water_LED/Water_LED.srcs/constrs_1/new/Water_LED.xdc:23]
CRITICAL WARNING: [Common 17-55] 'set_property' expects at least one object. [F:/Desk/OExp00/Water_LED/Water_LED.srcs/constrs_1/new/Water_LED.xdc:23]
Resolution: If [get_<value>] was used to populate the object, check to make sure this command returns at least one valid object.
WARNING: [Vivado 12-584] No ports matched 'LED_o[7]'. [F:/Desk/OExp00/Water_LED/Water_LED.srcs/constrs_1/new/Water_LED.xdc:24]
CRITICAL WARNING: [Common 17-55] 'set_property' expects at least one object. [F:/Desk/OExp00/Water_LED/Water_LED.srcs/constrs_1/new/Water_LED.xdc:24]
Resolution: If [get_<value>] was used to populate the object, check to make sure this command returns at least one valid object.
Finished Parsing XDC File [F:/Desk/OExp00/Water_LED/Water_LED.srcs/constrs_1/new/Water_LED.xdc]
INFO: [Opt 31-138] Pushed 0 inverter(s) to 0 load pin(s).
INFO: [Project 1-111] Unisim Transformation Summary:
No Unisim elements were transformed.

open_run: Time (s): cpu = 00:00:24 ; elapsed = 00:00:13 . Memory (MB): peak = 1358.605 ; gain = 469.238
synth_design -rtl -name rtl_1
Command: synth_design -rtl -name rtl_1
Starting synth_design
Using part: xc7k160tffg676-2L
Top: Water_LED
---------------------------------------------------------------------------------
Starting RTL Elaboration : Time (s): cpu = 00:00:09 ; elapsed = 00:00:08 . Memory (MB): peak = 1856.211 ; gain = 232.129
---------------------------------------------------------------------------------
INFO: [Synth 8-638] synthesizing module 'Water_LED' [F:/Desk/OExp00/Water_LED/Water_LED.srcs/sources_1/new/Water_LED.v:23]
INFO: [Synth 8-256] done synthesizing module 'Water_LED' (1#1) [F:/Desk/OExp00/Water_LED/Water_LED.srcs/sources_1/new/Water_LED.v:23]
---------------------------------------------------------------------------------
Finished RTL Elaboration : Time (s): cpu = 00:00:10 ; elapsed = 00:00:09 . Memory (MB): peak = 1894.340 ; gain = 270.258
---------------------------------------------------------------------------------

Report Check Netlist: 
+------+------------------+-------+---------+-------+------------------+
|      |Item              |Errors |Warnings |Status |Description       |
+------+------------------+-------+---------+-------+------------------+
|1     |multi_driven_nets |      0|        0|Passed |Multi driven nets |
+------+------------------+-------+---------+-------+------------------+
---------------------------------------------------------------------------------
Finished RTL Optimization Phase 1 : Time (s): cpu = 00:00:10 ; elapsed = 00:00:09 . Memory (MB): peak = 1894.340 ; gain = 270.258
---------------------------------------------------------------------------------
INFO: [Project 1-570] Preparing netlist for logic optimization

Processing XDC Constraints
Initializing timing engine
Parsing XDC File [F:/Desk/OExp00/Water_LED/Water_LED.srcs/constrs_1/new/Water_LED.xdc]
WARNING: [Vivado 12-584] No ports matched 'LED_o[4]'. [F:/Desk/OExp00/Water_LED/Water_LED.srcs/constrs_1/new/Water_LED.xdc:17]
CRITICAL WARNING: [Common 17-55] 'set_property' expects at least one object. [F:/Desk/OExp00/Water_LED/Water_LED.srcs/constrs_1/new/Water_LED.xdc:17]
Resolution: If [get_<value>] was used to populate the object, check to make sure this command returns at least one valid object.
WARNING: [Vivado 12-584] No ports matched 'LED_o[4]'. [F:/Desk/OExp00/Water_LED/Water_LED.srcs/constrs_1/new/Water_LED.xdc:18]
CRITICAL WARNING: [Common 17-55] 'set_property' expects at least one object. [F:/Desk/OExp00/Water_LED/Water_LED.srcs/constrs_1/new/Water_LED.xdc:18]
Resolution: If [get_<value>] was used to populate the object, check to make sure this command returns at least one valid object.
WARNING: [Vivado 12-584] No ports matched 'LED_o[5]'. [F:/Desk/OExp00/Water_LED/Water_LED.srcs/constrs_1/new/Water_LED.xdc:19]
CRITICAL WARNING: [Common 17-55] 'set_property' expects at least one object. [F:/Desk/OExp00/Water_LED/Water_LED.srcs/constrs_1/new/Water_LED.xdc:19]
Resolution: If [get_<value>] was used to populate the object, check to make sure this command returns at least one valid object.
WARNING: [Vivado 12-584] No ports matched 'LED_o[5]'. [F:/Desk/OExp00/Water_LED/Water_LED.srcs/constrs_1/new/Water_LED.xdc:20]
CRITICAL WARNING: [Common 17-55] 'set_property' expects at least one object. [F:/Desk/OExp00/Water_LED/Water_LED.srcs/constrs_1/new/Water_LED.xdc:20]
Resolution: If [get_<value>] was used to populate the object, check to make sure this command returns at least one valid object.
WARNING: [Vivado 12-584] No ports matched 'LED_o[6]'. [F:/Desk/OExp00/Water_LED/Water_LED.srcs/constrs_1/new/Water_LED.xdc:21]
CRITICAL WARNING: [Common 17-55] 'set_property' expects at least one object. [F:/Desk/OExp00/Water_LED/Water_LED.srcs/constrs_1/new/Water_LED.xdc:21]
Resolution: If [get_<value>] was used to populate the object, check to make sure this command returns at least one valid object.
WARNING: [Vivado 12-584] No ports matched 'LED_o[6]'. [F:/Desk/OExp00/Water_LED/Water_LED.srcs/constrs_1/new/Water_LED.xdc:22]
CRITICAL WARNING: [Common 17-55] 'set_property' expects at least one object. [F:/Desk/OExp00/Water_LED/Water_LED.srcs/constrs_1/new/Water_LED.xdc:22]
Resolution: If [get_<value>] was used to populate the object, check to make sure this command returns at least one valid object.
WARNING: [Vivado 12-584] No ports matched 'LED_o[7]'. [F:/Desk/OExp00/Water_LED/Water_LED.srcs/constrs_1/new/Water_LED.xdc:23]
CRITICAL WARNING: [Common 17-55] 'set_property' expects at least one object. [F:/Desk/OExp00/Water_LED/Water_LED.srcs/constrs_1/new/Water_LED.xdc:23]
Resolution: If [get_<value>] was used to populate the object, check to make sure this command returns at least one valid object.
WARNING: [Vivado 12-584] No ports matched 'LED_o[7]'. [F:/Desk/OExp00/Water_LED/Water_LED.srcs/constrs_1/new/Water_LED.xdc:24]
CRITICAL WARNING: [Common 17-55] 'set_property' expects at least one object. [F:/Desk/OExp00/Water_LED/Water_LED.srcs/constrs_1/new/Water_LED.xdc:24]
Resolution: If [get_<value>] was used to populate the object, check to make sure this command returns at least one valid object.
Finished Parsing XDC File [F:/Desk/OExp00/Water_LED/Water_LED.srcs/constrs_1/new/Water_LED.xdc]
Completed Processing XDC Constraints

INFO: [Opt 31-138] Pushed 0 inverter(s) to 0 load pin(s).
INFO: [Project 1-111] Unisim Transformation Summary:
No Unisim elements were transformed.

RTL Elaboration Complete:  : Time (s): cpu = 00:00:18 ; elapsed = 00:00:12 . Memory (MB): peak = 2034.199 ; gain = 410.117
5 Infos, 8 Warnings, 8 Critical Warnings and 0 Errors encountered.
synth_design completed successfully
synth_design: Time (s): cpu = 00:00:23 ; elapsed = 00:00:13 . Memory (MB): peak = 2034.199 ; gain = 546.445
exit
INFO: [Common 17-206] Exiting Vivado at Tue Mar  2 17:51:51 2021...
