#-----------------------------------------------------------
# Vivado v2017.4 (64-bit)
# SW Build 2086221 on Fri Dec 15 20:55:39 MST 2017
# IP Build 2085800 on Fri Dec 15 22:25:07 MST 2017
# Start of session at: Tue Apr 20 23:01:34 2021
# Process ID: 1376
# Current directory: F:/Desk/Success Vivado/Water_LED
# Command line: vivado.exe -gui_launcher_event rodinguilauncherevent3352 F:\Desk\Success Vivado\Water_LED\Water_LED.xpr
# Log file: F:/Desk/Success Vivado/Water_LED/vivado.log
# Journal file: F:/Desk/Success Vivado/Water_LED\vivado.jou
#-----------------------------------------------------------
start_gui
open_project {F:/Desk/Success Vivado/Water_LED/Water_LED.xpr}
INFO: [Project 1-313] Project file moved from 'F:/Desk/OExp00/Water_LED' since last save.
Scanning sources...
Finished scanning sources
INFO: [IP_Flow 19-234] Refreshing IP repositories
INFO: [IP_Flow 19-1704] No user IP repositories specified
INFO: [IP_Flow 19-2313] Loaded Vivado IP repository 'F:/Xlinx/Vivado/2017.4/data/ip'.
update_compile_order -fileset sources_1
launch_simulation
INFO: [Vivado 12-5682] Launching behavioral simulation in 'F:/Desk/Success Vivado/Water_LED/Water_LED.sim/sim_1/behav/xsim'
INFO: [SIM-utils-51] Simulation object is 'sim_1'
INFO: [SIM-utils-54] Inspecting design source files for 'Water_LED_tb' in fileset 'sim_1'...
INFO: [USF-XSim-97] Finding global include files...
INFO: [USF-XSim-98] Fetching design files from 'sim_1'...
INFO: [USF-XSim-2] XSim::Compile design
INFO: [USF-XSim-61] Executing 'COMPILE and ANALYZE' step in 'F:/Desk/Success Vivado/Water_LED/Water_LED.sim/sim_1/behav/xsim'
"xvlog --incr --relax -prj Water_LED_tb_vlog.prj"
INFO: [VRFC 10-2263] Analyzing Verilog file "F:/Desk/Success Vivado/Water_LED/Water_LED.srcs/sources_1/new/Water_LED.v" into library xil_defaultlib
INFO: [VRFC 10-311] analyzing module Water_LED
INFO: [VRFC 10-2263] Analyzing Verilog file "F:/Desk/Success Vivado/Water_LED/Water_LED.srcs/sim_1/new/Water_LED_tb.v" into library xil_defaultlib
INFO: [VRFC 10-311] analyzing module Water_LED_tb
INFO: [VRFC 10-2263] Analyzing Verilog file "F:/Desk/Success Vivado/Water_LED/Water_LED.sim/sim_1/behav/xsim/glbl.v" into library xil_defaultlib
INFO: [VRFC 10-311] analyzing module glbl
INFO: [USF-XSim-69] 'compile' step finished in '1' seconds
INFO: [USF-XSim-3] XSim::Elaborate design
INFO: [USF-XSim-61] Executing 'ELABORATE' step in 'F:/Desk/Success Vivado/Water_LED/Water_LED.sim/sim_1/behav/xsim'
Vivado Simulator 2017.4
Copyright 1986-1999, 2001-2016 Xilinx, Inc. All Rights Reserved.
Running: F:/Xlinx/Vivado/2017.4/bin/unwrapped/win64.o/xelab.exe -wto b78bf6ff854244ffb184986fb4c7bbb6 --incr --debug typical --relax --mt 2 -L xil_defaultlib -L unisims_ver -L unimacro_ver -L secureip --snapshot Water_LED_tb_behav xil_defaultlib.Water_LED_tb xil_defaultlib.glbl -log elaborate.log 
Using 2 slave threads.
Starting static elaboration
WARNING: [VRFC 10-278] actual bit length 4 differs from formal bit length 8 for port LED_o [F:/Desk/Success Vivado/Water_LED/Water_LED.srcs/sim_1/new/Water_LED_tb.v:31]
Completed static elaboration
Starting simulation data flow analysis
Completed simulation data flow analysis
Time Resolution for simulation is 1ps
Compiling module xil_defaultlib.Water_LED
Compiling module xil_defaultlib.Water_LED_tb
Compiling module xil_defaultlib.glbl
Built simulation snapshot Water_LED_tb_behav

****** Webtalk v2017.4 (64-bit)
  **** SW Build 2086221 on Fri Dec 15 20:55:39 MST 2017
  **** IP Build 2085800 on Fri Dec 15 22:25:07 MST 2017
    ** Copyright 1986-2017 Xilinx, Inc. All Rights Reserved.

source F:/Desk/Success -notrace
invalid command name "%"
    while executing
"% Total    % Received % Xferd  Average Speed   Time    Time     Time  Current"
    (file "F:/Desk/Success" line 1)
INFO: [Common 17-206] Exiting Webtalk at Tue Apr 20 23:02:05 2021...
INFO: [USF-XSim-69] 'elaborate' step finished in '1' seconds
INFO: [USF-XSim-4] XSim::Simulate design
INFO: [USF-XSim-61] Executing 'SIMULATE' step in 'F:/Desk/Success Vivado/Water_LED/Water_LED.sim/sim_1/behav/xsim'
INFO: [USF-XSim-98] *** Running xsim
   with args "Water_LED_tb_behav -key {Behavioral:sim_1:Functional:Water_LED_tb} -tclbatch {Water_LED_tb.tcl} -log {simulate.log}"
INFO: [USF-XSim-8] Loading simulator feature
Vivado Simulator 2017.4
Time resolution is 1 ps
source Water_LED_tb.tcl
# set curr_wave [current_wave_config]
# if { [string length $curr_wave] == 0 } {
#   if { [llength [get_objects]] > 0} {
#     add_wave /
#     set_property needs_save false [current_wave_config]
#   } else {
#      send_msg_id Add_Wave-1 WARNING "No top level signals found. Simulator will start without a wave window. If you want to open a wave window go to 'File->New Waveform Configuration' or type 'create_wave_config' in the TCL console."
#   }
# }
# run 1000ns
INFO: [USF-XSim-96] XSim completed. Design snapshot 'Water_LED_tb_behav' loaded.
INFO: [USF-XSim-97] XSim simulation ran for 1000ns
close_sim
INFO: [Simtcl 6-16] Simulation closed
exit
INFO: [Common 17-206] Exiting Vivado at Tue Apr 20 23:02:37 2021...
