#-----------------------------------------------------------
# Vivado v2017.4 (64-bit)
# SW Build 2086221 on Fri Dec 15 20:55:39 MST 2017
# IP Build 2085800 on Fri Dec 15 22:25:07 MST 2017
# Start of session at: Fri Mar  5 10:57:54 2021
# Process ID: 6180
# Current directory: F:/Desk/Water_LED
# Command line: vivado.exe -gui_launcher_event rodinguilauncherevent11028 F:\Desk\Water_LED\Water_LED.xpr
# Log file: F:/Desk/Water_LED/vivado.log
# Journal file: F:/Desk/Water_LED\vivado.jou
#-----------------------------------------------------------
start_gui
open_project F:/Desk/Water_LED/Water_LED.xpr
INFO: [Project 1-313] Project file moved from 'F:/Desk/OExp00/Water_LED' since last save.
Scanning sources...
Finished scanning sources
INFO: [IP_Flow 19-234] Refreshing IP repositories
INFO: [IP_Flow 19-1704] No user IP repositories specified
INFO: [IP_Flow 19-2313] Loaded Vivado IP repository 'F:/Xlinx/Vivado/2017.4/data/ip'.
open_project: Time (s): cpu = 00:00:12 ; elapsed = 00:00:06 . Memory (MB): peak = 877.035 ; gain = 74.941
update_compile_order -fileset sources_1
exit
INFO: [Common 17-206] Exiting Vivado at Fri Mar  5 11:18:05 2021...
