Copyright 1986-2017 Xilinx, Inc. All Rights Reserved.
-------------------------------------------------------------------------------------------------------------------------------------------------------------
| Tool Version     : Vivado v.2017.4 (win64) Build 2086221 Fri Dec 15 20:55:39 MST 2017
| Date             : Tue Mar 23 18:28:51 2021
| Host             : LAPTOP-0HOK14LD running 64-bit major release  (build 9200)
| Command          : report_power -file CSTE_RISCVEDF_power_routed.rpt -pb CSTE_RISCVEDF_power_summary_routed.pb -rpx CSTE_RISCVEDF_power_routed.rpx
| Design           : CSTE_RISCVEDF
| Device           : xc7k160tffg676-2L
| Design State     : routed
| Grade            : extended
| Process          : typical
| Characterization : Production
-------------------------------------------------------------------------------------------------------------------------------------------------------------

Power Report

Table of Contents
-----------------
1. Summary
1.1 On-Chip Components
1.2 Power Supply Summary
1.3 Confidence Level
2. Settings
2.1 Environment
2.2 Clock Constraints
3. Detailed Reports
3.1 By Hierarchy

1. Summary
----------

+--------------------------+----------------------------------+
| Total On-Chip Power (W)  | 67.340 (Junction temp exceeded!) |
| Design Power Budget (W)  | Unspecified*                     |
| Power Budget Margin (W)  | NA                               |
| Dynamic (W)              | 65.278                           |
| Device Static (W)        | 2.062                            |
| Effective TJA (C/W)      | 1.9                              |
| Max Ambient (C)          | 0.0                              |
| Junction Temperature (C) | 125.0                            |
| Confidence Level         | Low                              |
| Setting File             | ---                              |
| Simulation Activity File | ---                              |
| Design Nets Matched      | NA                               |
+--------------------------+----------------------------------+
* Specify Design Power Budget using, set_operating_conditions -design_power_budget <value in Watts>


1.1 On-Chip Components
----------------------

+--------------------------+-----------+----------+-----------+-----------------+
| On-Chip                  | Power (W) | Used     | Available | Utilization (%) |
+--------------------------+-----------+----------+-----------+-----------------+
| Slice Logic              |    11.340 |     5109 |       --- |             --- |
|   LUT as Logic           |    10.255 |     2441 |    101400 |            2.41 |
|   LUT as Distributed RAM |     0.449 |      112 |     35000 |            0.32 |
|   CARRY4                 |     0.276 |       86 |     25350 |            0.34 |
|   F7/F8 Muxes            |     0.190 |      618 |    101400 |            0.61 |
|   Register               |     0.136 |     1652 |    202800 |            0.81 |
|   BUFG                   |     0.033 |        4 |        32 |           12.50 |
|   Others                 |     0.000 |       37 |       --- |             --- |
| Signals                  |    18.201 |     3745 |       --- |             --- |
| Block RAM                |     0.308 |      1.5 |       325 |            0.46 |
| I/O                      |    35.428 |       73 |       400 |           18.25 |
| Static Power             |     2.062 |          |           |                 |
| Total                    |    67.340 |          |           |                 |
+--------------------------+-----------+----------+-----------+-----------------+


1.2 Power Supply Summary
------------------------

+-----------+-------------+-----------+-------------+------------+
| Source    | Voltage (V) | Total (A) | Dynamic (A) | Static (A) |
+-----------+-------------+-----------+-------------+------------+
| Vccint    |       1.000 |    31.677 |      29.915 |      1.763 |
| Vccaux    |       1.800 |     1.464 |       1.356 |      0.108 |
| Vcco33    |       3.300 |     9.598 |       9.597 |      0.001 |
| Vcco25    |       2.500 |     0.000 |       0.000 |      0.000 |
| Vcco18    |       1.800 |     0.667 |       0.666 |      0.001 |
| Vcco15    |       1.500 |     0.020 |       0.019 |      0.001 |
| Vcco135   |       1.350 |     0.000 |       0.000 |      0.000 |
| Vcco12    |       1.200 |     0.000 |       0.000 |      0.000 |
| Vccaux_io |       1.800 |     0.000 |       0.000 |      0.000 |
| Vccbram   |       1.000 |     0.086 |       0.024 |      0.062 |
| MGTAVcc   |       1.000 |     0.000 |       0.000 |      0.000 |
| MGTAVtt   |       1.200 |     0.000 |       0.000 |      0.000 |
| MGTVccaux |       1.800 |     0.000 |       0.000 |      0.000 |
| Vccadc    |       1.800 |     0.020 |       0.000 |      0.020 |
+-----------+-------------+-----------+-------------+------------+


1.3 Confidence Level
--------------------

+-----------------------------+------------+--------------------------------------------------------+--------------------------------------------------------------------------------------------------------------------+
| User Input Data             | Confidence | Details                                                | Action                                                                                                             |
+-----------------------------+------------+--------------------------------------------------------+--------------------------------------------------------------------------------------------------------------------+
| Design implementation state | High       | Design is routed                                       |                                                                                                                    |
| Clock nodes activity        | Low        | User specified less than 75% of clocks                 | Provide missing clock activity with a constraint file, simulation results or by editing the "By Clock Domain" view |
| I/O nodes activity          | Low        | More than 75% of inputs are missing user specification | Provide missing input activity with simulation results or by editing the "By Resource Type -> I/Os" view           |
| Internal nodes activity     | Medium     | User specified less than 25% of internal nodes         | Provide missing internal nodes activity with simulation results or by editing the "By Resource Type" views         |
| Device models               | High       | Device models are Production                           |                                                                                                                    |
|                             |            |                                                        |                                                                                                                    |
| Overall confidence level    | Low        |                                                        |                                                                                                                    |
+-----------------------------+------------+--------------------------------------------------------+--------------------------------------------------------------------------------------------------------------------+


2. Settings
-----------

2.1 Environment
---------------

+-----------------------+--------------------------+
| Ambient Temp (C)      | 25.0                     |
| ThetaJA (C/W)         | 1.9                      |
| Airflow (LFM)         | 250                      |
| Heat Sink             | medium (Medium Profile)  |
| ThetaSA (C/W)         | 3.4                      |
| Board Selection       | medium (10"x10")         |
| # of Board Layers     | 12to15 (12 to 15 Layers) |
| Board Temperature (C) | 25.0                     |
+-----------------------+--------------------------+


2.2 Clock Constraints
---------------------

+-------+--------+-----------------+
| Clock | Domain | Constraint (ns) |
+-------+--------+-----------------+


3. Detailed Reports
-------------------

3.1 By Hierarchy
----------------

+----------------------------------------------+-----------+
| Name                                         | Power (W) |
+----------------------------------------------+-----------+
| CSTE_RISCVEDF                                |    65.278 |
|   M4                                         |     0.023 |
|   U1                                         |    13.480 |
|     U1_1                                     |     0.148 |
|     U1_2                                     |    13.206 |
|       DU1                                    |     0.226 |
|       DU2                                    |    11.328 |
|       PC                                     |     1.345 |
|       addJB                                  |     0.167 |
|       addpc4                                 |     0.140 |
|   U10                                        |     1.189 |
|   U11                                        |     4.844 |
|     FONT_8X16                                |     0.088 |
|     MEMBUF_reg_0_63_0_2                      |     0.022 |
|     MEMBUF_reg_0_63_12_14                    |     0.016 |
|     MEMBUF_reg_0_63_15_17                    |     0.020 |
|     MEMBUF_reg_0_63_18_20                    |     0.026 |
|     MEMBUF_reg_0_63_21_23                    |     0.025 |
|     MEMBUF_reg_0_63_24_26                    |     0.020 |
|     MEMBUF_reg_0_63_27_29                    |     0.018 |
|     MEMBUF_reg_0_63_30_30                    |     0.010 |
|     MEMBUF_reg_0_63_31_31                    |     0.010 |
|     MEMBUF_reg_0_63_3_5                      |     0.021 |
|     MEMBUF_reg_0_63_6_8                      |     0.020 |
|     MEMBUF_reg_0_63_9_11                     |     0.019 |
|     MEMBUF_reg_128_191_0_2                   |     0.023 |
|     MEMBUF_reg_128_191_12_14                 |     0.019 |
|     MEMBUF_reg_128_191_15_17                 |     0.022 |
|     MEMBUF_reg_128_191_18_20                 |     0.021 |
|     MEMBUF_reg_128_191_21_23                 |     0.026 |
|     MEMBUF_reg_128_191_24_26                 |     0.024 |
|     MEMBUF_reg_128_191_27_29                 |     0.021 |
|     MEMBUF_reg_128_191_30_30                 |     0.012 |
|     MEMBUF_reg_128_191_31_31                 |     0.013 |
|     MEMBUF_reg_128_191_3_5                   |     0.021 |
|     MEMBUF_reg_128_191_6_8                   |     0.021 |
|     MEMBUF_reg_128_191_9_11                  |     0.024 |
|     U12                                      |     2.597 |
|     data_buf_reg_0_3_0_5                     |     0.029 |
|     data_buf_reg_0_3_12_17                   |     0.025 |
|     data_buf_reg_0_3_18_23                   |     0.027 |
|     data_buf_reg_0_3_24_29                   |     0.021 |
|     data_buf_reg_0_3_30_31                   |     0.008 |
|     data_buf_reg_0_3_6_11                    |     0.031 |
|   U2                                         |     3.133 |
|     U0                                       |     3.133 |
|       synth_options.dist_mem_inst            |     3.133 |
|         gen_rom.rom_inst                     |     3.133 |
|   U3                                         |     0.757 |
|     U0                                       |     0.757 |
|       inst_blk_mem_gen                       |     0.757 |
|         gnbram.gnativebmg.native_blk_mem_gen |     0.757 |
|           valid.cstr                         |     0.757 |
|             ramloop[0].ram.r                 |     0.757 |
|               prim_init.ram                  |     0.757 |
|   U4                                         |     1.792 |
|   U5                                         |     1.082 |
|   U6                                         |     1.912 |
|     PT7SEG                                   |     1.873 |
|   U61                                        |     0.362 |
|   U7                                         |     0.110 |
|     PTLED                                    |     0.110 |
|   U71                                        |    <0.001 |
|   U8                                         |     0.530 |
|   U9                                         |     0.336 |
+----------------------------------------------+-----------+


