Copyright 1986-2017 Xilinx, Inc. All Rights Reserved.
----------------------------------------------------------------------------------------------------------------------------------------------------
| Tool Version     : Vivado v.2017.4 (win64) Build 2086221 Fri Dec 15 20:55:39 MST 2017
| Date             : Thu Jun  3 16:25:19 2021
| Host             : LAPTOP-0HOK14LD running 64-bit major release  (build 9200)
| Command          : report_power -file OEXp05_CPU_power_routed.rpt -pb OEXp05_CPU_power_summary_routed.pb -rpx OEXp05_CPU_power_routed.rpx
| Design           : OEXp05_CPU
| Device           : xc7k160tffg676-2L
| Design State     : routed
| Grade            : extended
| Process          : typical
| Characterization : Production
----------------------------------------------------------------------------------------------------------------------------------------------------

Power Report

Table of Contents
-----------------
1. Summary
1.1 On-Chip Components
1.2 Power Supply Summary
1.3 Confidence Level
2. Settings
2.1 Environment
2.2 Clock Constraints
3. Detailed Reports
3.1 By Hierarchy

1. Summary
----------

+--------------------------+----------------------------------+
| Total On-Chip Power (W)  | 47.226 (Junction temp exceeded!) |
| Design Power Budget (W)  | Unspecified*                     |
| Power Budget Margin (W)  | NA                               |
| Dynamic (W)              | 45.646                           |
| Device Static (W)        | 1.580                            |
| Effective TJA (C/W)      | 1.9                              |
| Max Ambient (C)          | 9.1                              |
| Junction Temperature (C) | 115.9                            |
| Confidence Level         | Low                              |
| Setting File             | ---                              |
| Simulation Activity File | ---                              |
| Design Nets Matched      | NA                               |
+--------------------------+----------------------------------+
* Specify Design Power Budget using, set_operating_conditions -design_power_budget <value in Watts>


1.1 On-Chip Components
----------------------

+--------------------------+-----------+----------+-----------+-----------------+
| On-Chip                  | Power (W) | Used     | Available | Utilization (%) |
+--------------------------+-----------+----------+-----------+-----------------+
| Slice Logic              |     9.360 |     8840 |       --- |             --- |
|   LUT as Logic           |     8.412 |     4995 |    101400 |            4.93 |
|   CARRY4                 |     0.361 |      110 |     25350 |            0.43 |
|   Register               |     0.199 |     2320 |    202800 |            1.14 |
|   LUT as Distributed RAM |     0.187 |      112 |     35000 |            0.32 |
|   F7/F8 Muxes            |     0.139 |      763 |    101400 |            0.75 |
|   BUFG                   |     0.062 |        5 |        32 |           15.63 |
|   Others                 |     0.000 |       43 |       --- |             --- |
| Signals                  |    13.338 |     6915 |       --- |             --- |
| Block RAM                |     0.380 |      1.5 |       325 |            0.46 |
| I/O                      |    22.567 |       73 |       400 |           18.25 |
| Static Power             |     1.580 |          |           |                 |
| Total                    |    47.226 |          |           |                 |
+--------------------------+-----------+----------+-----------+-----------------+


1.2 Power Supply Summary
------------------------

+-----------+-------------+-----------+-------------+------------+
| Source    | Voltage (V) | Total (A) | Dynamic (A) | Static (A) |
+-----------+-------------+-----------+-------------+------------+
| Vccint    |       1.000 |    24.476 |      23.138 |      1.338 |
| Vccaux    |       1.800 |     0.982 |       0.896 |      0.086 |
| Vcco33    |       3.300 |     5.887 |       5.886 |      0.001 |
| Vcco25    |       2.500 |     0.000 |       0.000 |      0.000 |
| Vcco18    |       1.800 |     0.786 |       0.785 |      0.001 |
| Vcco15    |       1.500 |     0.020 |       0.019 |      0.001 |
| Vcco135   |       1.350 |     0.000 |       0.000 |      0.000 |
| Vcco12    |       1.200 |     0.000 |       0.000 |      0.000 |
| Vccaux_io |       1.800 |     0.000 |       0.000 |      0.000 |
| Vccbram   |       1.000 |     0.075 |       0.029 |      0.046 |
| MGTAVcc   |       1.000 |     0.000 |       0.000 |      0.000 |
| MGTAVtt   |       1.200 |     0.000 |       0.000 |      0.000 |
| MGTVccaux |       1.800 |     0.000 |       0.000 |      0.000 |
| Vccadc    |       1.800 |     0.020 |       0.000 |      0.020 |
+-----------+-------------+-----------+-------------+------------+


1.3 Confidence Level
--------------------

+-----------------------------+------------+--------------------------------------------------------+--------------------------------------------------------------------------------------------------------------------+
| User Input Data             | Confidence | Details                                                | Action                                                                                                             |
+-----------------------------+------------+--------------------------------------------------------+--------------------------------------------------------------------------------------------------------------------+
| Design implementation state | High       | Design is routed                                       |                                                                                                                    |
| Clock nodes activity        | Low        | User specified less than 75% of clocks                 | Provide missing clock activity with a constraint file, simulation results or by editing the "By Clock Domain" view |
| I/O nodes activity          | Low        | More than 75% of inputs are missing user specification | Provide missing input activity with simulation results or by editing the "By Resource Type -> I/Os" view           |
| Internal nodes activity     | Medium     | User specified less than 25% of internal nodes         | Provide missing internal nodes activity with simulation results or by editing the "By Resource Type" views         |
| Device models               | High       | Device models are Production                           |                                                                                                                    |
|                             |            |                                                        |                                                                                                                    |
| Overall confidence level    | Low        |                                                        |                                                                                                                    |
+-----------------------------+------------+--------------------------------------------------------+--------------------------------------------------------------------------------------------------------------------+


2. Settings
-----------

2.1 Environment
---------------

+-----------------------+--------------------------+
| Ambient Temp (C)      | 25.0                     |
| ThetaJA (C/W)         | 1.9                      |
| Airflow (LFM)         | 250                      |
| Heat Sink             | medium (Medium Profile)  |
| ThetaSA (C/W)         | 3.4                      |
| Board Selection       | medium (10"x10")         |
| # of Board Layers     | 12to15 (12 to 15 Layers) |
| Board Temperature (C) | 25.0                     |
+-----------------------+--------------------------+


2.2 Clock Constraints
---------------------

+-------+--------+-----------------+
| Clock | Domain | Constraint (ns) |
+-------+--------+-----------------+


3. Detailed Reports
-------------------

3.1 By Hierarchy
----------------

+----------------------------------------------+-----------+
| Name                                         | Power (W) |
+----------------------------------------------+-----------+
| OEXp05_CPU                                   |    45.646 |
|   M4                                         |     0.022 |
|   U1                                         |     9.628 |
|     U1_1                                     |    <0.001 |
|     U1_2                                     |     8.354 |
|       ALU                                    |     0.183 |
|       DU2                                    |     1.382 |
|       EXMEM                                  |     0.784 |
|       IDEX                                   |     1.628 |
|       IFID                                   |     1.415 |
|       MEMWB                                  |     2.478 |
|       PC                                     |     0.484 |
|     U1_3                                     |     0.957 |
|   U10                                        |     0.921 |
|   U11                                        |     7.434 |
|     FONT_8X16                                |     0.124 |
|     MEMBUF_reg_0_63_0_2                      |     0.012 |
|     MEMBUF_reg_0_63_12_14                    |     0.006 |
|     MEMBUF_reg_0_63_15_17                    |     0.009 |
|     MEMBUF_reg_0_63_18_20                    |     0.009 |
|     MEMBUF_reg_0_63_21_23                    |     0.014 |
|     MEMBUF_reg_0_63_24_26                    |     0.008 |
|     MEMBUF_reg_0_63_27_29                    |     0.006 |
|     MEMBUF_reg_0_63_30_30                    |     0.003 |
|     MEMBUF_reg_0_63_31_31                    |     0.003 |
|     MEMBUF_reg_0_63_3_5                      |     0.010 |
|     MEMBUF_reg_0_63_6_8                      |     0.007 |
|     MEMBUF_reg_0_63_9_11                     |     0.011 |
|     MEMBUF_reg_128_191_0_2                   |     0.011 |
|     MEMBUF_reg_128_191_12_14                 |     0.005 |
|     MEMBUF_reg_128_191_15_17                 |     0.010 |
|     MEMBUF_reg_128_191_18_20                 |     0.008 |
|     MEMBUF_reg_128_191_21_23                 |     0.009 |
|     MEMBUF_reg_128_191_24_26                 |     0.008 |
|     MEMBUF_reg_128_191_27_29                 |     0.005 |
|     MEMBUF_reg_128_191_30_30                 |     0.003 |
|     MEMBUF_reg_128_191_31_31                 |     0.004 |
|     MEMBUF_reg_128_191_3_5                   |     0.012 |
|     MEMBUF_reg_128_191_6_8                   |     0.007 |
|     MEMBUF_reg_128_191_9_11                  |     0.009 |
|     U12                                      |     6.241 |
|     data_buf_reg_0_3_0_5                     |     0.015 |
|     data_buf_reg_0_3_12_17                   |     0.013 |
|     data_buf_reg_0_3_18_23                   |     0.015 |
|     data_buf_reg_0_3_24_29                   |     0.010 |
|     data_buf_reg_0_3_30_31                   |     0.004 |
|     data_buf_reg_0_3_6_11                    |     0.013 |
|   U2                                         |     0.642 |
|     U0                                       |     0.642 |
|       synth_options.dist_mem_inst            |     0.642 |
|         gen_rom.rom_inst                     |     0.642 |
|   U3                                         |     0.558 |
|     U0                                       |     0.558 |
|       inst_blk_mem_gen                       |     0.558 |
|         gnbram.gnativebmg.native_blk_mem_gen |     0.558 |
|           valid.cstr                         |     0.558 |
|             ramloop[0].ram.r                 |     0.558 |
|               prim_init.ram                  |     0.558 |
|   U4                                         |     0.419 |
|   U5                                         |     0.538 |
|   U6                                         |     1.158 |
|     PT7SEG                                   |     1.139 |
|   U61                                        |     0.228 |
|   U7                                         |     0.065 |
|     PTLED                                    |     0.065 |
|   U71                                        |     0.003 |
|   U8                                         |     0.434 |
|   U9                                         |     0.395 |
+----------------------------------------------+-----------+


