INFO: [VRFC 10-2263] Analyzing Verilog file "F:/Desk/Success Vivado/OEXP05/OExp05_CPU/OExp05_CPU.srcs/sources_1/ip/RAM/sim/RAM.v" into library xil_defaultlib
INFO: [VRFC 10-311] analyzing module RAM
INFO: [VRFC 10-2263] Analyzing Verilog file "F:/Desk/Success Vivado/OEXP05/OExp05_CPU/OExp05_CPU.srcs/sources_1/ip/ROM/sim/ROM.v" into library xil_defaultlib
INFO: [VRFC 10-311] analyzing module ROM
INFO: [VRFC 10-2263] Analyzing Verilog file "F:/Desk/Success Vivado/OEXP05/OExp05_CPU/OExp05_CPU.srcs/sources_1/imports/sources_1/imports/RSDP9/ALU_5359/ALU_5359.v" into library xil_defaultlib
INFO: [VRFC 10-311] analyzing module ALU_5359
INFO: [VRFC 10-2263] Analyzing Verilog file "F:/Desk/Success Vivado/OEXP05/OExp05_CPU/OExp05_CPU.srcs/sources_1/imports/OExp05_CPU/IO/Arraykeys.v" into library xil_defaultlib
INFO: [VRFC 10-311] analyzing module Arraykeys
INFO: [VRFC 10-2263] Analyzing Verilog file "F:/Desk/Success Vivado/OEXP05/OExp05_CPU/OExp05_CPU.srcs/sources_1/imports/OExp05_CPU/DEBUG/CPUTEST.v" into library xil_defaultlib
INFO: [VRFC 10-311] analyzing module CPUTEST
INFO: [VRFC 10-2263] Analyzing Verilog file "F:/Desk/Success Vivado/OEXP05/OExp05_CPU/OExp05_CPU.srcs/sources_1/imports/OExp05_CPU/IO/Clkdiv.v" into library xil_defaultlib
INFO: [VRFC 10-311] analyzing module Clkdiv
INFO: [VRFC 10-2263] Analyzing Verilog file "F:/Desk/Success Vivado/OEXP05/OExp05_CPU/OExp05_CPU.srcs/sources_1/imports/OExp05_CPU/IO/Counter.v" into library xil_defaultlib
INFO: [VRFC 10-311] analyzing module Counter
INFO: [VRFC 10-2263] Analyzing Verilog file "F:/Desk/Success Vivado/OEXP05/OExp05_CPU/OExp05_CPU.srcs/sources_1/imports/OExp05_CPU/IO/DSEGIO.v" into library xil_defaultlib
INFO: [VRFC 10-311] analyzing module DSEGIO
INFO: [VRFC 10-2263] Analyzing Verilog file "F:/Desk/Success Vivado/OEXP05/OExp05_CPU/OExp05_CPU.srcs/sources_1/imports/OExp05_CPU/IO/Disp2Hex.v" into library xil_defaultlib
INFO: [VRFC 10-311] analyzing module Disp2Hex
INFO: [VRFC 10-2263] Analyzing Verilog file "F:/Desk/Success Vivado/OEXP05/OExp05_CPU/OExp05_CPU.srcs/sources_1/imports/OExp05_CPU/IO/Display.v" into library xil_defaultlib
INFO: [VRFC 10-311] analyzing module Display
INFO: [VRFC 10-2263] Analyzing Verilog file "F:/Desk/Success Vivado/OEXP05/OExp05_CPU/OExp05_CPU.srcs/sources_1/imports/OExp05_CPU/IO/EnterT32.v" into library xil_defaultlib
INFO: [VRFC 10-311] analyzing module EnterT32
INFO: [VRFC 10-2263] Analyzing Verilog file "F:/Desk/Success Vivado/OEXP05/OExp05_CPU/OExp05_CPU.srcs/sources_1/imports/OExp05_CPU/DEBUG/VGA/Font816.v" into library xil_defaultlib
INFO: [VRFC 10-311] analyzing module FONT8_16
INFO: [VRFC 10-2263] Analyzing Verilog file "F:/Desk/Success Vivado/OEXP05/OExp05_CPU/OExp05_CPU.srcs/sources_1/imports/OExp05_CPU/IO/GPIO.v" into library xil_defaultlib
INFO: [VRFC 10-311] analyzing module GPIO
INFO: [VRFC 10-2263] Analyzing Verilog file "F:/Desk/Success Vivado/OEXP05/OExp05_CPU/OExp05_CPU.srcs/sources_1/imports/sources_1/new/ImmGen.v" into library xil_defaultlib
INFO: [VRFC 10-311] analyzing module ImmGen
INFO: [VRFC 10-2263] Analyzing Verilog file "F:/Desk/Success Vivado/OEXP05/OExp05_CPU/OExp05_CPU.srcs/sources_1/imports/OExp05_CPU/IO/MIOBUS.v" into library xil_defaultlib
INFO: [VRFC 10-311] analyzing module MIOBUS
INFO: [VRFC 10-2263] Analyzing Verilog file "F:/Desk/Success Vivado/OEXP05/OExp05_CPU/OExp05_CPU.srcs/sources_1/imports/sources_1/new/MUX2T1_32.v" into library xil_defaultlib
INFO: [VRFC 10-311] analyzing module MUX2T1_32
INFO: [VRFC 10-2263] Analyzing Verilog file "F:/Desk/Success Vivado/OEXP05/OExp05_CPU/OExp05_CPU.srcs/sources_1/imports/sources_1/imports/new/MUX4T1_32.v" into library xil_defaultlib
INFO: [VRFC 10-311] analyzing module MUX4T1_32
INFO: [VRFC 10-2263] Analyzing Verilog file "F:/Desk/Success Vivado/OEXP05/OExp05_CPU/OExp05_CPU.srcs/sources_1/imports/OExp05_CPU/IO/PIO.v" into library xil_defaultlib
INFO: [VRFC 10-311] analyzing module PIO
INFO: [VRFC 10-2263] Analyzing Verilog file "F:/Desk/Success Vivado/OEXP05/OExp05_CPU/OExp05_CPU.srcs/sources_1/imports/sources_1/new/REG32.v" into library xil_defaultlib
INFO: [VRFC 10-311] analyzing module REG32
INFO: [VRFC 10-2263] Analyzing Verilog file "F:/Desk/Success Vivado/OEXP05/OExp05_CPU/OExp05_CPU.srcs/sources_1/imports/OExp05_CPU/RSCPU9/RSCPU9.v" into library xil_defaultlib
INFO: [VRFC 10-311] analyzing module RSCPU9
INFO: [VRFC 10-2263] Analyzing Verilog file "F:/Desk/Success Vivado/OEXP05/OExp05_CPU/OExp05_CPU.srcs/sources_1/imports/OExp05_CPU/RSCPU9/RSCU9.v" into library xil_defaultlib
INFO: [VRFC 10-311] analyzing module RSCU9
INFO: [VRFC 10-2263] Analyzing Verilog file "F:/Desk/Success Vivado/OEXP05/OExp05_CPU/OExp05_CPU.srcs/sources_1/imports/sources_1/new/RSDP9.v" into library xil_defaultlib
INFO: [VRFC 10-311] analyzing module RSDP9
INFO: [VRFC 10-2263] Analyzing Verilog file "F:/Desk/Success Vivado/OEXP05/OExp05_CPU/OExp05_CPU.srcs/sources_1/imports/OExp05_CPU/DEBUG/VGA/VGATEST.v" into library xil_defaultlib
INFO: [VRFC 10-311] analyzing module VGA_TEST
INFO: [VRFC 10-2263] Analyzing Verilog file "F:/Desk/Success Vivado/OEXP05/OExp05_CPU/OExp05_CPU.srcs/sources_1/imports/sources_1/imports/RSDP9/regs.v" into library xil_defaultlib
INFO: [VRFC 10-311] analyzing module regs
INFO: [VRFC 10-2263] Analyzing Verilog file "F:/Desk/Success Vivado/OEXP05/OExp05_CPU/OExp05_CPU.srcs/sources_1/imports/OExp05_CPU/DEBUG/VGA/vga.v" into library xil_defaultlib
INFO: [VRFC 10-311] analyzing module vga
INFO: [VRFC 10-2263] Analyzing Verilog file "F:/Desk/Success Vivado/OEXP05/OExp05_CPU/OExp05_CPU.srcs/sources_1/new/OEXp05_CPU.v" into library xil_defaultlib
INFO: [VRFC 10-311] analyzing module OEXp05_CPU
INFO: [VRFC 10-2263] Analyzing Verilog file "F:/Desk/Success Vivado/OEXP05/OExp05_CPU/OExp05_CPU.sim/sim_1/behav/xsim/glbl.v" into library xil_defaultlib
INFO: [VRFC 10-311] analyzing module glbl
