Copyright 1986-2017 Xilinx, Inc. All Rights Reserved.
----------------------------------------------------------------------------------------------------------------------------------------------------
| Tool Version     : Vivado v.2017.4 (win64) Build 2086221 Fri Dec 15 20:55:39 MST 2017
| Date             : Tue Jun 15 14:41:45 2021
| Host             : LAPTOP-0HOK14LD running 64-bit major release  (build 9200)
| Command          : report_power -file OEXp05_CPU_power_routed.rpt -pb OEXp05_CPU_power_summary_routed.pb -rpx OEXp05_CPU_power_routed.rpx
| Design           : OEXp05_CPU
| Device           : xc7k160tffg676-2L
| Design State     : routed
| Grade            : extended
| Process          : typical
| Characterization : Production
----------------------------------------------------------------------------------------------------------------------------------------------------

Power Report

Table of Contents
-----------------
1. Summary
1.1 On-Chip Components
1.2 Power Supply Summary
1.3 Confidence Level
2. Settings
2.1 Environment
2.2 Clock Constraints
3. Detailed Reports
3.1 By Hierarchy

1. Summary
----------

+--------------------------+----------------------------------+
| Total On-Chip Power (W)  | 50.625 (Junction temp exceeded!) |
| Design Power Budget (W)  | Unspecified*                     |
| Power Budget Margin (W)  | NA                               |
| Dynamic (W)              | 48.717                           |
| Device Static (W)        | 1.908                            |
| Effective TJA (C/W)      | 1.9                              |
| Max Ambient (C)          | 2.6                              |
| Junction Temperature (C) | 122.4                            |
| Confidence Level         | Low                              |
| Setting File             | ---                              |
| Simulation Activity File | ---                              |
| Design Nets Matched      | NA                               |
+--------------------------+----------------------------------+
* Specify Design Power Budget using, set_operating_conditions -design_power_budget <value in Watts>


1.1 On-Chip Components
----------------------

+--------------------------+-----------+----------+-----------+-----------------+
| On-Chip                  | Power (W) | Used     | Available | Utilization (%) |
+--------------------------+-----------+----------+-----------+-----------------+
| Slice Logic              |    10.010 |     8866 |       --- |             --- |
|   LUT as Logic           |     9.057 |     5033 |    101400 |            4.96 |
|   CARRY4                 |     0.299 |       98 |     25350 |            0.39 |
|   LUT as Distributed RAM |     0.266 |      112 |     35000 |            0.32 |
|   Register               |     0.206 |     2317 |    202800 |            1.14 |
|   F7/F8 Muxes            |     0.137 |      750 |    101400 |            0.74 |
|   BUFG                   |     0.044 |        5 |        32 |           15.63 |
|   LUT as Shift Register  |    <0.001 |        2 |     35000 |           <0.01 |
|   Others                 |     0.000 |       42 |       --- |             --- |
| Signals                  |    13.746 |     7046 |       --- |             --- |
| Block RAM                |     0.278 |      1.5 |       325 |            0.46 |
| I/O                      |    24.683 |       73 |       400 |           18.25 |
| Static Power             |     1.908 |          |           |                 |
| Total                    |    50.625 |          |           |                 |
+--------------------------+-----------+----------+-----------+-----------------+


1.2 Power Supply Summary
------------------------

+-----------+-------------+-----------+-------------+------------+
| Source    | Voltage (V) | Total (A) | Dynamic (A) | Static (A) |
+-----------+-------------+-----------+-------------+------------+
| Vccint    |       1.000 |    25.728 |      24.100 |      1.627 |
| Vccaux    |       1.800 |     1.067 |       0.966 |      0.101 |
| Vcco33    |       3.300 |     6.533 |       6.532 |      0.001 |
| Vcco25    |       2.500 |     0.000 |       0.000 |      0.000 |
| Vcco18    |       1.800 |     0.708 |       0.707 |      0.001 |
| Vcco15    |       1.500 |     0.020 |       0.019 |      0.001 |
| Vcco135   |       1.350 |     0.000 |       0.000 |      0.000 |
| Vcco12    |       1.200 |     0.000 |       0.000 |      0.000 |
| Vccaux_io |       1.800 |     0.000 |       0.000 |      0.000 |
| Vccbram   |       1.000 |     0.078 |       0.022 |      0.057 |
| MGTAVcc   |       1.000 |     0.000 |       0.000 |      0.000 |
| MGTAVtt   |       1.200 |     0.000 |       0.000 |      0.000 |
| MGTVccaux |       1.800 |     0.000 |       0.000 |      0.000 |
| Vccadc    |       1.800 |     0.020 |       0.000 |      0.020 |
+-----------+-------------+-----------+-------------+------------+


1.3 Confidence Level
--------------------

+-----------------------------+------------+--------------------------------------------------------+--------------------------------------------------------------------------------------------------------------------+
| User Input Data             | Confidence | Details                                                | Action                                                                                                             |
+-----------------------------+------------+--------------------------------------------------------+--------------------------------------------------------------------------------------------------------------------+
| Design implementation state | High       | Design is routed                                       |                                                                                                                    |
| Clock nodes activity        | Low        | User specified less than 75% of clocks                 | Provide missing clock activity with a constraint file, simulation results or by editing the "By Clock Domain" view |
| I/O nodes activity          | Low        | More than 75% of inputs are missing user specification | Provide missing input activity with simulation results or by editing the "By Resource Type -> I/Os" view           |
| Internal nodes activity     | Medium     | User specified less than 25% of internal nodes         | Provide missing internal nodes activity with simulation results or by editing the "By Resource Type" views         |
| Device models               | High       | Device models are Production                           |                                                                                                                    |
|                             |            |                                                        |                                                                                                                    |
| Overall confidence level    | Low        |                                                        |                                                                                                                    |
+-----------------------------+------------+--------------------------------------------------------+--------------------------------------------------------------------------------------------------------------------+


2. Settings
-----------

2.1 Environment
---------------

+-----------------------+--------------------------+
| Ambient Temp (C)      | 25.0                     |
| ThetaJA (C/W)         | 1.9                      |
| Airflow (LFM)         | 250                      |
| Heat Sink             | medium (Medium Profile)  |
| ThetaSA (C/W)         | 3.4                      |
| Board Selection       | medium (10"x10")         |
| # of Board Layers     | 12to15 (12 to 15 Layers) |
| Board Temperature (C) | 25.0                     |
+-----------------------+--------------------------+


2.2 Clock Constraints
---------------------

+-------+--------+-----------------+
| Clock | Domain | Constraint (ns) |
+-------+--------+-----------------+


3. Detailed Reports
-------------------

3.1 By Hierarchy
----------------

+----------------------------------------------+-----------+
| Name                                         | Power (W) |
+----------------------------------------------+-----------+
| OEXp05_CPU                                   |    48.717 |
|   M4                                         |     0.023 |
|   U1                                         |     8.898 |
|     U1_1                                     |     0.006 |
|     U1_2                                     |     7.674 |
|       ALU                                    |     0.193 |
|       DU2                                    |     0.924 |
|       EXMEM                                  |     1.402 |
|       IDEX                                   |     1.861 |
|       IFID                                   |     0.503 |
|       MEMWB                                  |     2.018 |
|       PC                                     |     0.773 |
|     U1_3                                     |     0.902 |
|   U10                                        |     0.849 |
|   U11                                        |     7.413 |
|     FONT_8X16                                |     0.127 |
|     MEMBUF_reg_0_63_0_2                      |     0.016 |
|     MEMBUF_reg_0_63_12_14                    |     0.011 |
|     MEMBUF_reg_0_63_15_17                    |     0.014 |
|     MEMBUF_reg_0_63_18_20                    |     0.012 |
|     MEMBUF_reg_0_63_21_23                    |     0.016 |
|     MEMBUF_reg_0_63_24_26                    |     0.009 |
|     MEMBUF_reg_0_63_27_29                    |     0.008 |
|     MEMBUF_reg_0_63_30_30                    |     0.006 |
|     MEMBUF_reg_0_63_31_31                    |     0.006 |
|     MEMBUF_reg_0_63_3_5                      |     0.020 |
|     MEMBUF_reg_0_63_6_8                      |     0.010 |
|     MEMBUF_reg_0_63_9_11                     |     0.015 |
|     MEMBUF_reg_128_191_0_2                   |     0.015 |
|     MEMBUF_reg_128_191_12_14                 |     0.009 |
|     MEMBUF_reg_128_191_15_17                 |     0.015 |
|     MEMBUF_reg_128_191_18_20                 |     0.012 |
|     MEMBUF_reg_128_191_21_23                 |     0.015 |
|     MEMBUF_reg_128_191_24_26                 |     0.010 |
|     MEMBUF_reg_128_191_27_29                 |     0.008 |
|     MEMBUF_reg_128_191_30_30                 |     0.005 |
|     MEMBUF_reg_128_191_31_31                 |     0.005 |
|     MEMBUF_reg_128_191_3_5                   |     0.018 |
|     MEMBUF_reg_128_191_6_8                   |     0.010 |
|     MEMBUF_reg_128_191_9_11                  |     0.014 |
|     U12                                      |     6.133 |
|     data_buf_reg_0_3_0_5                     |     0.020 |
|     data_buf_reg_0_3_12_17                   |     0.015 |
|     data_buf_reg_0_3_18_23                   |     0.016 |
|     data_buf_reg_0_3_24_29                   |     0.013 |
|     data_buf_reg_0_3_30_31                   |     0.004 |
|     data_buf_reg_0_3_6_11                    |     0.016 |
|   U2                                         |     1.556 |
|     U0                                       |     1.556 |
|       synth_options.dist_mem_inst            |     1.556 |
|         gen_rom.rom_inst                     |     1.556 |
|   U3                                         |     0.719 |
|     U0                                       |     0.719 |
|       inst_blk_mem_gen                       |     0.719 |
|         gnbram.gnativebmg.native_blk_mem_gen |     0.719 |
|           valid.cstr                         |     0.719 |
|             ramloop[0].ram.r                 |     0.719 |
|               prim_init.ram                  |     0.719 |
|   U4                                         |     0.698 |
|   U5                                         |     0.825 |
|   U6                                         |     1.420 |
|     PT7SEG                                   |     1.390 |
|   U61                                        |     0.287 |
|   U7                                         |     0.071 |
|     PTLED                                    |     0.070 |
|   U71                                        |     0.003 |
|   U8                                         |     0.346 |
|   U9                                         |     0.379 |
+----------------------------------------------+-----------+


