#-----------------------------------------------------------
# Vivado v2017.4 (64-bit)
# SW Build 2086221 on Fri Dec 15 20:55:39 MST 2017
# IP Build 2085800 on Fri Dec 15 22:25:07 MST 2017
# Start of session at: Thu Apr  8 12:40:44 2021
# Process ID: 7984
# Current directory: F:/Desk/DESGIO_5359
# Command line: vivado.exe -gui_launcher_event rodinguilauncherevent21152 F:\Desk\DESGIO_5359\DESGIO_5359.xpr
# Log file: F:/Desk/DESGIO_5359/vivado.log
# Journal file: F:/Desk/DESGIO_5359\vivado.jou
#-----------------------------------------------------------
start_gui
open_project F:/Desk/DESGIO_5359/DESGIO_5359.xpr
INFO: [Project 1-313] Project file moved from 'F:/Desk/Success Vivado/DESGIO_5359' since last save.
Scanning sources...
Finished scanning sources
INFO: [IP_Flow 19-234] Refreshing IP repositories
INFO: [IP_Flow 19-1704] No user IP repositories specified
INFO: [IP_Flow 19-2313] Loaded Vivado IP repository 'F:/Xlinx/Vivado/2017.4/data/ip'.
open_project: Time (s): cpu = 00:00:12 ; elapsed = 00:00:06 . Memory (MB): peak = 861.602 ; gain = 101.688
update_compile_order -fileset sources_1
reset_run synth_1
launch_runs synth_1 -jobs 16
[Thu Apr  8 12:41:19 2021] Launched synth_1...
Run output will be captured here: F:/Desk/DESGIO_5359/DESGIO_5359.runs/synth_1/runme.log
launch_runs impl_1 -jobs 16
[Thu Apr  8 12:42:03 2021] Launched impl_1...
Run output will be captured here: F:/Desk/DESGIO_5359/DESGIO_5359.runs/impl_1/runme.log
exit
INFO: [Common 17-206] Exiting Vivado at Thu Apr  8 12:43:14 2021...
