#-----------------------------------------------------------
# Vivado v2017.4 (64-bit)
# SW Build 2086221 on Fri Dec 15 20:55:39 MST 2017
# IP Build 2085800 on Fri Dec 15 22:25:07 MST 2017
# Start of session at: Mon Mar 22 18:15:50 2021
# Process ID: 23136
# Current directory: F:/Desk/OExp02-IP2SOC
# Command line: vivado.exe -gui_launcher_event rodinguilauncherevent8180 F:\Desk\OExp02-IP2SOC\OExp02-IP2SOC.xpr
# Log file: F:/Desk/OExp02-IP2SOC/vivado.log
# Journal file: F:/Desk/OExp02-IP2SOC\vivado.jou
#-----------------------------------------------------------
start_gui
open_project F:/Desk/OExp02-IP2SOC/OExp02-IP2SOC.xpr
Scanning sources...
Finished scanning sources
INFO: [IP_Flow 19-234] Refreshing IP repositories
INFO: [IP_Flow 19-1700] Loaded user IP repository 'f:/Desk/OExp02-IP2SOC/IPCORE'.
INFO: [IP_Flow 19-2313] Loaded Vivado IP repository 'F:/Xlinx/Vivado/2017.4/data/ip'.
open_project: Time (s): cpu = 00:00:15 ; elapsed = 00:00:08 . Memory (MB): peak = 869.707 ; gain = 116.844
update_compile_order -fileset sources_1
open_bd_design {F:/Desk/OExp02-IP2SOC/OExp02-IP2SOC.srcs/sources_1/bd/CSSTE/CSSTE.bd}
Adding cell -- ZJUCLIP:user:MSCPUE:1.0 - U1
Adding cell -- ZJUCLIP:user:MIOBUS:1.0 - U4
Adding cell -- ZJUCLIP:user:TESTO:1.0 - TESTOTap
Adding cell -- ZJUCLIP:user:Counter:1.0 - U10
Adding cell -- ZJUCLIP:user:vga_debug:1.0 - U11
Adding cell -- ZJUCLIP:user:vga:1.0 - U12
Adding cell -- xilinx.com:ip:blk_mem_gen:8.4 - U3
Adding cell -- xilinx.com:ip:xlslice:1.0 - PCWA
Adding cell -- xilinx.com:ip:dist_mem_gen:8.0 - U2
Adding cell -- ZJUCLIP:user:PIO:1.0 - U71
Adding cell -- ZJUCLIP:user:GPIO:1.0 - U7
Adding cell -- xilinx.com:ip:xlslice:1.0 - xlslice_0
Adding cell -- ZJUCLIP:user:DSEGIO:1.0 - U5
Adding cell -- ZJUCLIP:user:Display:1.0 - U6
Adding cell -- ZJUCLIP:user:Disp2Hex:1.0 - U61
Adding cell -- ZJUCLIP:user:Clkdiv:1.0 - U8
Adding cell -- ZJUCLIP:user:DIVO:1.0 - DIVOTap
Adding cell -- ZJUCLIP:user:Arraykeys:1.0 - U9
Adding cell -- ZJUCLIP:user:EnterT32:1.0 - M4
Adding cell -- ZJUCLIP:user:SWOUT:1.0 - SWOTap
WARNING: [BD 41-1731] Type mismatch between connected pins: /U1/ALE(undef) and /RAM_B/clka(clk)
WARNING: [BD 41-1731] Type mismatch between connected pins: /TESTOTap/ZERO(undef) and /VGATEST/rst(rst)
Successfully read diagram <CSSTE> from BD file <F:/Desk/OExp02-IP2SOC/OExp02-IP2SOC.srcs/sources_1/bd/CSSTE/CSSTE.bd>
open_bd_design: Time (s): cpu = 00:00:14 ; elapsed = 00:00:09 . Memory (MB): peak = 1051.059 ; gain = 67.902
INFO: [Device 21-403] Loading part xc7k160tffg676-2L
WARNING: [IP_Flow 19-4067] Ignoring invalid widget type specified checkbox.Providing a default widget
WARNING: [IP_Flow 19-4067] Ignoring invalid widget type specified checkbox.Providing a default widget
startgroup
set_property -dict [list CONFIG.Register_PortA_Output_of_Memory_Primitives {false}] [get_bd_cells RAM_B/U3]
endgroup
open_hw
connect_hw_server
INFO: [Labtools 27-2285] Connecting to hw_server url TCP:localhost:3121
INFO: [Labtools 27-2222] Launching hw_server...
INFO: [Labtools 27-2221] Launch Output:

****** Xilinx hw_server v2017.4
  **** Build date : Dec 15 2017-21:08:27
    ** Copyright 1986-2017 Xilinx, Inc. All Rights Reserved.


open_hw_target
INFO: [Labtoolstcl 44-466] Opening hw_target localhost:3121/xilinx_tcf/Digilent/201706300081
set_property PROGRAM.FILE {F:/Desk/OExp02-IP2SOC/OExp02-IP2SOC.runs/impl_1/CSSTE_wrapper.bit} [get_hw_devices xc7k160t_0]
current_hw_device [get_hw_devices xc7k160t_0]
refresh_hw_device -update_hw_probes false [lindex [get_hw_devices xc7k160t_0] 0]
INFO: [Labtools 27-1434] Device xc7k160t (JTAG device index = 0) is programmed with a design that has no supported debug core(s) in it.
WARNING: [Labtools 27-3361] The debug hub core was not detected.
Resolution: 
1. Make sure the clock connected to the debug hub (dbg_hub) core is a free running clock and is active.
2. Make sure the BSCAN_SWITCH_USER_MASK device property in Vivado Hardware Manager reflects the user scan chain setting in the design and refresh the device.  To determine the user scan chain setting in the design, open the implemented design and use 'get_property C_USER_SCAN_CHAIN [get_debug_cores dbg_hub]'.
For more details on setting the scan chain property, consult the Vivado Debug and Programming User Guide (UG908).
set_property PROBES.FILE {} [get_hw_devices xc7k160t_0]
set_property FULL_PROBES.FILE {} [get_hw_devices xc7k160t_0]
set_property PROGRAM.FILE {F:/Desk/OExp02-IP2SOC/OExp02-IP2SOC.runs/impl_1/CSSTE_wrapper.bit} [get_hw_devices xc7k160t_0]
program_hw_devices [get_hw_devices xc7k160t_0]
INFO: [Labtools 27-3164] End of startup status: HIGH
program_hw_devices: Time (s): cpu = 00:00:06 ; elapsed = 00:00:06 . Memory (MB): peak = 1902.520 ; gain = 0.000
refresh_hw_device [lindex [get_hw_devices xc7k160t_0] 0]
INFO: [Labtools 27-1434] Device xc7k160t (JTAG device index = 0) is programmed with a design that has no supported debug core(s) in it.
WARNING: [Labtools 27-3361] The debug hub core was not detected.
Resolution: 
1. Make sure the clock connected to the debug hub (dbg_hub) core is a free running clock and is active.
2. Make sure the BSCAN_SWITCH_USER_MASK device property in Vivado Hardware Manager reflects the user scan chain setting in the design and refresh the device.  To determine the user scan chain setting in the design, open the implemented design and use 'get_property C_USER_SCAN_CHAIN [get_debug_cores dbg_hub]'.
For more details on setting the scan chain property, consult the Vivado Debug and Programming User Guide (UG908).
close_hw
WARNING: [IP_Flow 19-4067] Ignoring invalid widget type specified checkbox.Providing a default widget
WARNING: [IP_Flow 19-4067] Ignoring invalid widget type specified checkbox.Providing a default widget
startgroup
endgroup
save_bd_design
Wrote  : <F:/Desk/OExp02-IP2SOC/OExp02-IP2SOC.srcs/sources_1/bd/CSSTE/CSSTE.bd> 
Wrote  : <F:/Desk/OExp02-IP2SOC/OExp02-IP2SOC.srcs/sources_1/bd/CSSTE/ui/bd_a9a878b4.ui> 
Wrote  : <F:/Desk/OExp02-IP2SOC/OExp02-IP2SOC.srcs/sources_1/bd/CSSTE/ui/bd_855d188d.ui> 
reset_run synth_1
reset_run impl_1
launch_runs impl_1 -jobs 8
WARNING: [BD 41-927] Following properties on pin /ARRARYBLOCK/U9/clk have been updated from connected ip. They may not be synchronized with cell properties. You can set property on pin directly to confirm the value and resolve the warning.
	CLK_DOMAIN=CSSTE_clk_100mhz 
WARNING: [BD 41-927] Following properties on pin /ARRARYBLOCK/M4/clk have been updated from connected ip. They may not be synchronized with cell properties. You can set property on pin directly to confirm the value and resolve the warning.
	CLK_DOMAIN=CSSTE_clk_100mhz 
WARNING: [BD 41-927] Following properties on pin /CLKBLOCK/U8/clk have been updated from connected ip. They may not be synchronized with cell properties. You can set property on pin directly to confirm the value and resolve the warning.
	CLK_DOMAIN=CSSTE_clk_100mhz 
WARNING: [BD 41-927] Following properties on pin /DISPBLOCK/U6/clk have been updated from connected ip. They may not be synchronized with cell properties. You can set property on pin directly to confirm the value and resolve the warning.
	CLK_DOMAIN=CSSTE_clk_100mhz 
WARNING: [BD 41-927] Following properties on pin /VGATEST/U11/clk have been updated from connected ip. They may not be synchronized with cell properties. You can set property on pin directly to confirm the value and resolve the warning.
	CLK_DOMAIN=CSSTE_clk_100mhz 
WARNING: [BD 41-927] Following properties on pin /VGATEST/U12/clk have been updated from connected ip. They may not be synchronized with cell properties. You can set property on pin directly to confirm the value and resolve the warning.
	CLK_DOMAIN=CSSTE_clk_100mhz 
Wrote  : <F:/Desk/OExp02-IP2SOC/OExp02-IP2SOC.srcs/sources_1/bd/CSSTE/CSSTE.bd> 
Wrote  : <F:/Desk/OExp02-IP2SOC/OExp02-IP2SOC.srcs/sources_1/bd/CSSTE/ui/bd_a9a878b4.ui> 
Wrote  : <F:/Desk/OExp02-IP2SOC/OExp02-IP2SOC.srcs/sources_1/bd/CSSTE/ui/bd_855d188d.ui> 
VHDL Output written to : F:/Desk/OExp02-IP2SOC/OExp02-IP2SOC.srcs/sources_1/bd/CSSTE/synth/CSSTE.v
VHDL Output written to : F:/Desk/OExp02-IP2SOC/OExp02-IP2SOC.srcs/sources_1/bd/CSSTE/sim/CSSTE.v
VHDL Output written to : F:/Desk/OExp02-IP2SOC/OExp02-IP2SOC.srcs/sources_1/bd/CSSTE/hdl/CSSTE_wrapper.v
Wrote  : <F:/Desk/OExp02-IP2SOC/OExp02-IP2SOC.srcs/sources_1/bd/CSSTE/ui/bd_a9a878b4.ui> 
Wrote  : <F:/Desk/OExp02-IP2SOC/OExp02-IP2SOC.srcs/sources_1/bd/CSSTE/ui/bd_855d188d.ui> 
INFO: [BD 41-1029] Generation completed for the IP Integrator block U1 .
INFO: [BD 41-1029] Generation completed for the IP Integrator block ARRARYBLOCK/U9 .
INFO: [BD 41-1029] Generation completed for the IP Integrator block ARRARYBLOCK/SWOTap .
INFO: [BD 41-1029] Generation completed for the IP Integrator block ARRARYBLOCK/M4 .
INFO: [BD 41-1029] Generation completed for the IP Integrator block CLKBLOCK/U8 .
INFO: [BD 41-1029] Generation completed for the IP Integrator block CLKBLOCK/DIVOTap .
INFO: [BD 41-1029] Generation completed for the IP Integrator block DISPBLOCK/U5 .
INFO: [BD 41-1029] Generation completed for the IP Integrator block DISPBLOCK/U61 .
INFO: [BD 41-1029] Generation completed for the IP Integrator block DISPBLOCK/U6 .
INFO: [BD 41-1029] Generation completed for the IP Integrator block GPIOBLOCK/U7 .
INFO: [BD 41-1029] Generation completed for the IP Integrator block GPIOBLOCK/xlslice_0 .
INFO: [BD 41-1029] Generation completed for the IP Integrator block GPIOBLOCK/U71 .
INFO: [BD 41-1029] Generation completed for the IP Integrator block U4 .
INFO: [BD 41-1029] Generation completed for the IP Integrator block TESTOTap .
INFO: [BD 41-1029] Generation completed for the IP Integrator block VGATEST/U11 .
INFO: [BD 41-1029] Generation completed for the IP Integrator block VGATEST/U12 .
INFO: [BD 41-1029] Generation completed for the IP Integrator block RAM_B/U3 .
INFO: [BD 41-1029] Generation completed for the IP Integrator block ROM_D/PCWA .
INFO: [BD 41-1029] Generation completed for the IP Integrator block ROM_D/U2 .
INFO: [BD 41-1029] Generation completed for the IP Integrator block U10 .
Exporting to file F:/Desk/OExp02-IP2SOC/OExp02-IP2SOC.srcs/sources_1/bd/CSSTE/hw_handoff/CSSTE.hwh
Generated Block Design Tcl file F:/Desk/OExp02-IP2SOC/OExp02-IP2SOC.srcs/sources_1/bd/CSSTE/hw_handoff/CSSTE_bd.tcl
Generated Hardware Definition File F:/Desk/OExp02-IP2SOC/OExp02-IP2SOC.srcs/sources_1/bd/CSSTE/synth/CSSTE.hwdef
[Mon Mar 22 18:29:17 2021] Launched synth_1...
Run output will be captured here: F:/Desk/OExp02-IP2SOC/OExp02-IP2SOC.runs/synth_1/runme.log
[Mon Mar 22 18:29:17 2021] Launched impl_1...
Run output will be captured here: F:/Desk/OExp02-IP2SOC/OExp02-IP2SOC.runs/impl_1/runme.log
launch_runs impl_1 -to_step write_bitstream -jobs 8
[Mon Mar 22 18:34:50 2021] Launched impl_1...
Run output will be captured here: F:/Desk/OExp02-IP2SOC/OExp02-IP2SOC.runs/impl_1/runme.log
open_run impl_1
INFO: [Netlist 29-17] Analyzing 779 Unisim elements for replacement
INFO: [Netlist 29-28] Unisim Transformation completed in 0 CPU seconds
INFO: [Project 1-479] Netlist was created with Vivado 2017.4
INFO: [Project 1-570] Preparing netlist for logic optimization
WARNING: [Constraints 18-550] Could not create 'IOSTANDARD' constraint because net 'CSSTE_i/ARRARYBLOCK/M4/inst/readn' is not directly connected to top level port. 'IOSTANDARD' is ignored by Vivado but preserved for implementation tool. [F:/Desk/OExp02-IP2SOC/OExp02-IP2SOC.runs/impl_1/.Xil/Vivado-14528-LAPTOP-0HOK14LD/dcp2/CSSTE_wrapper.edf:2403]
WARNING: [Constraints 18-550] Could not create 'IOSTANDARD' constraint because net 'CSSTE_i/ARRARYBLOCK/U9/inst/CR' is not directly connected to top level port. 'IOSTANDARD' is ignored by Vivado but preserved for implementation tool. [F:/Desk/OExp02-IP2SOC/OExp02-IP2SOC.runs/impl_1/.Xil/Vivado-14528-LAPTOP-0HOK14LD/dcp2/CSSTE_wrapper.edf:5229]
WARNING: [Constraints 18-550] Could not create 'IOSTANDARD' constraint because net 'CSSTE_i/ARRARYBLOCK/U9/inst/KCOL[0]' is not directly connected to top level port. 'IOSTANDARD' is ignored by Vivado but preserved for implementation tool. [F:/Desk/OExp02-IP2SOC/OExp02-IP2SOC.runs/impl_1/.Xil/Vivado-14528-LAPTOP-0HOK14LD/dcp2/CSSTE_wrapper.edf:7046]
WARNING: [Constraints 18-550] Could not create 'IOSTANDARD' constraint because net 'CSSTE_i/ARRARYBLOCK/U9/inst/KCOL[1]' is not directly connected to top level port. 'IOSTANDARD' is ignored by Vivado but preserved for implementation tool. [F:/Desk/OExp02-IP2SOC/OExp02-IP2SOC.runs/impl_1/.Xil/Vivado-14528-LAPTOP-0HOK14LD/dcp2/CSSTE_wrapper.edf:7059]
WARNING: [Constraints 18-550] Could not create 'IOSTANDARD' constraint because net 'CSSTE_i/ARRARYBLOCK/U9/inst/KCOL[2]' is not directly connected to top level port. 'IOSTANDARD' is ignored by Vivado but preserved for implementation tool. [F:/Desk/OExp02-IP2SOC/OExp02-IP2SOC.runs/impl_1/.Xil/Vivado-14528-LAPTOP-0HOK14LD/dcp2/CSSTE_wrapper.edf:7072]
WARNING: [Constraints 18-550] Could not create 'IOSTANDARD' constraint because net 'CSSTE_i/ARRARYBLOCK/U9/inst/KCOL[3]' is not directly connected to top level port. 'IOSTANDARD' is ignored by Vivado but preserved for implementation tool. [F:/Desk/OExp02-IP2SOC/OExp02-IP2SOC.runs/impl_1/.Xil/Vivado-14528-LAPTOP-0HOK14LD/dcp2/CSSTE_wrapper.edf:7086]
WARNING: [Constraints 18-550] Could not create 'IOSTANDARD' constraint because net 'CSSTE_i/ARRARYBLOCK/U9/inst/KROW[0]' is not directly connected to top level port. 'IOSTANDARD' is ignored by Vivado but preserved for implementation tool. [F:/Desk/OExp02-IP2SOC/OExp02-IP2SOC.runs/impl_1/.Xil/Vivado-14528-LAPTOP-0HOK14LD/dcp2/CSSTE_wrapper.edf:7095]
WARNING: [Constraints 18-550] Could not create 'IOSTANDARD' constraint because net 'CSSTE_i/ARRARYBLOCK/U9/inst/KROW[1]' is not directly connected to top level port. 'IOSTANDARD' is ignored by Vivado but preserved for implementation tool. [F:/Desk/OExp02-IP2SOC/OExp02-IP2SOC.runs/impl_1/.Xil/Vivado-14528-LAPTOP-0HOK14LD/dcp2/CSSTE_wrapper.edf:7103]
WARNING: [Constraints 18-550] Could not create 'IOSTANDARD' constraint because net 'CSSTE_i/ARRARYBLOCK/U9/inst/KROW[2]' is not directly connected to top level port. 'IOSTANDARD' is ignored by Vivado but preserved for implementation tool. [F:/Desk/OExp02-IP2SOC/OExp02-IP2SOC.runs/impl_1/.Xil/Vivado-14528-LAPTOP-0HOK14LD/dcp2/CSSTE_wrapper.edf:7111]
WARNING: [Constraints 18-550] Could not create 'IOSTANDARD' constraint because net 'CSSTE_i/ARRARYBLOCK/U9/inst/KROW[3]' is not directly connected to top level port. 'IOSTANDARD' is ignored by Vivado but preserved for implementation tool. [F:/Desk/OExp02-IP2SOC/OExp02-IP2SOC.runs/impl_1/.Xil/Vivado-14528-LAPTOP-0HOK14LD/dcp2/CSSTE_wrapper.edf:7119]
WARNING: [Constraints 18-550] Could not create 'IOSTANDARD' constraint because net 'CSSTE_i/ARRARYBLOCK/U9/inst/KROW[4]' is not directly connected to top level port. 'IOSTANDARD' is ignored by Vivado but preserved for implementation tool. [F:/Desk/OExp02-IP2SOC/OExp02-IP2SOC.runs/impl_1/.Xil/Vivado-14528-LAPTOP-0HOK14LD/dcp2/CSSTE_wrapper.edf:7127]
WARNING: [Constraints 18-550] Could not create 'IOSTANDARD' constraint because net 'CSSTE_i/ARRARYBLOCK/U9/inst/RSTN' is not directly connected to top level port. 'IOSTANDARD' is ignored by Vivado but preserved for implementation tool. [F:/Desk/OExp02-IP2SOC/OExp02-IP2SOC.runs/impl_1/.Xil/Vivado-14528-LAPTOP-0HOK14LD/dcp2/CSSTE_wrapper.edf:5342]
WARNING: [Constraints 18-550] Could not create 'IOSTANDARD' constraint because net 'CSSTE_i/ARRARYBLOCK/U9/inst/SW[0]' is not directly connected to top level port. 'IOSTANDARD' is ignored by Vivado but preserved for implementation tool. [F:/Desk/OExp02-IP2SOC/OExp02-IP2SOC.runs/impl_1/.Xil/Vivado-14528-LAPTOP-0HOK14LD/dcp2/CSSTE_wrapper.edf:7207]
WARNING: [Constraints 18-550] Could not create 'IOSTANDARD' constraint because net 'CSSTE_i/ARRARYBLOCK/U9/inst/SW[10]' is not directly connected to top level port. 'IOSTANDARD' is ignored by Vivado but preserved for implementation tool. [F:/Desk/OExp02-IP2SOC/OExp02-IP2SOC.runs/impl_1/.Xil/Vivado-14528-LAPTOP-0HOK14LD/dcp2/CSSTE_wrapper.edf:7307]
WARNING: [Constraints 18-550] Could not create 'IOSTANDARD' constraint because net 'CSSTE_i/ARRARYBLOCK/U9/inst/SW[11]' is not directly connected to top level port. 'IOSTANDARD' is ignored by Vivado but preserved for implementation tool. [F:/Desk/OExp02-IP2SOC/OExp02-IP2SOC.runs/impl_1/.Xil/Vivado-14528-LAPTOP-0HOK14LD/dcp2/CSSTE_wrapper.edf:7317]
WARNING: [Constraints 18-550] Could not create 'IOSTANDARD' constraint because net 'CSSTE_i/ARRARYBLOCK/U9/inst/SW[12]' is not directly connected to top level port. 'IOSTANDARD' is ignored by Vivado but preserved for implementation tool. [F:/Desk/OExp02-IP2SOC/OExp02-IP2SOC.runs/impl_1/.Xil/Vivado-14528-LAPTOP-0HOK14LD/dcp2/CSSTE_wrapper.edf:7327]
WARNING: [Constraints 18-550] Could not create 'IOSTANDARD' constraint because net 'CSSTE_i/ARRARYBLOCK/U9/inst/SW[13]' is not directly connected to top level port. 'IOSTANDARD' is ignored by Vivado but preserved for implementation tool. [F:/Desk/OExp02-IP2SOC/OExp02-IP2SOC.runs/impl_1/.Xil/Vivado-14528-LAPTOP-0HOK14LD/dcp2/CSSTE_wrapper.edf:7337]
WARNING: [Constraints 18-550] Could not create 'IOSTANDARD' constraint because net 'CSSTE_i/ARRARYBLOCK/U9/inst/SW[14]' is not directly connected to top level port. 'IOSTANDARD' is ignored by Vivado but preserved for implementation tool. [F:/Desk/OExp02-IP2SOC/OExp02-IP2SOC.runs/impl_1/.Xil/Vivado-14528-LAPTOP-0HOK14LD/dcp2/CSSTE_wrapper.edf:7347]
WARNING: [Constraints 18-550] Could not create 'IOSTANDARD' constraint because net 'CSSTE_i/ARRARYBLOCK/U9/inst/SW[15]' is not directly connected to top level port. 'IOSTANDARD' is ignored by Vivado but preserved for implementation tool. [F:/Desk/OExp02-IP2SOC/OExp02-IP2SOC.runs/impl_1/.Xil/Vivado-14528-LAPTOP-0HOK14LD/dcp2/CSSTE_wrapper.edf:7357]
WARNING: [Constraints 18-550] Could not create 'IOSTANDARD' constraint because net 'CSSTE_i/ARRARYBLOCK/U9/inst/SW[1]' is not directly connected to top level port. 'IOSTANDARD' is ignored by Vivado but preserved for implementation tool. [F:/Desk/OExp02-IP2SOC/OExp02-IP2SOC.runs/impl_1/.Xil/Vivado-14528-LAPTOP-0HOK14LD/dcp2/CSSTE_wrapper.edf:7217]
WARNING: [Constraints 18-550] Could not create 'IOSTANDARD' constraint because net 'CSSTE_i/ARRARYBLOCK/U9/inst/SW[2]' is not directly connected to top level port. 'IOSTANDARD' is ignored by Vivado but preserved for implementation tool. [F:/Desk/OExp02-IP2SOC/OExp02-IP2SOC.runs/impl_1/.Xil/Vivado-14528-LAPTOP-0HOK14LD/dcp2/CSSTE_wrapper.edf:7227]
WARNING: [Constraints 18-550] Could not create 'IOSTANDARD' constraint because net 'CSSTE_i/ARRARYBLOCK/U9/inst/SW[3]' is not directly connected to top level port. 'IOSTANDARD' is ignored by Vivado but preserved for implementation tool. [F:/Desk/OExp02-IP2SOC/OExp02-IP2SOC.runs/impl_1/.Xil/Vivado-14528-LAPTOP-0HOK14LD/dcp2/CSSTE_wrapper.edf:7237]
WARNING: [Constraints 18-550] Could not create 'IOSTANDARD' constraint because net 'CSSTE_i/ARRARYBLOCK/U9/inst/SW[4]' is not directly connected to top level port. 'IOSTANDARD' is ignored by Vivado but preserved for implementation tool. [F:/Desk/OExp02-IP2SOC/OExp02-IP2SOC.runs/impl_1/.Xil/Vivado-14528-LAPTOP-0HOK14LD/dcp2/CSSTE_wrapper.edf:7247]
WARNING: [Constraints 18-550] Could not create 'IOSTANDARD' constraint because net 'CSSTE_i/ARRARYBLOCK/U9/inst/SW[5]' is not directly connected to top level port. 'IOSTANDARD' is ignored by Vivado but preserved for implementation tool. [F:/Desk/OExp02-IP2SOC/OExp02-IP2SOC.runs/impl_1/.Xil/Vivado-14528-LAPTOP-0HOK14LD/dcp2/CSSTE_wrapper.edf:7257]
WARNING: [Constraints 18-550] Could not create 'IOSTANDARD' constraint because net 'CSSTE_i/ARRARYBLOCK/U9/inst/SW[6]' is not directly connected to top level port. 'IOSTANDARD' is ignored by Vivado but preserved for implementation tool. [F:/Desk/OExp02-IP2SOC/OExp02-IP2SOC.runs/impl_1/.Xil/Vivado-14528-LAPTOP-0HOK14LD/dcp2/CSSTE_wrapper.edf:7267]
WARNING: [Constraints 18-550] Could not create 'IOSTANDARD' constraint because net 'CSSTE_i/ARRARYBLOCK/U9/inst/SW[7]' is not directly connected to top level port. 'IOSTANDARD' is ignored by Vivado but preserved for implementation tool. [F:/Desk/OExp02-IP2SOC/OExp02-IP2SOC.runs/impl_1/.Xil/Vivado-14528-LAPTOP-0HOK14LD/dcp2/CSSTE_wrapper.edf:7277]
WARNING: [Constraints 18-550] Could not create 'IOSTANDARD' constraint because net 'CSSTE_i/ARRARYBLOCK/U9/inst/SW[8]' is not directly connected to top level port. 'IOSTANDARD' is ignored by Vivado but preserved for implementation tool. [F:/Desk/OExp02-IP2SOC/OExp02-IP2SOC.runs/impl_1/.Xil/Vivado-14528-LAPTOP-0HOK14LD/dcp2/CSSTE_wrapper.edf:7287]
WARNING: [Constraints 18-550] Could not create 'IOSTANDARD' constraint because net 'CSSTE_i/ARRARYBLOCK/U9/inst/SW[9]' is not directly connected to top level port. 'IOSTANDARD' is ignored by Vivado but preserved for implementation tool. [F:/Desk/OExp02-IP2SOC/OExp02-IP2SOC.runs/impl_1/.Xil/Vivado-14528-LAPTOP-0HOK14LD/dcp2/CSSTE_wrapper.edf:7297]
WARNING: [Constraints 18-550] Could not create 'IOSTANDARD' constraint because net 'CSSTE_i/ARRARYBLOCK/U9/inst/readn' is not directly connected to top level port. 'IOSTANDARD' is ignored by Vivado but preserved for implementation tool. [F:/Desk/OExp02-IP2SOC/OExp02-IP2SOC.runs/impl_1/.Xil/Vivado-14528-LAPTOP-0HOK14LD/dcp2/CSSTE_wrapper.edf:6359]
WARNING: [Constraints 18-550] Could not create 'IOSTANDARD' constraint because net 'CSSTE_i/DISPBLOCK/U6/inst/SEGEN' is not directly connected to top level port. 'IOSTANDARD' is ignored by Vivado but preserved for implementation tool. [F:/Desk/OExp02-IP2SOC/OExp02-IP2SOC.runs/impl_1/.Xil/Vivado-14528-LAPTOP-0HOK14LD/dcp2/CSSTE_wrapper.edf:24441]
WARNING: [Constraints 18-550] Could not create 'IOSTANDARD' constraint because net 'CSSTE_i/DISPBLOCK/U61/inst/AN[0]' is not directly connected to top level port. 'IOSTANDARD' is ignored by Vivado but preserved for implementation tool. [F:/Desk/OExp02-IP2SOC/OExp02-IP2SOC.runs/impl_1/.Xil/Vivado-14528-LAPTOP-0HOK14LD/dcp2/CSSTE_wrapper.edf:26190]
WARNING: [Constraints 18-550] Could not create 'IOSTANDARD' constraint because net 'CSSTE_i/DISPBLOCK/U61/inst/AN[1]' is not directly connected to top level port. 'IOSTANDARD' is ignored by Vivado but preserved for implementation tool. [F:/Desk/OExp02-IP2SOC/OExp02-IP2SOC.runs/impl_1/.Xil/Vivado-14528-LAPTOP-0HOK14LD/dcp2/CSSTE_wrapper.edf:26198]
WARNING: [Constraints 18-550] Could not create 'IOSTANDARD' constraint because net 'CSSTE_i/DISPBLOCK/U61/inst/AN[2]' is not directly connected to top level port. 'IOSTANDARD' is ignored by Vivado but preserved for implementation tool. [F:/Desk/OExp02-IP2SOC/OExp02-IP2SOC.runs/impl_1/.Xil/Vivado-14528-LAPTOP-0HOK14LD/dcp2/CSSTE_wrapper.edf:26206]
WARNING: [Constraints 18-550] Could not create 'IOSTANDARD' constraint because net 'CSSTE_i/DISPBLOCK/U61/inst/AN[3]' is not directly connected to top level port. 'IOSTANDARD' is ignored by Vivado but preserved for implementation tool. [F:/Desk/OExp02-IP2SOC/OExp02-IP2SOC.runs/impl_1/.Xil/Vivado-14528-LAPTOP-0HOK14LD/dcp2/CSSTE_wrapper.edf:26214]
WARNING: [Constraints 18-550] Could not create 'IOSTANDARD' constraint because net 'CSSTE_i/DISPBLOCK/U61/inst/SEGMENT[0]' is not directly connected to top level port. 'IOSTANDARD' is ignored by Vivado but preserved for implementation tool. [F:/Desk/OExp02-IP2SOC/OExp02-IP2SOC.runs/impl_1/.Xil/Vivado-14528-LAPTOP-0HOK14LD/dcp2/CSSTE_wrapper.edf:26590]
WARNING: [Constraints 18-550] Could not create 'IOSTANDARD' constraint because net 'CSSTE_i/DISPBLOCK/U61/inst/SEGMENT[1]' is not directly connected to top level port. 'IOSTANDARD' is ignored by Vivado but preserved for implementation tool. [F:/Desk/OExp02-IP2SOC/OExp02-IP2SOC.runs/impl_1/.Xil/Vivado-14528-LAPTOP-0HOK14LD/dcp2/CSSTE_wrapper.edf:26598]
WARNING: [Constraints 18-550] Could not create 'IOSTANDARD' constraint because net 'CSSTE_i/DISPBLOCK/U61/inst/SEGMENT[2]' is not directly connected to top level port. 'IOSTANDARD' is ignored by Vivado but preserved for implementation tool. [F:/Desk/OExp02-IP2SOC/OExp02-IP2SOC.runs/impl_1/.Xil/Vivado-14528-LAPTOP-0HOK14LD/dcp2/CSSTE_wrapper.edf:26606]
WARNING: [Constraints 18-550] Could not create 'IOSTANDARD' constraint because net 'CSSTE_i/DISPBLOCK/U61/inst/SEGMENT[3]' is not directly connected to top level port. 'IOSTANDARD' is ignored by Vivado but preserved for implementation tool. [F:/Desk/OExp02-IP2SOC/OExp02-IP2SOC.runs/impl_1/.Xil/Vivado-14528-LAPTOP-0HOK14LD/dcp2/CSSTE_wrapper.edf:26614]
WARNING: [Constraints 18-550] Could not create 'IOSTANDARD' constraint because net 'CSSTE_i/DISPBLOCK/U61/inst/SEGMENT[4]' is not directly connected to top level port. 'IOSTANDARD' is ignored by Vivado but preserved for implementation tool. [F:/Desk/OExp02-IP2SOC/OExp02-IP2SOC.runs/impl_1/.Xil/Vivado-14528-LAPTOP-0HOK14LD/dcp2/CSSTE_wrapper.edf:26622]
WARNING: [Constraints 18-550] Could not create 'IOSTANDARD' constraint because net 'CSSTE_i/DISPBLOCK/U61/inst/SEGMENT[5]' is not directly connected to top level port. 'IOSTANDARD' is ignored by Vivado but preserved for implementation tool. [F:/Desk/OExp02-IP2SOC/OExp02-IP2SOC.runs/impl_1/.Xil/Vivado-14528-LAPTOP-0HOK14LD/dcp2/CSSTE_wrapper.edf:26630]
WARNING: [Constraints 18-550] Could not create 'IOSTANDARD' constraint because net 'CSSTE_i/DISPBLOCK/U61/inst/SEGMENT[6]' is not directly connected to top level port. 'IOSTANDARD' is ignored by Vivado but preserved for implementation tool. [F:/Desk/OExp02-IP2SOC/OExp02-IP2SOC.runs/impl_1/.Xil/Vivado-14528-LAPTOP-0HOK14LD/dcp2/CSSTE_wrapper.edf:26638]
WARNING: [Constraints 18-550] Could not create 'IOSTANDARD' constraint because net 'CSSTE_i/DISPBLOCK/U61/inst/SEGMENT[7]' is not directly connected to top level port. 'IOSTANDARD' is ignored by Vivado but preserved for implementation tool. [F:/Desk/OExp02-IP2SOC/OExp02-IP2SOC.runs/impl_1/.Xil/Vivado-14528-LAPTOP-0HOK14LD/dcp2/CSSTE_wrapper.edf:26646]
WARNING: [Constraints 18-550] Could not create 'IOSTANDARD' constraint because net 'CSSTE_i/GPIOBLOCK/U7/inst/LEDEN' is not directly connected to top level port. 'IOSTANDARD' is ignored by Vivado but preserved for implementation tool. [F:/Desk/OExp02-IP2SOC/OExp02-IP2SOC.runs/impl_1/.Xil/Vivado-14528-LAPTOP-0HOK14LD/dcp2/CSSTE_wrapper.edf:30979]
WARNING: [Constraints 18-550] Could not create 'IOSTANDARD' constraint because net 'CSSTE_i/GPIOBLOCK/U71/inst/LED[0]' is not directly connected to top level port. 'IOSTANDARD' is ignored by Vivado but preserved for implementation tool. [F:/Desk/OExp02-IP2SOC/OExp02-IP2SOC.runs/impl_1/.Xil/Vivado-14528-LAPTOP-0HOK14LD/dcp2/CSSTE_wrapper.edf:32670]
WARNING: [Constraints 18-550] Could not create 'IOSTANDARD' constraint because net 'CSSTE_i/GPIOBLOCK/U71/inst/LED[1]' is not directly connected to top level port. 'IOSTANDARD' is ignored by Vivado but preserved for implementation tool. [F:/Desk/OExp02-IP2SOC/OExp02-IP2SOC.runs/impl_1/.Xil/Vivado-14528-LAPTOP-0HOK14LD/dcp2/CSSTE_wrapper.edf:32678]
WARNING: [Constraints 18-550] Could not create 'IOSTANDARD' constraint because net 'CSSTE_i/GPIOBLOCK/U71/inst/LED[2]' is not directly connected to top level port. 'IOSTANDARD' is ignored by Vivado but preserved for implementation tool. [F:/Desk/OExp02-IP2SOC/OExp02-IP2SOC.runs/impl_1/.Xil/Vivado-14528-LAPTOP-0HOK14LD/dcp2/CSSTE_wrapper.edf:32686]
WARNING: [Constraints 18-550] Could not create 'IOSTANDARD' constraint because net 'CSSTE_i/GPIOBLOCK/U71/inst/LED[3]' is not directly connected to top level port. 'IOSTANDARD' is ignored by Vivado but preserved for implementation tool. [F:/Desk/OExp02-IP2SOC/OExp02-IP2SOC.runs/impl_1/.Xil/Vivado-14528-LAPTOP-0HOK14LD/dcp2/CSSTE_wrapper.edf:32694]
WARNING: [Constraints 18-550] Could not create 'IOSTANDARD' constraint because net 'CSSTE_i/GPIOBLOCK/U71/inst/LED[4]' is not directly connected to top level port. 'IOSTANDARD' is ignored by Vivado but preserved for implementation tool. [F:/Desk/OExp02-IP2SOC/OExp02-IP2SOC.runs/impl_1/.Xil/Vivado-14528-LAPTOP-0HOK14LD/dcp2/CSSTE_wrapper.edf:32702]
WARNING: [Constraints 18-550] Could not create 'IOSTANDARD' constraint because net 'CSSTE_i/GPIOBLOCK/U71/inst/LED[5]' is not directly connected to top level port. 'IOSTANDARD' is ignored by Vivado but preserved for implementation tool. [F:/Desk/OExp02-IP2SOC/OExp02-IP2SOC.runs/impl_1/.Xil/Vivado-14528-LAPTOP-0HOK14LD/dcp2/CSSTE_wrapper.edf:32710]
WARNING: [Constraints 18-550] Could not create 'IOSTANDARD' constraint because net 'CSSTE_i/GPIOBLOCK/U71/inst/LED[6]' is not directly connected to top level port. 'IOSTANDARD' is ignored by Vivado but preserved for implementation tool. [F:/Desk/OExp02-IP2SOC/OExp02-IP2SOC.runs/impl_1/.Xil/Vivado-14528-LAPTOP-0HOK14LD/dcp2/CSSTE_wrapper.edf:32718]
WARNING: [Constraints 18-550] Could not create 'IOSTANDARD' constraint because net 'CSSTE_i/GPIOBLOCK/U71/inst/LED[7]' is not directly connected to top level port. 'IOSTANDARD' is ignored by Vivado but preserved for implementation tool. [F:/Desk/OExp02-IP2SOC/OExp02-IP2SOC.runs/impl_1/.Xil/Vivado-14528-LAPTOP-0HOK14LD/dcp2/CSSTE_wrapper.edf:32726]
Parsing XDC File [F:/Desk/OExp02-IP2SOC/.Xil/Vivado-23136-LAPTOP-0HOK14LD/dcp0/CSSTE_wrapper.xdc]
Finished Parsing XDC File [F:/Desk/OExp02-IP2SOC/.Xil/Vivado-23136-LAPTOP-0HOK14LD/dcp0/CSSTE_wrapper.xdc]
Reading XDEF placement.
Reading placer database...
Reading XDEF routing.
Read XDEF File: Time (s): cpu = 00:00:01 ; elapsed = 00:00:00.599 . Memory (MB): peak = 2101.945 ; gain = 6.289
Restored from archive | CPU: 1.000000 secs | Memory: 0.000000 MB |
Finished XDEF File Restore: Time (s): cpu = 00:00:01 ; elapsed = 00:00:00.599 . Memory (MB): peak = 2101.945 ; gain = 6.289
INFO: [Project 1-111] Unisim Transformation Summary:
  A total of 18 instances were transformed.
  RAM32M => RAM32M (RAMD32, RAMD32, RAMD32, RAMD32, RAMD32, RAMD32, RAMS32, RAMS32): 6 instances
  RAM64M => RAM64M (inverted pins: WCLK) (RAMD64E, RAMD64E, RAMD64E, RAMD64E): 10 instances
  RAM64X1D => RAM64X1D (inverted pins: WCLK) (RAMD64E, RAMD64E): 2 instances

open_run: Time (s): cpu = 00:00:28 ; elapsed = 00:00:20 . Memory (MB): peak = 2246.234 ; gain = 279.273
WARNING: [Timing 38-313] There are no user specified timing constraints. Timing constraints are needed for proper timing analysis.
open_hw
connect_hw_server
INFO: [Labtools 27-2285] Connecting to hw_server url TCP:localhost:3121
INFO: [Labtools 27-2222] Launching hw_server...
INFO: [Labtools 27-2221] Launch Output:

****** Xilinx hw_server v2017.4
  **** Build date : Dec 15 2017-21:08:27
    ** Copyright 1986-2017 Xilinx, Inc. All Rights Reserved.


open_hw_target
INFO: [Labtoolstcl 44-466] Opening hw_target localhost:3121/xilinx_tcf/Digilent/201706300081
set_property PROGRAM.FILE {F:/Desk/OExp02-IP2SOC/OExp02-IP2SOC.runs/impl_1/CSSTE_wrapper.bit} [get_hw_devices xc7k160t_0]
current_hw_device [get_hw_devices xc7k160t_0]
refresh_hw_device -update_hw_probes false [lindex [get_hw_devices xc7k160t_0] 0]
INFO: [Labtools 27-1434] Device xc7k160t (JTAG device index = 0) is programmed with a design that has no supported debug core(s) in it.
WARNING: [Labtools 27-3361] The debug hub core was not detected.
Resolution: 
1. Make sure the clock connected to the debug hub (dbg_hub) core is a free running clock and is active.
2. Make sure the BSCAN_SWITCH_USER_MASK device property in Vivado Hardware Manager reflects the user scan chain setting in the design and refresh the device.  To determine the user scan chain setting in the design, open the implemented design and use 'get_property C_USER_SCAN_CHAIN [get_debug_cores dbg_hub]'.
For more details on setting the scan chain property, consult the Vivado Debug and Programming User Guide (UG908).
set_property PROBES.FILE {} [get_hw_devices xc7k160t_0]
set_property FULL_PROBES.FILE {} [get_hw_devices xc7k160t_0]
set_property PROGRAM.FILE {F:/Desk/OExp02-IP2SOC/OExp02-IP2SOC.runs/impl_1/CSSTE_wrapper.bit} [get_hw_devices xc7k160t_0]
program_hw_devices [get_hw_devices xc7k160t_0]
INFO: [Labtools 27-3164] End of startup status: HIGH
program_hw_devices: Time (s): cpu = 00:00:06 ; elapsed = 00:00:06 . Memory (MB): peak = 2700.496 ; gain = 0.000
refresh_hw_device [lindex [get_hw_devices xc7k160t_0] 0]
INFO: [Labtools 27-1434] Device xc7k160t (JTAG device index = 0) is programmed with a design that has no supported debug core(s) in it.
WARNING: [Labtools 27-3361] The debug hub core was not detected.
Resolution: 
1. Make sure the clock connected to the debug hub (dbg_hub) core is a free running clock and is active.
2. Make sure the BSCAN_SWITCH_USER_MASK device property in Vivado Hardware Manager reflects the user scan chain setting in the design and refresh the device.  To determine the user scan chain setting in the design, open the implemented design and use 'get_property C_USER_SCAN_CHAIN [get_debug_cores dbg_hub]'.
For more details on setting the scan chain property, consult the Vivado Debug and Programming User Guide (UG908).
set_property PROBES.FILE {} [get_hw_devices xc7k160t_0]
set_property FULL_PROBES.FILE {} [get_hw_devices xc7k160t_0]
set_property PROGRAM.FILE {F:/Desk/OExp02-IP2SOC/OExp02-IP2SOC.runs/impl_1/CSSTE_wrapper.bit} [get_hw_devices xc7k160t_0]
program_hw_devices [get_hw_devices xc7k160t_0]
INFO: [Labtools 27-3164] End of startup status: HIGH
program_hw_devices: Time (s): cpu = 00:00:05 ; elapsed = 00:00:06 . Memory (MB): peak = 2700.496 ; gain = 0.000
refresh_hw_device [lindex [get_hw_devices xc7k160t_0] 0]
INFO: [Labtools 27-1434] Device xc7k160t (JTAG device index = 0) is programmed with a design that has no supported debug core(s) in it.
WARNING: [Labtools 27-3361] The debug hub core was not detected.
Resolution: 
1. Make sure the clock connected to the debug hub (dbg_hub) core is a free running clock and is active.
2. Make sure the BSCAN_SWITCH_USER_MASK device property in Vivado Hardware Manager reflects the user scan chain setting in the design and refresh the device.  To determine the user scan chain setting in the design, open the implemented design and use 'get_property C_USER_SCAN_CHAIN [get_debug_cores dbg_hub]'.
For more details on setting the scan chain property, consult the Vivado Debug and Programming User Guide (UG908).
ERROR: [Labtoolstcl 44-513] HW Target shutdown. Closing target: localhost:3121/xilinx_tcf/Digilent/201706300081
