#-----------------------------------------------------------
# Vivado v2017.4 (64-bit)
# SW Build 2086221 on Fri Dec 15 20:55:39 MST 2017
# IP Build 2085800 on Fri Dec 15 22:25:07 MST 2017
# Start of session at: Wed May 26 14:12:07 2021
# Process ID: 4852
# Current directory: F:/Desk/exp8
# Command line: vivado.exe -gui_launcher_event rodinguilauncherevent8300 F:\Desk\exp8\OExp05_CPU.xpr
# Log file: F:/Desk/exp8/vivado.log
# Journal file: F:/Desk/exp8\vivado.jou
#-----------------------------------------------------------
start_gui
open_project F:/Desk/exp8/OExp05_CPU.xpr
Scanning sources...
Finished scanning sources
INFO: [IP_Flow 19-234] Refreshing IP repositories
INFO: [IP_Flow 19-1704] No user IP repositories specified
INFO: [IP_Flow 19-2313] Loaded Vivado IP repository 'F:/Xlinx/Vivado/2017.4/data/ip'.
open_project: Time (s): cpu = 00:00:23 ; elapsed = 00:00:10 . Memory (MB): peak = 877.379 ; gain = 127.039
update_compile_order -fileset sources_1
set_property -dict [list CONFIG.coefficient_file {F:/Desk/exp8/coe/ArmInt.coe}] [get_ips ROM]
INFO: [IP_Flow 19-3484] Absolute path of file 'f:/Desk/exp8/coe/ArmInt.coe' provided. It will be converted relative to IP Instance files '../../../../coe/ArmInt.coe'
generate_target all [get_files  F:/Desk/exp8/OExp05_CPU.srcs/sources_1/ip/ROM/ROM.xci]
INFO: [IP_Flow 19-1686] Generating 'Instantiation Template' target for IP 'ROM'...
INFO: [IP_Flow 19-1686] Generating 'Synthesis' target for IP 'ROM'...
INFO: [IP_Flow 19-1686] Generating 'Simulation' target for IP 'ROM'...
INFO: [IP_Flow 19-1686] Generating 'Change Log' target for IP 'ROM'...
export_ip_user_files -of_objects [get_files F:/Desk/exp8/OExp05_CPU.srcs/sources_1/ip/ROM/ROM.xci] -no_script -sync -force -quiet
export_simulation -of_objects [get_files F:/Desk/exp8/OExp05_CPU.srcs/sources_1/ip/ROM/ROM.xci] -directory F:/Desk/exp8/OExp05_CPU.ip_user_files/sim_scripts -ip_user_files_dir F:/Desk/exp8/OExp05_CPU.ip_user_files -ipstatic_source_dir F:/Desk/exp8/OExp05_CPU.ip_user_files/ipstatic -lib_map_path [list {modelsim=F:/Desk/exp8/OExp05_CPU.cache/compile_simlib/modelsim} {questa=F:/Desk/exp8/OExp05_CPU.cache/compile_simlib/questa} {riviera=F:/Desk/exp8/OExp05_CPU.cache/compile_simlib/riviera} {activehdl=F:/Desk/exp8/OExp05_CPU.cache/compile_simlib/activehdl}] -use_ip_compiled_libs -force -quiet
reset_run synth_1
launch_runs impl_1 -jobs 16
[Wed May 26 14:44:43 2021] Launched synth_1...
Run output will be captured here: F:/Desk/exp8/OExp05_CPU.runs/synth_1/runme.log
[Wed May 26 14:44:43 2021] Launched impl_1...
Run output will be captured here: F:/Desk/exp8/OExp05_CPU.runs/impl_1/runme.log
launch_runs impl_1 -to_step write_bitstream -jobs 16
[Wed May 26 14:54:21 2021] Launched impl_1...
Run output will be captured here: F:/Desk/exp8/OExp05_CPU.runs/impl_1/runme.log
open_hw
exit
INFO: [Common 17-206] Exiting Vivado at Wed May 26 14:56:48 2021...
