#-----------------------------------------------------------
# Vivado v2017.4 (64-bit)
# SW Build 2086221 on Fri Dec 15 20:55:39 MST 2017
# IP Build 2085800 on Fri Dec 15 22:25:07 MST 2017
# Start of session at: Sun Apr 11 10:17:29 2021
# Process ID: 26324
# Current directory: F:/Desk/Success Vivado/ALU_5359
# Command line: vivado.exe -gui_launcher_event rodinguilauncherevent8212 F:\Desk\Success Vivado\ALU_5359\ALU_5359.xpr
# Log file: F:/Desk/Success Vivado/ALU_5359/vivado.log
# Journal file: F:/Desk/Success Vivado/ALU_5359\vivado.jou
#-----------------------------------------------------------
start_gui
open_project {F:/Desk/Success Vivado/ALU_5359/ALU_5359.xpr}
Scanning sources...
Finished scanning sources
INFO: [IP_Flow 19-234] Refreshing IP repositories
INFO: [IP_Flow 19-1704] No user IP repositories specified
INFO: [IP_Flow 19-2313] Loaded Vivado IP repository 'F:/Xlinx/Vivado/2017.4/data/ip'.
open_project: Time (s): cpu = 00:00:11 ; elapsed = 00:00:05 . Memory (MB): peak = 848.602 ; gain = 68.250
update_compile_order -fileset sources_1
ipx::package_project -root_dir {f:/desk/success vivado/alu_5359/alu_5359.srcs} -vendor xilinx.com -library user -taxonomy /UserIP
WARNING: [IP_Flow 19-3833] Unreferenced file from the top module is not packaged: 'F:/Desk/Success Vivado/ALU_5359/ALU_5359.srcs/sources_1/imports/ALU_5359/and32/and32.srcs/sources_1/imports/new/and32.v'.
set_property core_revision 2 [ipx::current_core]
ipx::create_xgui_files [ipx::current_core]
ipx::update_checksums [ipx::current_core]
ipx::save_core [ipx::current_core]
set_property  ip_repo_paths  {{f:/desk/success vivado/alu_5359/alu_5359.srcs}} [current_project]
update_ip_catalog
INFO: [IP_Flow 19-234] Refreshing IP repositories
INFO: [IP_Flow 19-1700] Loaded user IP repository 'f:/desk/success vivado/alu_5359/alu_5359.srcs'.
exit
INFO: [Common 17-206] Exiting Vivado at Sun Apr 11 10:31:07 2021...
