#-----------------------------------------------------------
# Vivado v2017.4 (64-bit)
# SW Build 2086221 on Fri Dec 15 20:55:39 MST 2017
# IP Build 2085800 on Fri Dec 15 22:25:07 MST 2017
# Start of session at: Wed Mar 10 23:04:03 2021
# Process ID: 15800
# Current directory: F:/Desk/Regfile
# Command line: vivado.exe -gui_launcher_event rodinguilauncherevent2956 F:\Desk\Regfile\Regfile.xpr
# Log file: F:/Desk/Regfile/vivado.log
# Journal file: F:/Desk/Regfile\vivado.jou
#-----------------------------------------------------------
start_gui
open_project F:/Desk/Regfile/Regfile.xpr
Scanning sources...
Finished scanning sources
INFO: [IP_Flow 19-234] Refreshing IP repositories
INFO: [IP_Flow 19-1704] No user IP repositories specified
INFO: [IP_Flow 19-2313] Loaded Vivado IP repository 'F:/Xlinx/Vivado/2017.4/data/ip'.
open_project: Time (s): cpu = 00:00:11 ; elapsed = 00:00:05 . Memory (MB): peak = 841.922 ; gain = 83.184
update_compile_order -fileset sources_1
ipx::package_project -root_dir f:/desk/regfile/regfile.srcs -vendor xilinx.com -library user -taxonomy /UserIP
INFO: [IP_Flow 19-4753] Inferred signal 'reset' from port 'rst' as interface 'rst'.
INFO: [IP_Flow 19-4753] Inferred signal 'clock' from port 'clk' as interface 'clk'.
INFO: [IP_Flow 19-4728] Bus Interface 'clk': Added interface parameter 'ASSOCIATED_RESET' with value 'rst'.
ipx::add_bus_parameter ASSOCIATED_BUSIF [ipx::get_bus_interfaces clk -of_objects [ipx::current_core]]
set_property value clk [ipx::get_bus_parameters ASSOCIATED_BUSIF -of_objects [ipx::get_bus_interfaces clk -of_objects [ipx::current_core]]]
ipx::add_bus_parameter POLARITY [ipx::get_bus_interfaces rst -of_objects [ipx::current_core]]
set_property value ACTIVE_HIGH [ipx::get_bus_parameters POLARITY -of_objects [ipx::get_bus_interfaces rst -of_objects [ipx::current_core]]]
set_property core_revision 2 [ipx::current_core]
ipx::create_xgui_files [ipx::current_core]
ipx::update_checksums [ipx::current_core]
ipx::save_core [ipx::current_core]
set_property  ip_repo_paths  f:/desk/regfile/regfile.srcs [current_project]
update_ip_catalog
INFO: [IP_Flow 19-234] Refreshing IP repositories
INFO: [IP_Flow 19-1700] Loaded user IP repository 'f:/desk/regfile/regfile.srcs'.
exit
INFO: [Common 17-206] Exiting Vivado at Wed Mar 10 23:26:57 2021...
