#-----------------------------------------------------------
# Vivado v2017.4 (64-bit)
# SW Build 2086221 on Fri Dec 15 20:55:39 MST 2017
# IP Build 2085800 on Fri Dec 15 22:25:07 MST 2017
# Start of session at: Tue Jun 22 10:46:53 2021
# Process ID: 36216
# Current directory: F:/Desk/MyCollege/大二下/计算机组成/Success Vivado/OExp04_HDL
# Command line: vivado.exe -gui_launcher_event rodinguilauncherevent39068 F:\Desk\MyCollege\大二下\计算机组成\Success Vivado\OExp04_HDL\OExp04_HDL.xpr
# Log file: F:/Desk/MyCollege/大二下/计算机组成/Success Vivado/OExp04_HDL/vivado.log
# Journal file: F:/Desk/MyCollege/大二下/计算机组成/Success Vivado/OExp04_HDL\vivado.jou
#-----------------------------------------------------------
start_gui
open_project {F:/Desk/MyCollege/大二下/计算机组成/Success Vivado/OExp04_HDL/OExp04_HDL.xpr}
INFO: [Project 1-313] Project file moved from 'F:/Desk/Success Vivado/OExp04_HDL' since last save.
Scanning sources...
Finished scanning sources
INFO: [IP_Flow 19-234] Refreshing IP repositories
INFO: [IP_Flow 19-1704] No user IP repositories specified
INFO: [IP_Flow 19-2313] Loaded Vivado IP repository 'F:/Xlinx/Vivado/2017.4/data/ip'.
open_project: Time (s): cpu = 00:00:20 ; elapsed = 00:00:09 . Memory (MB): peak = 912.230 ; gain = 165.512
update_compile_order -fileset sources_1
reset_run synth_1
launch_runs impl_1 -to_step write_bitstream -jobs 16
[Tue Jun 22 10:47:46 2021] Launched synth_1...
Run output will be captured here: F:/Desk/MyCollege/大二下/计算机组成/Success Vivado/OExp04_HDL/OExp04_HDL.runs/synth_1/runme.log
[Tue Jun 22 10:47:46 2021] Launched impl_1...
Run output will be captured here: F:/Desk/MyCollege/大二下/计算机组成/Success Vivado/OExp04_HDL/OExp04_HDL.runs/impl_1/runme.log
exit
INFO: [Common 17-206] Exiting Vivado at Tue Jun 22 10:58:39 2021...
