#-----------------------------------------------------------
# Vivado v2017.4 (64-bit)
# SW Build 2086221 on Fri Dec 15 20:55:39 MST 2017
# IP Build 2085800 on Fri Dec 15 22:25:07 MST 2017
# Start of session at: Sun Apr 11 09:59:49 2021
# Process ID: 4544
# Current directory: F:/Desk/Success Vivado/OExp04_HDL
# Command line: vivado.exe -gui_launcher_event rodinguilauncherevent29684 F:\Desk\Success Vivado\OExp04_HDL\OExp04_HDL.xpr
# Log file: F:/Desk/Success Vivado/OExp04_HDL/vivado.log
# Journal file: F:/Desk/Success Vivado/OExp04_HDL\vivado.jou
#-----------------------------------------------------------
start_gui
open_project {F:/Desk/Success Vivado/OExp04_HDL/OExp04_HDL.xpr}
INFO: [Project 1-313] Project file moved from 'F:/Desk/OExp04_HDL' since last save.
Scanning sources...
Finished scanning sources
INFO: [IP_Flow 19-234] Refreshing IP repositories
INFO: [IP_Flow 19-1704] No user IP repositories specified
INFO: [IP_Flow 19-2313] Loaded Vivado IP repository 'F:/Xlinx/Vivado/2017.4/data/ip'.
open_project: Time (s): cpu = 00:00:16 ; elapsed = 00:00:07 . Memory (MB): peak = 892.984 ; gain = 126.184
update_compile_order -fileset sources_1
close_project
create_project OExp05_CPU F:/Desk/OExp05_CPU -part xc7k160tffg676-2L
INFO: [IP_Flow 19-234] Refreshing IP repositories
INFO: [IP_Flow 19-1704] No user IP repositories specified
INFO: [IP_Flow 19-2313] Loaded Vivado IP repository 'F:/Xlinx/Vivado/2017.4/data/ip'.
file mkdir F:/Desk/OExp05_CPU/OExp05_CPU.srcs/sources_1/new
close [ open F:/Desk/OExp05_CPU/OExp05_CPU.srcs/sources_1/new/OEXp05_CPU.v w ]
add_files F:/Desk/OExp05_CPU/OExp05_CPU.srcs/sources_1/new/OEXp05_CPU.v
update_compile_order -fileset sources_1
launch_runs synth_1 -jobs 16
[Sun Apr 11 10:15:53 2021] Launched synth_1...
Run output will be captured here: F:/Desk/OExp05_CPU/OExp05_CPU.runs/synth_1/runme.log
reset_run synth_1
exit
INFO: [Common 17-206] Exiting Vivado at Sun Apr 11 10:16:11 2021...
