#-----------------------------------------------------------
# Vivado v2017.4 (64-bit)
# SW Build 2086221 on Fri Dec 15 20:55:39 MST 2017
# IP Build 2085800 on Fri Dec 15 22:25:07 MST 2017
# Start of session at: Wed Jun  2 14:30:27 2021
# Process ID: 10400
# Current directory: F:/Desk/EXP010
# Command line: vivado.exe -gui_launcher_event rodinguilauncherevent7448 F:\Desk\EXP010\OExp05_CPU.xpr
# Log file: F:/Desk/EXP010/vivado.log
# Journal file: F:/Desk/EXP010\vivado.jou
#-----------------------------------------------------------
start_gui
open_project F:/Desk/EXP010/OExp05_CPU.xpr
Scanning sources...
Finished scanning sources
INFO: [IP_Flow 19-234] Refreshing IP repositories
INFO: [IP_Flow 19-1704] No user IP repositories specified
INFO: [IP_Flow 19-2313] Loaded Vivado IP repository 'F:/Xlinx/Vivado/2017.4/data/ip'.
open_project: Time (s): cpu = 00:00:17 ; elapsed = 00:00:08 . Memory (MB): peak = 861.094 ; gain = 104.344
update_compile_order -fileset sources_1
reset_run synth_1
launch_runs impl_1 -jobs 16
[Wed Jun  2 14:42:40 2021] Launched synth_1...
Run output will be captured here: F:/Desk/EXP010/OExp05_CPU.runs/synth_1/runme.log
[Wed Jun  2 14:42:40 2021] Launched impl_1...
Run output will be captured here: F:/Desk/EXP010/OExp05_CPU.runs/impl_1/runme.log
launch_runs impl_1 -to_step write_bitstream -jobs 16
[Wed Jun  2 14:50:59 2021] Launched impl_1...
Run output will be captured here: F:/Desk/EXP010/OExp05_CPU.runs/impl_1/runme.log
open_hw
exit
INFO: [Common 17-206] Exiting Vivado at Wed Jun  2 14:56:52 2021...
