#-----------------------------------------------------------
# Vivado v2017.4 (64-bit)
# SW Build 2086221 on Fri Dec 15 20:55:39 MST 2017
# IP Build 2085800 on Fri Dec 15 22:25:07 MST 2017
# Start of session at: Wed Jun  2 13:56:38 2021
# Process ID: 3320
# Current directory: F:/Desk/EXP010
# Command line: vivado.exe -gui_launcher_event rodinguilauncherevent4032 F:\Desk\EXP010\OExp05_CPU.xpr
# Log file: F:/Desk/EXP010/vivado.log
# Journal file: F:/Desk/EXP010\vivado.jou
#-----------------------------------------------------------
start_gui
open_project F:/Desk/EXP010/OExp05_CPU.xpr
Scanning sources...
Finished scanning sources
INFO: [IP_Flow 19-234] Refreshing IP repositories
INFO: [IP_Flow 19-1704] No user IP repositories specified
INFO: [IP_Flow 19-2313] Loaded Vivado IP repository 'F:/Xlinx/Vivado/2017.4/data/ip'.
open_project: Time (s): cpu = 00:00:18 ; elapsed = 00:00:08 . Memory (MB): peak = 869.711 ; gain = 112.508
update_compile_order -fileset sources_1
exit
INFO: [Common 17-206] Exiting Vivado at Wed Jun  2 13:57:39 2021...
