#-----------------------------------------------------------
# Vivado v2017.4 (64-bit)
# SW Build 2086221 on Fri Dec 15 20:55:39 MST 2017
# IP Build 2085800 on Fri Dec 15 22:25:07 MST 2017
# Start of session at: Fri Mar  5 23:15:03 2021
# Process ID: 13280
# Current directory: F:/Desk/OExp00/OExp00-Element
# Command line: vivado.exe -gui_launcher_event rodinguilauncherevent17164 F:\Desk\OExp00\OExp00-Element\OExp00-Element.xpr
# Log file: F:/Desk/OExp00/OExp00-Element/vivado.log
# Journal file: F:/Desk/OExp00/OExp00-Element\vivado.jou
#-----------------------------------------------------------
start_gui
open_project F:/Desk/OExp00/OExp00-Element/OExp00-Element.xpr
INFO: [Project 1-313] Project file moved from 'C:/Users/ASUS/Desktop/OExp00-Element' since last save.
Scanning sources...
Finished scanning sources
INFO: [IP_Flow 19-234] Refreshing IP repositories
INFO: [IP_Flow 19-1700] Loaded user IP repository 'f:/Desk/OExp00/OExp00-Element/IP'.
INFO: [IP_Flow 19-2313] Loaded Vivado IP repository 'F:/Xlinx/Vivado/2017.4/data/ip'.
open_project: Time (s): cpu = 00:00:12 ; elapsed = 00:00:06 . Memory (MB): peak = 875.758 ; gain = 86.262
update_compile_order -fileset sources_1
