#-----------------------------------------------------------
# Vivado v2017.4 (64-bit)
# SW Build 2086221 on Fri Dec 15 20:55:39 MST 2017
# IP Build 2085800 on Fri Dec 15 22:25:07 MST 2017
# Start of session at: Tue May 25 22:07:48 2021
# Process ID: 1260
# Current directory: F:/Desk/exp8
# Command line: vivado.exe -gui_launcher_event rodinguilauncherevent3880 F:\Desk\exp8\OExp05_CPU.xpr
# Log file: F:/Desk/exp8/vivado.log
# Journal file: F:/Desk/exp8\vivado.jou
#-----------------------------------------------------------
start_gui
open_project F:/Desk/exp8/OExp05_CPU.xpr
INFO: [Project 1-313] Project file moved from 'F:/Desk/exp7' since last save.
Scanning sources...
Finished scanning sources
INFO: [IP_Flow 19-234] Refreshing IP repositories
INFO: [IP_Flow 19-1704] No user IP repositories specified
INFO: [IP_Flow 19-2313] Loaded Vivado IP repository 'F:/Xlinx/Vivado/2017.4/data/ip'.
update_compile_order -fileset sources_1
close [ open F:/Desk/exp8/OExp05_CPU.srcs/sources_1/new/ARM_INT.v w ]
add_files F:/Desk/exp8/OExp05_CPU.srcs/sources_1/new/ARM_INT.v
update_compile_order -fileset sources_1
update_compile_order -fileset sources_1
exit
INFO: [Common 17-206] Exiting Vivado at Wed May 26 02:03:29 2021...
