#-----------------------------------------------------------
# Vivado v2017.4 (64-bit)
# SW Build 2086221 on Fri Dec 15 20:55:39 MST 2017
# IP Build 2085800 on Fri Dec 15 22:25:07 MST 2017
# Start of session at: Sun Mar 28 10:44:57 2021
# Process ID: 25260
# Current directory: F:/Desk/float
# Command line: vivado.exe -gui_launcher_event rodinguilauncherevent15172 F:\Desk\float\float.xpr
# Log file: F:/Desk/float/vivado.log
# Journal file: F:/Desk/float\vivado.jou
#-----------------------------------------------------------
start_gui
open_project F:/Desk/float/float.xpr
Scanning sources...
Finished scanning sources
INFO: [IP_Flow 19-234] Refreshing IP repositories
INFO: [IP_Flow 19-1704] No user IP repositories specified
INFO: [IP_Flow 19-2313] Loaded Vivado IP repository 'F:/Xlinx/Vivado/2017.4/data/ip'.
open_project: Time (s): cpu = 00:00:11 ; elapsed = 00:00:05 . Memory (MB): peak = 879.125 ; gain = 124.023
file mkdir F:/Desk/float/float.srcs/sources_1/new
close [ open F:/Desk/float/float.srcs/sources_1/new/float8.v w ]
add_files F:/Desk/float/float.srcs/sources_1/new/float8.v
update_compile_order -fileset sources_1
exit
INFO: [Common 17-206] Exiting Vivado at Mon Mar 29 00:01:18 2021...
