#-----------------------------------------------------------
# Vivado v2017.4 (64-bit)
# SW Build 2086221 on Fri Dec 15 20:55:39 MST 2017
# IP Build 2085800 on Fri Dec 15 22:25:07 MST 2017
# Start of session at: Tue Jun  1 16:07:37 2021
# Process ID: 7172
# Current directory: F:/Desk/EXP09
# Command line: vivado.exe -gui_launcher_event rodinguilauncherevent11512 F:\Desk\EXP09\OExp05_CPU.xpr
# Log file: F:/Desk/EXP09/vivado.log
# Journal file: F:/Desk/EXP09\vivado.jou
#-----------------------------------------------------------
start_gui
open_project F:/Desk/EXP09/OExp05_CPU.xpr
Scanning sources...
Finished scanning sources
INFO: [IP_Flow 19-234] Refreshing IP repositories
INFO: [IP_Flow 19-1704] No user IP repositories specified
INFO: [IP_Flow 19-2313] Loaded Vivado IP repository 'F:/Xlinx/Vivado/2017.4/data/ip'.
open_project: Time (s): cpu = 00:00:16 ; elapsed = 00:00:07 . Memory (MB): peak = 867.199 ; gain = 117.215
update_compile_order -fileset sources_1
open_hw
connect_hw_server
INFO: [Labtools 27-2285] Connecting to hw_server url TCP:localhost:3121
INFO: [Labtools 27-2222] Launching hw_server...
INFO: [Labtools 27-2221] Launch Output:

****** Xilinx hw_server v2017.4
  **** Build date : Dec 15 2017-21:08:27
    ** Copyright 1986-2017 Xilinx, Inc. All Rights Reserved.


open_hw_target
INFO: [Labtoolstcl 44-466] Opening hw_target localhost:3121/xilinx_tcf/Digilent/201706300081
set_property PROGRAM.FILE {F:/Desk/EXP09/OExp05_CPU.runs/impl_1/OEXp05_CPU.bit} [get_hw_devices xc7k160t_0]
current_hw_device [get_hw_devices xc7k160t_0]
refresh_hw_device -update_hw_probes false [lindex [get_hw_devices xc7k160t_0] 0]
INFO: [Labtools 27-1434] Device xc7k160t (JTAG device index = 0) is programmed with a design that has no supported debug core(s) in it.
WARNING: [Labtools 27-3361] The debug hub core was not detected.
Resolution: 
1. Make sure the clock connected to the debug hub (dbg_hub) core is a free running clock and is active.
2. Make sure the BSCAN_SWITCH_USER_MASK device property in Vivado Hardware Manager reflects the user scan chain setting in the design and refresh the device.  To determine the user scan chain setting in the design, open the implemented design and use 'get_property C_USER_SCAN_CHAIN [get_debug_cores dbg_hub]'.
For more details on setting the scan chain property, consult the Vivado Debug and Programming User Guide (UG908).
set_property PROBES.FILE {} [get_hw_devices xc7k160t_0]
set_property FULL_PROBES.FILE {} [get_hw_devices xc7k160t_0]
set_property PROGRAM.FILE {F:/Desk/EXP09/OExp05_CPU.runs/impl_1/OEXp05_CPU.bit} [get_hw_devices xc7k160t_0]
program_hw_devices [get_hw_devices xc7k160t_0]
INFO: [Labtools 27-3164] End of startup status: HIGH
program_hw_devices: Time (s): cpu = 00:00:06 ; elapsed = 00:00:06 . Memory (MB): peak = 1513.664 ; gain = 1.281
refresh_hw_device [lindex [get_hw_devices xc7k160t_0] 0]
INFO: [Labtools 27-1434] Device xc7k160t (JTAG device index = 0) is programmed with a design that has no supported debug core(s) in it.
WARNING: [Labtools 27-3361] The debug hub core was not detected.
Resolution: 
1. Make sure the clock connected to the debug hub (dbg_hub) core is a free running clock and is active.
2. Make sure the BSCAN_SWITCH_USER_MASK device property in Vivado Hardware Manager reflects the user scan chain setting in the design and refresh the device.  To determine the user scan chain setting in the design, open the implemented design and use 'get_property C_USER_SCAN_CHAIN [get_debug_cores dbg_hub]'.
For more details on setting the scan chain property, consult the Vivado Debug and Programming User Guide (UG908).
ERROR: [Labtoolstcl 44-513] HW Target shutdown. Closing target: localhost:3121/xilinx_tcf/Digilent/201706300081
disconnect_hw_server localhost:3121
connect_hw_server
INFO: [Labtools 27-2285] Connecting to hw_server url TCP:localhost:3121
ERROR: [Labtoolstcl 44-494] There is no active target available for server at localhost.
 Targets(s) ", jsn-JTAG-HS2-201706300081" may be locked by another hw_server.
close_hw
update_compile_order -fileset sources_1
update_compile_order -fileset sources_1
reset_run synth_1
launch_runs impl_1 -jobs 16
[Tue Jun  1 16:20:23 2021] Launched synth_1...
Run output will be captured here: F:/Desk/EXP09/OExp05_CPU.runs/synth_1/runme.log
[Tue Jun  1 16:20:23 2021] Launched impl_1...
Run output will be captured here: F:/Desk/EXP09/OExp05_CPU.runs/impl_1/runme.log
launch_runs impl_1 -to_step write_bitstream -jobs 16
[Tue Jun  1 16:26:46 2021] Launched impl_1...
Run output will be captured here: F:/Desk/EXP09/OExp05_CPU.runs/impl_1/runme.log
open_hw
connect_hw_server
INFO: [Labtools 27-2285] Connecting to hw_server url TCP:localhost:3121
INFO: [Labtools 27-2222] Launching hw_server...
INFO: [Labtools 27-2221] Launch Output:

****** Xilinx hw_server v2017.4
  **** Build date : Dec 15 2017-21:08:27
    ** Copyright 1986-2017 Xilinx, Inc. All Rights Reserved.


open_hw_target
INFO: [Labtoolstcl 44-466] Opening hw_target localhost:3121/xilinx_tcf/Digilent/201706300081
set_property PROGRAM.FILE {F:/Desk/EXP09/OExp05_CPU.runs/impl_1/OEXp05_CPU.bit} [get_hw_devices xc7k160t_0]
current_hw_device [get_hw_devices xc7k160t_0]
refresh_hw_device -update_hw_probes false [lindex [get_hw_devices xc7k160t_0] 0]
INFO: [Labtools 27-1434] Device xc7k160t (JTAG device index = 0) is programmed with a design that has no supported debug core(s) in it.
WARNING: [Labtools 27-3361] The debug hub core was not detected.
Resolution: 
1. Make sure the clock connected to the debug hub (dbg_hub) core is a free running clock and is active.
2. Make sure the BSCAN_SWITCH_USER_MASK device property in Vivado Hardware Manager reflects the user scan chain setting in the design and refresh the device.  To determine the user scan chain setting in the design, open the implemented design and use 'get_property C_USER_SCAN_CHAIN [get_debug_cores dbg_hub]'.
For more details on setting the scan chain property, consult the Vivado Debug and Programming User Guide (UG908).
set_property PROBES.FILE {} [get_hw_devices xc7k160t_0]
set_property FULL_PROBES.FILE {} [get_hw_devices xc7k160t_0]
set_property PROGRAM.FILE {F:/Desk/EXP09/OExp05_CPU.runs/impl_1/OEXp05_CPU.bit} [get_hw_devices xc7k160t_0]
program_hw_devices [get_hw_devices xc7k160t_0]
INFO: [Labtools 27-3164] End of startup status: HIGH
program_hw_devices: Time (s): cpu = 00:00:06 ; elapsed = 00:00:06 . Memory (MB): peak = 1592.816 ; gain = 0.000
refresh_hw_device [lindex [get_hw_devices xc7k160t_0] 0]
INFO: [Labtools 27-1434] Device xc7k160t (JTAG device index = 0) is programmed with a design that has no supported debug core(s) in it.
WARNING: [Labtools 27-3361] The debug hub core was not detected.
Resolution: 
1. Make sure the clock connected to the debug hub (dbg_hub) core is a free running clock and is active.
2. Make sure the BSCAN_SWITCH_USER_MASK device property in Vivado Hardware Manager reflects the user scan chain setting in the design and refresh the device.  To determine the user scan chain setting in the design, open the implemented design and use 'get_property C_USER_SCAN_CHAIN [get_debug_cores dbg_hub]'.
For more details on setting the scan chain property, consult the Vivado Debug and Programming User Guide (UG908).
ERROR: [Labtoolstcl 44-513] HW Target shutdown. Closing target: localhost:3121/xilinx_tcf/Digilent/201706300081
close_hw
reset_run synth_1
launch_runs impl_1 -jobs 16
[Tue Jun  1 17:57:17 2021] Launched synth_1...
Run output will be captured here: F:/Desk/EXP09/OExp05_CPU.runs/synth_1/runme.log
[Tue Jun  1 17:57:17 2021] Launched impl_1...
Run output will be captured here: F:/Desk/EXP09/OExp05_CPU.runs/impl_1/runme.log
reset_run synth_1
launch_runs impl_1 -to_step write_bitstream -jobs 16
[Tue Jun  1 18:03:53 2021] Launched synth_1...
Run output will be captured here: F:/Desk/EXP09/OExp05_CPU.runs/synth_1/runme.log
[Tue Jun  1 18:03:53 2021] Launched impl_1...
Run output will be captured here: F:/Desk/EXP09/OExp05_CPU.runs/impl_1/runme.log
open_hw
connect_hw_server
INFO: [Labtools 27-2285] Connecting to hw_server url TCP:localhost:3121
INFO: [Labtools 27-2222] Launching hw_server...
INFO: [Labtools 27-2221] Launch Output:

****** Xilinx hw_server v2017.4
  **** Build date : Dec 15 2017-21:08:27
    ** Copyright 1986-2017 Xilinx, Inc. All Rights Reserved.


open_hw_target
INFO: [Labtoolstcl 44-466] Opening hw_target localhost:3121/xilinx_tcf/Digilent/201706300081
set_property PROGRAM.FILE {F:/Desk/EXP09/OExp05_CPU.runs/impl_1/OEXp05_CPU.bit} [get_hw_devices xc7k160t_0]
current_hw_device [get_hw_devices xc7k160t_0]
refresh_hw_device -update_hw_probes false [lindex [get_hw_devices xc7k160t_0] 0]
INFO: [Labtools 27-1434] Device xc7k160t (JTAG device index = 0) is programmed with a design that has no supported debug core(s) in it.
WARNING: [Labtools 27-3361] The debug hub core was not detected.
Resolution: 
1. Make sure the clock connected to the debug hub (dbg_hub) core is a free running clock and is active.
2. Make sure the BSCAN_SWITCH_USER_MASK device property in Vivado Hardware Manager reflects the user scan chain setting in the design and refresh the device.  To determine the user scan chain setting in the design, open the implemented design and use 'get_property C_USER_SCAN_CHAIN [get_debug_cores dbg_hub]'.
For more details on setting the scan chain property, consult the Vivado Debug and Programming User Guide (UG908).
set_property PROBES.FILE {} [get_hw_devices xc7k160t_0]
set_property FULL_PROBES.FILE {} [get_hw_devices xc7k160t_0]
set_property PROGRAM.FILE {F:/Desk/EXP09/OExp05_CPU.runs/impl_1/OEXp05_CPU.bit} [get_hw_devices xc7k160t_0]
program_hw_devices [get_hw_devices xc7k160t_0]
INFO: [Labtools 27-3164] End of startup status: HIGH
program_hw_devices: Time (s): cpu = 00:00:05 ; elapsed = 00:00:06 . Memory (MB): peak = 1606.645 ; gain = 0.000
refresh_hw_device [lindex [get_hw_devices xc7k160t_0] 0]
INFO: [Labtools 27-1434] Device xc7k160t (JTAG device index = 0) is programmed with a design that has no supported debug core(s) in it.
WARNING: [Labtools 27-3361] The debug hub core was not detected.
Resolution: 
1. Make sure the clock connected to the debug hub (dbg_hub) core is a free running clock and is active.
2. Make sure the BSCAN_SWITCH_USER_MASK device property in Vivado Hardware Manager reflects the user scan chain setting in the design and refresh the device.  To determine the user scan chain setting in the design, open the implemented design and use 'get_property C_USER_SCAN_CHAIN [get_debug_cores dbg_hub]'.
For more details on setting the scan chain property, consult the Vivado Debug and Programming User Guide (UG908).
exit
INFO: [Common 17-206] Exiting Vivado at Tue Jun  1 18:12:30 2021...
