Copyright 1986-2017 Xilinx, Inc. All Rights Reserved.
----------------------------------------------------------------------------------------------------------------------------------------------------
| Tool Version     : Vivado v.2017.4 (win64) Build 2086221 Fri Dec 15 20:55:39 MST 2017
| Date             : Thu Apr 15 10:35:19 2021
| Host             : LAPTOP-0HOK14LD running 64-bit major release  (build 9200)
| Command          : report_power -file OEXp05_CPU_power_routed.rpt -pb OEXp05_CPU_power_summary_routed.pb -rpx OEXp05_CPU_power_routed.rpx
| Design           : OEXp05_CPU
| Device           : xc7k160tffg676-2L
| Design State     : routed
| Grade            : extended
| Process          : typical
| Characterization : Production
----------------------------------------------------------------------------------------------------------------------------------------------------

Power Report

Table of Contents
-----------------
1. Summary
1.1 On-Chip Components
1.2 Power Supply Summary
1.3 Confidence Level
2. Settings
2.1 Environment
2.2 Clock Constraints
3. Detailed Reports
3.1 By Hierarchy

1. Summary
----------

+--------------------------+----------------------------------+
| Total On-Chip Power (W)  | 79.822 (Junction temp exceeded!) |
| Design Power Budget (W)  | Unspecified*                     |
| Power Budget Margin (W)  | NA                               |
| Dynamic (W)              | 77.760                           |
| Device Static (W)        | 2.062                            |
| Effective TJA (C/W)      | 1.9                              |
| Max Ambient (C)          | 0.0                              |
| Junction Temperature (C) | 125.0                            |
| Confidence Level         | Low                              |
| Setting File             | ---                              |
| Simulation Activity File | ---                              |
| Design Nets Matched      | NA                               |
+--------------------------+----------------------------------+
* Specify Design Power Budget using, set_operating_conditions -design_power_budget <value in Watts>


1.1 On-Chip Components
----------------------

+--------------------------+-----------+----------+-----------+-----------------+
| On-Chip                  | Power (W) | Used     | Available | Utilization (%) |
+--------------------------+-----------+----------+-----------+-----------------+
| Slice Logic              |    14.874 |     5824 |       --- |             --- |
|   LUT as Logic           |    13.524 |     2995 |    101400 |            2.95 |
|   LUT as Distributed RAM |     0.460 |      112 |     35000 |            0.32 |
|   F7/F8 Muxes            |     0.353 |      612 |    101400 |            0.60 |
|   CARRY4                 |     0.341 |       98 |     25350 |            0.39 |
|   Register               |     0.139 |     1688 |    202800 |            0.83 |
|   BUFG                   |     0.058 |        5 |        32 |           15.63 |
|   Others                 |     0.000 |       37 |       --- |             --- |
| Signals                  |    22.509 |     4451 |       --- |             --- |
| Block RAM                |     0.355 |      1.5 |       325 |            0.46 |
| I/O                      |    40.022 |       73 |       400 |           18.25 |
| Static Power             |     2.062 |          |           |                 |
| Total                    |    79.822 |          |           |                 |
+--------------------------+-----------+----------+-----------+-----------------+


1.2 Power Supply Summary
------------------------

+-----------+-------------+-----------+-------------+------------+
| Source    | Voltage (V) | Total (A) | Dynamic (A) | Static (A) |
+-----------+-------------+-----------+-------------+------------+
| Vccint    |       1.000 |    39.563 |      37.800 |      1.763 |
| Vccaux    |       1.800 |     1.644 |       1.536 |      0.108 |
| Vcco33    |       3.300 |    10.828 |      10.827 |      0.001 |
| Vcco25    |       2.500 |     0.000 |       0.000 |      0.000 |
| Vcco18    |       1.800 |     0.786 |       0.785 |      0.001 |
| Vcco15    |       1.500 |     0.020 |       0.019 |      0.001 |
| Vcco135   |       1.350 |     0.000 |       0.000 |      0.000 |
| Vcco12    |       1.200 |     0.000 |       0.000 |      0.000 |
| Vccaux_io |       1.800 |     0.000 |       0.000 |      0.000 |
| Vccbram   |       1.000 |     0.089 |       0.028 |      0.062 |
| MGTAVcc   |       1.000 |     0.000 |       0.000 |      0.000 |
| MGTAVtt   |       1.200 |     0.000 |       0.000 |      0.000 |
| MGTVccaux |       1.800 |     0.000 |       0.000 |      0.000 |
| Vccadc    |       1.800 |     0.020 |       0.000 |      0.020 |
+-----------+-------------+-----------+-------------+------------+


1.3 Confidence Level
--------------------

+-----------------------------+------------+--------------------------------------------------------+--------------------------------------------------------------------------------------------------------------------+
| User Input Data             | Confidence | Details                                                | Action                                                                                                             |
+-----------------------------+------------+--------------------------------------------------------+--------------------------------------------------------------------------------------------------------------------+
| Design implementation state | High       | Design is routed                                       |                                                                                                                    |
| Clock nodes activity        | Low        | User specified less than 75% of clocks                 | Provide missing clock activity with a constraint file, simulation results or by editing the "By Clock Domain" view |
| I/O nodes activity          | Low        | More than 75% of inputs are missing user specification | Provide missing input activity with simulation results or by editing the "By Resource Type -> I/Os" view           |
| Internal nodes activity     | Medium     | User specified less than 25% of internal nodes         | Provide missing internal nodes activity with simulation results or by editing the "By Resource Type" views         |
| Device models               | High       | Device models are Production                           |                                                                                                                    |
|                             |            |                                                        |                                                                                                                    |
| Overall confidence level    | Low        |                                                        |                                                                                                                    |
+-----------------------------+------------+--------------------------------------------------------+--------------------------------------------------------------------------------------------------------------------+


2. Settings
-----------

2.1 Environment
---------------

+-----------------------+--------------------------+
| Ambient Temp (C)      | 25.0                     |
| ThetaJA (C/W)         | 1.9                      |
| Airflow (LFM)         | 250                      |
| Heat Sink             | medium (Medium Profile)  |
| ThetaSA (C/W)         | 3.4                      |
| Board Selection       | medium (10"x10")         |
| # of Board Layers     | 12to15 (12 to 15 Layers) |
| Board Temperature (C) | 25.0                     |
+-----------------------+--------------------------+


2.2 Clock Constraints
---------------------

+-------+--------+-----------------+
| Clock | Domain | Constraint (ns) |
+-------+--------+-----------------+


3. Detailed Reports
-------------------

3.1 By Hierarchy
----------------

+----------------------------------------------+-----------+
| Name                                         | Power (W) |
+----------------------------------------------+-----------+
| OEXp05_CPU                                   |    77.760 |
|   M4                                         |     0.023 |
|   U1                                         |    17.080 |
|     U1_1                                     |     0.444 |
|     U1_2                                     |    16.148 |
|       ALU                                    |     0.183 |
|       PC__0                                  |     1.849 |
|       REGS                                   |    13.809 |
|   U10                                        |     1.211 |
|   U11                                        |     7.572 |
|     FONT_8X16                                |     0.105 |
|     MEMBUF_reg_0_63_0_2                      |     0.026 |
|     MEMBUF_reg_0_63_12_14                    |     0.025 |
|     MEMBUF_reg_0_63_15_17                    |     0.021 |
|     MEMBUF_reg_0_63_18_20                    |     0.027 |
|     MEMBUF_reg_0_63_21_23                    |     0.020 |
|     MEMBUF_reg_0_63_24_26                    |     0.020 |
|     MEMBUF_reg_0_63_27_29                    |     0.020 |
|     MEMBUF_reg_0_63_30_30                    |     0.014 |
|     MEMBUF_reg_0_63_31_31                    |     0.013 |
|     MEMBUF_reg_0_63_3_5                      |     0.023 |
|     MEMBUF_reg_0_63_6_8                      |     0.025 |
|     MEMBUF_reg_0_63_9_11                     |     0.021 |
|     MEMBUF_reg_128_191_0_2                   |     0.027 |
|     MEMBUF_reg_128_191_12_14                 |     0.023 |
|     MEMBUF_reg_128_191_15_17                 |     0.024 |
|     MEMBUF_reg_128_191_18_20                 |     0.024 |
|     MEMBUF_reg_128_191_21_23                 |     0.023 |
|     MEMBUF_reg_128_191_24_26                 |     0.026 |
|     MEMBUF_reg_128_191_27_29                 |     0.021 |
|     MEMBUF_reg_128_191_30_30                 |     0.012 |
|     MEMBUF_reg_128_191_31_31                 |     0.013 |
|     MEMBUF_reg_128_191_3_5                   |     0.024 |
|     MEMBUF_reg_128_191_6_8                   |     0.023 |
|     MEMBUF_reg_128_191_9_11                  |     0.028 |
|     U12                                      |     6.186 |
|     data_buf_reg_0_3_0_5                     |     0.032 |
|     data_buf_reg_0_3_12_17                   |     0.029 |
|     data_buf_reg_0_3_18_23                   |     0.029 |
|     data_buf_reg_0_3_24_29                   |     0.022 |
|     data_buf_reg_0_3_30_31                   |     0.008 |
|     data_buf_reg_0_3_6_11                    |     0.029 |
|   U2                                         |     3.786 |
|     U0                                       |     3.029 |
|       synth_options.dist_mem_inst            |     3.029 |
|         gen_rom.rom_inst                     |     3.029 |
|   U3                                         |     0.899 |
|     U0                                       |     0.899 |
|       inst_blk_mem_gen                       |     0.899 |
|         gnbram.gnativebmg.native_blk_mem_gen |     0.899 |
|           valid.cstr                         |     0.899 |
|             ramloop[0].ram.r                 |     0.899 |
|               prim_init.ram                  |     0.899 |
|   U4                                         |     2.181 |
|   U5                                         |     1.215 |
|   U6                                         |     1.976 |
|     PT7SEG                                   |     1.932 |
|   U61                                        |     0.415 |
|   U7                                         |     0.107 |
|     PTLED                                    |     0.107 |
|   U71                                        |    <0.001 |
|   U8                                         |     0.394 |
|   U9                                         |     0.348 |
+----------------------------------------------+-----------+


