#-----------------------------------------------------------
# Vivado v2017.4 (64-bit)
# SW Build 2086221 on Fri Dec 15 20:55:39 MST 2017
# IP Build 2085800 on Fri Dec 15 22:25:07 MST 2017
# Start of session at: Tue Mar 30 19:13:03 2021
# Process ID: 11760
# Current directory: F:/Desk/OExp03_Block
# Command line: vivado.exe -gui_launcher_event rodinguilauncherevent22632 F:\Desk\OExp03_Block\OExp03_Block.xpr
# Log file: F:/Desk/OExp03_Block/vivado.log
# Journal file: F:/Desk/OExp03_Block\vivado.jou
#-----------------------------------------------------------
start_gui
open_project F:/Desk/OExp03_Block/OExp03_Block.xpr
Scanning sources...
Finished scanning sources
INFO: [IP_Flow 19-234] Refreshing IP repositories
INFO: [IP_Flow 19-1700] Loaded user IP repository 'f:/Desk/OExp03_Block/IPCORE'.
INFO: [IP_Flow 19-2313] Loaded Vivado IP repository 'F:/Xlinx/Vivado/2017.4/data/ip'.
open_project: Time (s): cpu = 00:00:15 ; elapsed = 00:00:07 . Memory (MB): peak = 870.863 ; gain = 120.469
open_hw
update_compile_order -fileset sources_1
connect_hw_server
INFO: [Labtools 27-2285] Connecting to hw_server url TCP:localhost:3121
open_hw_target
INFO: [Labtoolstcl 44-466] Opening hw_target localhost:3121/xilinx_tcf/Digilent/201706300081
set_property PROGRAM.FILE {F:/Desk/OExp03_Block/OExp03_Block.runs/impl_1/CSTE_RISCVEDF_wrapper.bit} [get_hw_devices xc7k160t_0]
current_hw_device [get_hw_devices xc7k160t_0]
refresh_hw_device -update_hw_probes false [lindex [get_hw_devices xc7k160t_0] 0]
INFO: [Labtools 27-1434] Device xc7k160t (JTAG device index = 0) is programmed with a design that has no supported debug core(s) in it.
WARNING: [Labtools 27-3361] The debug hub core was not detected.
Resolution: 
1. Make sure the clock connected to the debug hub (dbg_hub) core is a free running clock and is active.
2. Make sure the BSCAN_SWITCH_USER_MASK device property in Vivado Hardware Manager reflects the user scan chain setting in the design and refresh the device.  To determine the user scan chain setting in the design, open the implemented design and use 'get_property C_USER_SCAN_CHAIN [get_debug_cores dbg_hub]'.
For more details on setting the scan chain property, consult the Vivado Debug and Programming User Guide (UG908).
set_property PROBES.FILE {} [get_hw_devices xc7k160t_0]
set_property FULL_PROBES.FILE {} [get_hw_devices xc7k160t_0]
set_property PROGRAM.FILE {F:/Desk/OExp03_Block/OExp03_Block.runs/impl_1/CSTE_RISCVEDF_wrapper.bit} [get_hw_devices xc7k160t_0]
program_hw_devices [get_hw_devices xc7k160t_0]
INFO: [Labtools 27-3164] End of startup status: HIGH
program_hw_devices: Time (s): cpu = 00:00:06 ; elapsed = 00:00:06 . Memory (MB): peak = 1529.430 ; gain = 0.000
refresh_hw_device [lindex [get_hw_devices xc7k160t_0] 0]
INFO: [Labtools 27-1434] Device xc7k160t (JTAG device index = 0) is programmed with a design that has no supported debug core(s) in it.
WARNING: [Labtools 27-3361] The debug hub core was not detected.
Resolution: 
1. Make sure the clock connected to the debug hub (dbg_hub) core is a free running clock and is active.
2. Make sure the BSCAN_SWITCH_USER_MASK device property in Vivado Hardware Manager reflects the user scan chain setting in the design and refresh the device.  To determine the user scan chain setting in the design, open the implemented design and use 'get_property C_USER_SCAN_CHAIN [get_debug_cores dbg_hub]'.
For more details on setting the scan chain property, consult the Vivado Debug and Programming User Guide (UG908).
ERROR: [Labtoolstcl 44-513] HW Target shutdown. Closing target: localhost:3121/xilinx_tcf/Digilent/201706300081
INFO: [Labtoolstcl 44-466] Opening hw_target localhost:3121/xilinx_tcf/Digilent/201706300081
INFO: [Labtools 27-1434] Device xc7k160t (JTAG device index = 0) is programmed with a design that has no supported debug core(s) in it.
WARNING: [Labtools 27-3361] The debug hub core was not detected.
Resolution: 
1. Make sure the clock connected to the debug hub (dbg_hub) core is a free running clock and is active.
2. Make sure the BSCAN_SWITCH_USER_MASK device property in Vivado Hardware Manager reflects the user scan chain setting in the design and refresh the device.  To determine the user scan chain setting in the design, open the implemented design and use 'get_property C_USER_SCAN_CHAIN [get_debug_cores dbg_hub]'.
For more details on setting the scan chain property, consult the Vivado Debug and Programming User Guide (UG908).
WARNING: [Labtoolstcl 44-129] No matching hw_ila_data was found.
close_hw
open_hw
connect_hw_server
INFO: [Labtools 27-2285] Connecting to hw_server url TCP:localhost:3121
open_hw_target
INFO: [Labtoolstcl 44-466] Opening hw_target localhost:3121/xilinx_tcf/Digilent/201706300081
set_property PROGRAM.FILE {F:/Desk/OExp03_Block/OExp03_Block.runs/impl_1/CSTE_RISCVEDF_wrapper.bit} [get_hw_devices xc7k160t_0]
current_hw_device [get_hw_devices xc7k160t_0]
refresh_hw_device -update_hw_probes false [lindex [get_hw_devices xc7k160t_0] 0]
INFO: [Labtools 27-1434] Device xc7k160t (JTAG device index = 0) is programmed with a design that has no supported debug core(s) in it.
WARNING: [Labtools 27-3361] The debug hub core was not detected.
Resolution: 
1. Make sure the clock connected to the debug hub (dbg_hub) core is a free running clock and is active.
2. Make sure the BSCAN_SWITCH_USER_MASK device property in Vivado Hardware Manager reflects the user scan chain setting in the design and refresh the device.  To determine the user scan chain setting in the design, open the implemented design and use 'get_property C_USER_SCAN_CHAIN [get_debug_cores dbg_hub]'.
For more details on setting the scan chain property, consult the Vivado Debug and Programming User Guide (UG908).
set_property PROBES.FILE {} [get_hw_devices xc7k160t_0]
set_property FULL_PROBES.FILE {} [get_hw_devices xc7k160t_0]
set_property PROGRAM.FILE {F:/Desk/OExp03_Block/OExp03_Block.runs/impl_1/CSTE_RISCVEDF_wrapper.bit} [get_hw_devices xc7k160t_0]
program_hw_devices [get_hw_devices xc7k160t_0]
INFO: [Labtools 27-3164] End of startup status: HIGH
program_hw_devices: Time (s): cpu = 00:00:05 ; elapsed = 00:00:06 . Memory (MB): peak = 1607.609 ; gain = 0.000
refresh_hw_device [lindex [get_hw_devices xc7k160t_0] 0]
INFO: [Labtools 27-1434] Device xc7k160t (JTAG device index = 0) is programmed with a design that has no supported debug core(s) in it.
WARNING: [Labtools 27-3361] The debug hub core was not detected.
Resolution: 
1. Make sure the clock connected to the debug hub (dbg_hub) core is a free running clock and is active.
2. Make sure the BSCAN_SWITCH_USER_MASK device property in Vivado Hardware Manager reflects the user scan chain setting in the design and refresh the device.  To determine the user scan chain setting in the design, open the implemented design and use 'get_property C_USER_SCAN_CHAIN [get_debug_cores dbg_hub]'.
For more details on setting the scan chain property, consult the Vivado Debug and Programming User Guide (UG908).
close_hw
open_bd_design {F:/Desk/OExp03_Block/OExp03_Block.srcs/sources_1/bd/CSTE_RISCVEDF/CSTE_RISCVEDF.bd}
Adding cell -- ZJUCLIP:user:RSCPU9:1.0 - U1
Adding cell -- ZJUCLIP:user:MIOBUS:1.0 - U4
Adding cell -- ZJUCLIP:user:Counter:1.0 - U10
Adding cell -- ZJUCLIP:user:VGA_TEST:1.0 - U11
WARNING: [BD 41-1731] Type mismatch between connected pins: /clk_100mhz(clk) and /U11/clk(undef)
Adding cell -- ZJUCLIP:user:MEMTEST:1.0 - MEMTEST_0
Adding cell -- xilinx.com:ip:dist_mem_gen:8.0 - U2
Adding cell -- xilinx.com:ip:xlslice:1.0 - PCWA
Adding cell -- xilinx.com:ip:blk_mem_gen:8.4 - U3
Adding cell -- xilinx.com:ip:xlslice:1.0 - xlslice_0
Adding cell -- ZJUCLIP:user:GPIO:1.0 - U7
Adding cell -- ZJUCLIP:user:PIO:1.0 - U71
Adding cell -- ZJUCLIP:user:DSEGIO:1.0 - U5
Adding cell -- ZJUCLIP:user:Display:1.0 - U6
Adding cell -- ZJUCLIP:user:Disp2Hex:1.0 - U61
Adding cell -- ZJUCLIP:user:DIVO:1.0 - DIVOTap
Adding cell -- ZJUCLIP:user:Clkdiv:1.0 - U8
Adding cell -- ZJUCLIP:user:Arraykeys:1.0 - U9
Adding cell -- ZJUCLIP:user:TESTO:1.0 - TESTOTap
Adding cell -- ZJUCLIP:user:EnterT32:1.0 - M4
Adding cell -- ZJUCLIP:user:SWOUT:1.0 - SWOTap
WARNING: [BD 41-1731] Type mismatch between connected pins: /U1/ALE(undef) and /MEMARYBLOCK/clka(clk)
Successfully read diagram <CSTE_RISCVEDF> from BD file <F:/Desk/OExp03_Block/OExp03_Block.srcs/sources_1/bd/CSTE_RISCVEDF/CSTE_RISCVEDF.bd>
open_bd_design: Time (s): cpu = 00:00:13 ; elapsed = 00:00:09 . Memory (MB): peak = 1649.984 ; gain = 42.375
INFO: [Device 21-403] Loading part xc7k160tffg676-2L
WARNING: [IP_Flow 19-4067] Ignoring invalid widget type specified checkbox.Providing a default widget
WARNING: [IP_Flow 19-4067] Ignoring invalid widget type specified checkbox.Providing a default widget
startgroup
set_property -dict [list CONFIG.Operating_Mode_A {NO_CHANGE}] [get_bd_cells MEMARYBLOCK/U3]
endgroup
save_bd_design
Wrote  : <F:/Desk/OExp03_Block/OExp03_Block.srcs/sources_1/bd/CSTE_RISCVEDF/CSTE_RISCVEDF.bd> 
Wrote  : <F:/Desk/OExp03_Block/OExp03_Block.srcs/sources_1/bd/CSTE_RISCVEDF/ui/bd_27c95d36.ui> 
reset_run synth_1
launch_runs impl_1 -to_step write_bitstream -jobs 16
WARNING: [BD 41-927] Following properties on pin /U10/clk have been updated from connected ip. They may not be synchronized with cell properties. You can set property on pin directly to confirm the value and resolve the warning.
	CLK_DOMAIN=CSTE_RISCVEDF_clk_100mhz 
WARNING: [BD 41-927] Following properties on pin /ARRAYBLOCK/U9/clk have been updated from connected ip. They may not be synchronized with cell properties. You can set property on pin directly to confirm the value and resolve the warning.
	CLK_DOMAIN=CSTE_RISCVEDF_clk_100mhz 
WARNING: [BD 41-927] Following properties on pin /ARRAYBLOCK/M4/clk have been updated from connected ip. They may not be synchronized with cell properties. You can set property on pin directly to confirm the value and resolve the warning.
	CLK_DOMAIN=CSTE_RISCVEDF_clk_100mhz 
WARNING: [BD 41-927] Following properties on pin /CLKBLOCK/U8/clk have been updated from connected ip. They may not be synchronized with cell properties. You can set property on pin directly to confirm the value and resolve the warning.
	CLK_DOMAIN=CSTE_RISCVEDF_clk_100mhz 
WARNING: [BD 41-927] Following properties on pin /DISPBLOCK/U6/clk have been updated from connected ip. They may not be synchronized with cell properties. You can set property on pin directly to confirm the value and resolve the warning.
	CLK_DOMAIN=CSTE_RISCVEDF_clk_100mhz 
Wrote  : <F:/Desk/OExp03_Block/OExp03_Block.srcs/sources_1/bd/CSTE_RISCVEDF/CSTE_RISCVEDF.bd> 
Wrote  : <F:/Desk/OExp03_Block/OExp03_Block.srcs/sources_1/bd/CSTE_RISCVEDF/ui/bd_27c95d36.ui> 
VHDL Output written to : F:/Desk/OExp03_Block/OExp03_Block.srcs/sources_1/bd/CSTE_RISCVEDF/synth/CSTE_RISCVEDF.v
VHDL Output written to : F:/Desk/OExp03_Block/OExp03_Block.srcs/sources_1/bd/CSTE_RISCVEDF/sim/CSTE_RISCVEDF.v
VHDL Output written to : F:/Desk/OExp03_Block/OExp03_Block.srcs/sources_1/bd/CSTE_RISCVEDF/hdl/CSTE_RISCVEDF_wrapper.v
INFO: [BD 41-1029] Generation completed for the IP Integrator block MEMARYBLOCK/PCWA .
INFO: [BD 41-1029] Generation completed for the IP Integrator block MEMARYBLOCK/U2 .
INFO: [BD 41-1029] Generation completed for the IP Integrator block MEMARYBLOCK/MEMTEST_0 .
INFO: [BD 41-1029] Generation completed for the IP Integrator block MEMARYBLOCK/U3 .
INFO: [BD 41-1029] Generation completed for the IP Integrator block GPIOBLOCK/xlslice_0 .
INFO: [BD 41-1029] Generation completed for the IP Integrator block GPIOBLOCK/U7 .
INFO: [BD 41-1029] Generation completed for the IP Integrator block GPIOBLOCK/U71 .
INFO: [BD 41-1029] Generation completed for the IP Integrator block DISPBLOCK/U5 .
INFO: [BD 41-1029] Generation completed for the IP Integrator block DISPBLOCK/U6 .
INFO: [BD 41-1029] Generation completed for the IP Integrator block DISPBLOCK/U61 .
INFO: [BD 41-1029] Generation completed for the IP Integrator block CLKBLOCK/DIVOTap .
INFO: [BD 41-1029] Generation completed for the IP Integrator block CLKBLOCK/U8 .
INFO: [BD 41-1029] Generation completed for the IP Integrator block ARRAYBLOCK/U9 .
INFO: [BD 41-1029] Generation completed for the IP Integrator block ARRAYBLOCK/TESTOTap .
INFO: [BD 41-1029] Generation completed for the IP Integrator block ARRAYBLOCK/M4 .
INFO: [BD 41-1029] Generation completed for the IP Integrator block ARRAYBLOCK/SWOTap .
INFO: [BD 41-1029] Generation completed for the IP Integrator block U1 .
INFO: [BD 41-1029] Generation completed for the IP Integrator block U4 .
INFO: [BD 41-1029] Generation completed for the IP Integrator block U10 .
INFO: [BD 41-1029] Generation completed for the IP Integrator block U11 .
Exporting to file F:/Desk/OExp03_Block/OExp03_Block.srcs/sources_1/bd/CSTE_RISCVEDF/hw_handoff/CSTE_RISCVEDF.hwh
Generated Block Design Tcl file F:/Desk/OExp03_Block/OExp03_Block.srcs/sources_1/bd/CSTE_RISCVEDF/hw_handoff/CSTE_RISCVEDF_bd.tcl
Generated Hardware Definition File F:/Desk/OExp03_Block/OExp03_Block.srcs/sources_1/bd/CSTE_RISCVEDF/synth/CSTE_RISCVEDF.hwdef
[Tue Mar 30 19:18:20 2021] Launched synth_1...
Run output will be captured here: F:/Desk/OExp03_Block/OExp03_Block.runs/synth_1/runme.log
[Tue Mar 30 19:18:20 2021] Launched impl_1...
Run output will be captured here: F:/Desk/OExp03_Block/OExp03_Block.runs/impl_1/runme.log
WARNING: [IP_Flow 19-4067] Ignoring invalid widget type specified checkbox.Providing a default widget
WARNING: [IP_Flow 19-4067] Ignoring invalid widget type specified checkbox.Providing a default widget
open_hw
connect_hw_server
INFO: [Labtools 27-2285] Connecting to hw_server url TCP:localhost:3121
open_hw_target
INFO: [Labtoolstcl 44-466] Opening hw_target localhost:3121/xilinx_tcf/Digilent/201706300081
set_property PROGRAM.FILE {F:/Desk/OExp03_Block/OExp03_Block.runs/impl_1/CSTE_RISCVEDF_wrapper.bit} [get_hw_devices xc7k160t_0]
current_hw_device [get_hw_devices xc7k160t_0]
refresh_hw_device -update_hw_probes false [lindex [get_hw_devices xc7k160t_0] 0]
INFO: [Labtools 27-1434] Device xc7k160t (JTAG device index = 0) is programmed with a design that has no supported debug core(s) in it.
WARNING: [Labtools 27-3361] The debug hub core was not detected.
Resolution: 
1. Make sure the clock connected to the debug hub (dbg_hub) core is a free running clock and is active.
2. Make sure the BSCAN_SWITCH_USER_MASK device property in Vivado Hardware Manager reflects the user scan chain setting in the design and refresh the device.  To determine the user scan chain setting in the design, open the implemented design and use 'get_property C_USER_SCAN_CHAIN [get_debug_cores dbg_hub]'.
For more details on setting the scan chain property, consult the Vivado Debug and Programming User Guide (UG908).
set_property PROBES.FILE {} [get_hw_devices xc7k160t_0]
set_property FULL_PROBES.FILE {} [get_hw_devices xc7k160t_0]
set_property PROGRAM.FILE {F:/Desk/OExp03_Block/OExp03_Block.runs/impl_1/CSTE_RISCVEDF_wrapper.bit} [get_hw_devices xc7k160t_0]
program_hw_devices [get_hw_devices xc7k160t_0]
INFO: [Labtools 27-3164] End of startup status: HIGH
program_hw_devices: Time (s): cpu = 00:00:05 ; elapsed = 00:00:06 . Memory (MB): peak = 1972.918 ; gain = 0.000
refresh_hw_device [lindex [get_hw_devices xc7k160t_0] 0]
INFO: [Labtools 27-1434] Device xc7k160t (JTAG device index = 0) is programmed with a design that has no supported debug core(s) in it.
WARNING: [Labtools 27-3361] The debug hub core was not detected.
Resolution: 
1. Make sure the clock connected to the debug hub (dbg_hub) core is a free running clock and is active.
2. Make sure the BSCAN_SWITCH_USER_MASK device property in Vivado Hardware Manager reflects the user scan chain setting in the design and refresh the device.  To determine the user scan chain setting in the design, open the implemented design and use 'get_property C_USER_SCAN_CHAIN [get_debug_cores dbg_hub]'.
For more details on setting the scan chain property, consult the Vivado Debug and Programming User Guide (UG908).
exit
INFO: [Common 17-206] Exiting Vivado at Tue Mar 30 19:24:39 2021...
