#-----------------------------------------------------------
# Vivado v2017.4 (64-bit)
# SW Build 2086221 on Fri Dec 15 20:55:39 MST 2017
# IP Build 2085800 on Fri Dec 15 22:25:07 MST 2017
# Start of session at: Tue Jun 15 22:06:46 2021
# Process ID: 13132
# Current directory: F:/Desk/lab/Exp1_GPIO
# Command line: vivado.exe -gui_launcher_event rodinguilauncherevent12008 F:\Desk\lab\Exp1_GPIO\Exp1_GPIO.xpr
# Log file: F:/Desk/lab/Exp1_GPIO/vivado.log
# Journal file: F:/Desk/lab/Exp1_GPIO\vivado.jou
#-----------------------------------------------------------
start_gui
open_project F:/Desk/lab/Exp1_GPIO/Exp1_GPIO.xpr
INFO: [Project 1-313] Project file moved from 'F:/Desk/Success Vivado/Exp1_GPIO' since last save.
Scanning sources...
Finished scanning sources
INFO: [IP_Flow 19-234] Refreshing IP repositories
INFO: [IP_Flow 19-1700] Loaded user IP repository 'f:/Desk/lab/Exp1_GPIO/ORGIP'.
INFO: [IP_Flow 19-2313] Loaded Vivado IP repository 'F:/Xlinx/Vivado/2017.4/data/ip'.
open_project: Time (s): cpu = 00:00:18 ; elapsed = 00:00:09 . Memory (MB): peak = 925.586 ; gain = 154.531
update_compile_order -fileset sources_1
open_hw
exit
INFO: [Common 17-206] Exiting Vivado at Tue Jun 15 22:07:39 2021...
