#-----------------------------------------------------------
# Vivado v2017.4 (64-bit)
# SW Build 2086221 on Fri Dec 15 20:55:39 MST 2017
# IP Build 2085800 on Fri Dec 15 22:25:07 MST 2017
# Start of session at: Thu Mar 11 13:28:59 2021
# Process ID: 12072
# Current directory: F:/Desk/Exp1_GPIO
# Command line: vivado.exe -gui_launcher_event rodinguilauncherevent8992 F:\Desk\Exp1_GPIO\Exp1_GPIO.xpr
# Log file: F:/Desk/Exp1_GPIO/vivado.log
# Journal file: F:/Desk/Exp1_GPIO\vivado.jou
#-----------------------------------------------------------
start_gui
open_project F:/Desk/Exp1_GPIO/Exp1_GPIO.xpr
Scanning sources...
Finished scanning sources
INFO: [IP_Flow 19-234] Refreshing IP repositories
INFO: [IP_Flow 19-1700] Loaded user IP repository 'f:/Desk/Exp1_GPIO/ORGIP'.
INFO: [IP_Flow 19-2313] Loaded Vivado IP repository 'F:/Xlinx/Vivado/2017.4/data/ip'.
open_project: Time (s): cpu = 00:00:14 ; elapsed = 00:00:07 . Memory (MB): peak = 861.004 ; gain = 84.605
update_compile_order -fileset sources_1
exit
INFO: [Common 17-206] Exiting Vivado at Thu Mar 11 14:29:35 2021...
