#-----------------------------------------------------------
# Vivado v2017.4 (64-bit)
# SW Build 2086221 on Fri Dec 15 20:55:39 MST 2017
# IP Build 2085800 on Fri Dec 15 22:25:07 MST 2017
# Start of session at: Tue Mar 16 22:36:38 2021
# Process ID: 17108
# Current directory: F:/Desk/Success Vivado/GPIO_5359
# Command line: vivado.exe -gui_launcher_event rodinguilauncherevent7256 F:\Desk\Success Vivado\GPIO_5359\GPIO_5359.xpr
# Log file: F:/Desk/Success Vivado/GPIO_5359/vivado.log
# Journal file: F:/Desk/Success Vivado/GPIO_5359\vivado.jou
#-----------------------------------------------------------
start_gui
open_project {F:/Desk/Success Vivado/GPIO_5359/GPIO_5359.xpr}
Scanning sources...
Finished scanning sources
INFO: [IP_Flow 19-234] Refreshing IP repositories
INFO: [IP_Flow 19-1700] Loaded user IP repository 'f:/Desk/Success Vivado/GPIO_5359/GPIO_5359.srcs/sources_1'.
INFO: [IP_Flow 19-2313] Loaded Vivado IP repository 'F:/Xlinx/Vivado/2017.4/data/ip'.
open_project: Time (s): cpu = 00:00:11 ; elapsed = 00:00:05 . Memory (MB): peak = 835.883 ; gain = 64.758
update_compile_order -fileset sources_1
import_files -norecurse {{F:/Desk/MyCollege/大二上/数字逻辑设计/3190105359_段一_BABA is you/BABAIsYou/P2S.ngc}}
import_files -norecurse {{F:/Desk/MyCollege/大二上/数字逻辑设计/3190105359_段一_BABA is you/BABAIsYou/P2S.v}}
update_compile_order -fileset sources_1
update_compile_order -fileset sources_1
launch_runs synth_1 -jobs 8
[Tue Mar 16 23:01:08 2021] Launched synth_1...
Run output will be captured here: F:/Desk/Success Vivado/GPIO_5359/GPIO_5359.runs/synth_1/runme.log
reset_run synth_1
launch_runs synth_1 -jobs 8
[Tue Mar 16 23:02:56 2021] Launched synth_1...
Run output will be captured here: F:/Desk/Success Vivado/GPIO_5359/GPIO_5359.runs/synth_1/runme.log
launch_runs impl_1 -jobs 8
[Tue Mar 16 23:04:39 2021] Launched impl_1...
Run output will be captured here: F:/Desk/Success Vivado/GPIO_5359/GPIO_5359.runs/impl_1/runme.log
reset_run synth_1
launch_runs impl_1 -jobs 8
[Tue Mar 16 23:05:55 2021] Launched synth_1...
Run output will be captured here: F:/Desk/Success Vivado/GPIO_5359/GPIO_5359.runs/synth_1/runme.log
[Tue Mar 16 23:05:55 2021] Launched impl_1...
Run output will be captured here: F:/Desk/Success Vivado/GPIO_5359/GPIO_5359.runs/impl_1/runme.log
reset_run impl_1
launch_runs impl_1 -jobs 16
[Tue Mar 16 23:07:17 2021] Launched impl_1...
Run output will be captured here: F:/Desk/Success Vivado/GPIO_5359/GPIO_5359.runs/impl_1/runme.log
reset_run synth_1
launch_runs impl_1 -jobs 16
[Tue Mar 16 23:13:41 2021] Launched synth_1...
Run output will be captured here: F:/Desk/Success Vivado/GPIO_5359/GPIO_5359.runs/synth_1/runme.log
[Tue Mar 16 23:13:41 2021] Launched impl_1...
Run output will be captured here: F:/Desk/Success Vivado/GPIO_5359/GPIO_5359.runs/impl_1/runme.log
reset_run impl_1
launch_runs impl_1 -jobs 16
[Tue Mar 16 23:20:59 2021] Launched impl_1...
Run output will be captured here: F:/Desk/Success Vivado/GPIO_5359/GPIO_5359.runs/impl_1/runme.log
reset_run synth_1
launch_runs impl_1 -jobs 16
[Tue Mar 16 23:23:27 2021] Launched synth_1...
Run output will be captured here: F:/Desk/Success Vivado/GPIO_5359/GPIO_5359.runs/synth_1/runme.log
[Tue Mar 16 23:23:27 2021] Launched impl_1...
Run output will be captured here: F:/Desk/Success Vivado/GPIO_5359/GPIO_5359.runs/impl_1/runme.log
reset_run impl_1
launch_runs impl_1 -jobs 16
[Tue Mar 16 23:28:02 2021] Launched impl_1...
Run output will be captured here: F:/Desk/Success Vivado/GPIO_5359/GPIO_5359.runs/impl_1/runme.log
exit
INFO: [Common 17-206] Exiting Vivado at Tue Mar 16 23:30:07 2021...
