#-----------------------------------------------------------
# Vivado v2017.4 (64-bit)
# SW Build 2086221 on Fri Dec 15 20:55:39 MST 2017
# IP Build 2085800 on Fri Dec 15 22:25:07 MST 2017
# Start of session at: Tue Jun 22 15:31:25 2021
# Process ID: 4064
# Current directory: F:/Desk/lab/OExp3_HDL
# Command line: vivado.exe -gui_launcher_event rodinguilauncherevent17876 F:\Desk\lab\OExp3_HDL\OExp_HDL.xpr
# Log file: F:/Desk/lab/OExp3_HDL/vivado.log
# Journal file: F:/Desk/lab/OExp3_HDL\vivado.jou
#-----------------------------------------------------------
start_gui
open_project F:/Desk/lab/OExp3_HDL/OExp_HDL.xpr
INFO: [Project 1-313] Project file moved from 'F:/Desk/OExp_HDL' since last save.
Scanning sources...
Finished scanning sources
INFO: [IP_Flow 19-234] Refreshing IP repositories
INFO: [IP_Flow 19-1704] No user IP repositories specified
INFO: [IP_Flow 19-2313] Loaded Vivado IP repository 'F:/Xlinx/Vivado/2017.4/data/ip'.
open_project: Time (s): cpu = 00:00:23 ; elapsed = 00:00:09 . Memory (MB): peak = 878.469 ; gain = 127.230
update_compile_order -fileset sources_1
exit
INFO: [Common 17-206] Exiting Vivado at Tue Jun 22 15:32:05 2021...
