#-----------------------------------------------------------
# Vivado v2017.4 (64-bit)
# SW Build 2086221 on Fri Dec 15 20:55:39 MST 2017
# IP Build 2085800 on Fri Dec 15 22:25:07 MST 2017
# Start of session at: Tue Apr  6 22:06:32 2021
# Process ID: 4756
# Current directory: F:/Desk/Success Vivado/OExp3_HDL
# Command line: vivado.exe -gui_launcher_event rodinguilauncherevent22524 F:\Desk\Success Vivado\OExp3_HDL\OExp_HDL.xpr
# Log file: F:/Desk/Success Vivado/OExp3_HDL/vivado.log
# Journal file: F:/Desk/Success Vivado/OExp3_HDL\vivado.jou
#-----------------------------------------------------------
start_gui
open_project {F:/Desk/Success Vivado/OExp3_HDL/OExp_HDL.xpr}
INFO: [Project 1-313] Project file moved from 'F:/Desk/OExp_HDL' since last save.
Scanning sources...
Finished scanning sources
INFO: [IP_Flow 19-234] Refreshing IP repositories
INFO: [IP_Flow 19-1704] No user IP repositories specified
INFO: [IP_Flow 19-2313] Loaded Vivado IP repository 'F:/Xlinx/Vivado/2017.4/data/ip'.
update_compile_order -fileset sources_1
INFO: [Device 21-403] Loading part xc7k160tffg676-2L
WARNING: [IP_Flow 19-4067] Ignoring invalid widget type specified checkbox.Providing a default widget
WARNING: [IP_Flow 19-4067] Ignoring invalid widget type specified checkbox.Providing a default widget
exit
INFO: [Common 17-206] Exiting Vivado at Tue Apr  6 23:07:50 2021...
