#-----------------------------------------------------------
# Vivado v2017.4 (64-bit)
# SW Build 2086221 on Fri Dec 15 20:55:39 MST 2017
# IP Build 2085800 on Fri Dec 15 22:25:07 MST 2017
# Start of session at: Wed May 26 01:40:53 2021
# Process ID: 16036
# Current directory: F:/Desk/Success Vivado/OExp7
# Command line: vivado.exe -gui_launcher_event rodinguilauncherevent14948 F:\Desk\Success Vivado\OExp7\OExp05_CPU.xpr
# Log file: F:/Desk/Success Vivado/OExp7/vivado.log
# Journal file: F:/Desk/Success Vivado/OExp7\vivado.jou
#-----------------------------------------------------------
start_gui
open_project {F:/Desk/Success Vivado/OExp7/OExp05_CPU.xpr}
INFO: [Project 1-313] Project file moved from 'F:/Desk/exp7' since last save.
Scanning sources...
Finished scanning sources
INFO: [IP_Flow 19-234] Refreshing IP repositories
INFO: [IP_Flow 19-1704] No user IP repositories specified
INFO: [IP_Flow 19-2313] Loaded Vivado IP repository 'F:/Xlinx/Vivado/2017.4/data/ip'.
update_compile_order -fileset sources_1
set_property -dict [list CONFIG.coefficient_file {F:/Desk/Success Vivado/OExp7/coe/LAB7DIY.coe}] [get_ips ROM]
INFO: [IP_Flow 19-3484] Absolute path of file 'f:/Desk/Success Vivado/OExp7/coe/LAB7DIY.coe' provided. It will be converted relative to IP Instance files '../../../../coe/LAB7DIY.coe'
generate_target all [get_files  {{F:/Desk/Success Vivado/OExp7/OExp05_CPU.srcs/sources_1/ip/ROM/ROM.xci}}]
INFO: [IP_Flow 19-1686] Generating 'Instantiation Template' target for IP 'ROM'...
INFO: [IP_Flow 19-1686] Generating 'Synthesis' target for IP 'ROM'...
INFO: [IP_Flow 19-1686] Generating 'Simulation' target for IP 'ROM'...
INFO: [IP_Flow 19-1686] Generating 'Change Log' target for IP 'ROM'...
export_ip_user_files -of_objects [get_files {{F:/Desk/Success Vivado/OExp7/OExp05_CPU.srcs/sources_1/ip/ROM/ROM.xci}}] -no_script -sync -force -quiet
export_simulation -of_objects [get_files {{F:/Desk/Success Vivado/OExp7/OExp05_CPU.srcs/sources_1/ip/ROM/ROM.xci}}] -directory {F:/Desk/Success Vivado/OExp7/OExp05_CPU.ip_user_files/sim_scripts} -ip_user_files_dir {F:/Desk/Success Vivado/OExp7/OExp05_CPU.ip_user_files} -ipstatic_source_dir {F:/Desk/Success Vivado/OExp7/OExp05_CPU.ip_user_files/ipstatic} -lib_map_path [list {modelsim=F:/Desk/Success Vivado/OExp7/OExp05_CPU.cache/compile_simlib/modelsim} {questa=F:/Desk/Success Vivado/OExp7/OExp05_CPU.cache/compile_simlib/questa} {riviera=F:/Desk/Success Vivado/OExp7/OExp05_CPU.cache/compile_simlib/riviera} {activehdl=F:/Desk/Success Vivado/OExp7/OExp05_CPU.cache/compile_simlib/activehdl}] -use_ip_compiled_libs -force -quiet
reset_run synth_1
launch_runs impl_1 -jobs 16
[Wed May 26 01:41:40 2021] Launched synth_1...
Run output will be captured here: F:/Desk/Success Vivado/OExp7/OExp05_CPU.runs/synth_1/runme.log
[Wed May 26 01:41:40 2021] Launched impl_1...
Run output will be captured here: F:/Desk/Success Vivado/OExp7/OExp05_CPU.runs/impl_1/runme.log
launch_runs impl_1 -to_step write_bitstream -jobs 16
[Wed May 26 01:48:15 2021] Launched impl_1...
Run output will be captured here: F:/Desk/Success Vivado/OExp7/OExp05_CPU.runs/impl_1/runme.log
open_hw
exit
INFO: [Common 17-206] Exiting Vivado at Wed May 26 01:52:33 2021...
