Copyright 1986-2017 Xilinx, Inc. All Rights Reserved.
----------------------------------------------------------------------------------------------------------------------------------------------------
| Tool Version     : Vivado v.2017.4 (win64) Build 2086221 Fri Dec 15 20:55:39 MST 2017
| Date             : Wed May 26 01:45:31 2021
| Host             : LAPTOP-0HOK14LD running 64-bit major release  (build 9200)
| Command          : report_power -file OEXp05_CPU_power_routed.rpt -pb OEXp05_CPU_power_summary_routed.pb -rpx OEXp05_CPU_power_routed.rpx
| Design           : OEXp05_CPU
| Device           : xc7k160tffg676-2L
| Design State     : routed
| Grade            : extended
| Process          : typical
| Characterization : Production
----------------------------------------------------------------------------------------------------------------------------------------------------

Power Report

Table of Contents
-----------------
1. Summary
1.1 On-Chip Components
1.2 Power Supply Summary
1.3 Confidence Level
2. Settings
2.1 Environment
2.2 Clock Constraints
3. Detailed Reports
3.1 By Hierarchy

1. Summary
----------

+--------------------------+----------------------------------+
| Total On-Chip Power (W)  | 70.598 (Junction temp exceeded!) |
| Design Power Budget (W)  | Unspecified*                     |
| Power Budget Margin (W)  | NA                               |
| Dynamic (W)              | 68.536                           |
| Device Static (W)        | 2.062                            |
| Effective TJA (C/W)      | 1.9                              |
| Max Ambient (C)          | 0.0                              |
| Junction Temperature (C) | 125.0                            |
| Confidence Level         | Low                              |
| Setting File             | ---                              |
| Simulation Activity File | ---                              |
| Design Nets Matched      | NA                               |
+--------------------------+----------------------------------+
* Specify Design Power Budget using, set_operating_conditions -design_power_budget <value in Watts>


1.1 On-Chip Components
----------------------

+--------------------------+-----------+----------+-----------+-----------------+
| On-Chip                  | Power (W) | Used     | Available | Utilization (%) |
+--------------------------+-----------+----------+-----------+-----------------+
| Slice Logic              |    12.511 |     6045 |       --- |             --- |
|   LUT as Logic           |    11.698 |     3203 |    101400 |            3.16 |
|   CARRY4                 |     0.297 |       90 |     25350 |            0.36 |
|   F7/F8 Muxes            |     0.252 |      481 |    101400 |            0.47 |
|   Register               |     0.133 |     1779 |    202800 |            0.88 |
|   LUT as Distributed RAM |     0.085 |      112 |     35000 |            0.32 |
|   BUFG                   |     0.044 |        6 |        32 |           18.75 |
|   Others                 |     0.000 |       38 |       --- |             --- |
| Signals                  |    18.847 |     4715 |       --- |             --- |
| Block RAM                |     0.284 |      1.5 |       325 |            0.46 |
| I/O                      |    36.895 |       73 |       400 |           18.25 |
| Static Power             |     2.062 |          |           |                 |
| Total                    |    70.598 |          |           |                 |
+--------------------------+-----------+----------+-----------+-----------------+


1.2 Power Supply Summary
------------------------

+-----------+-------------+-----------+-------------+------------+
| Source    | Voltage (V) | Total (A) | Dynamic (A) | Static (A) |
+-----------+-------------+-----------+-------------+------------+
| Vccint    |       1.000 |    33.472 |      31.709 |      1.763 |
| Vccaux    |       1.800 |     1.522 |       1.414 |      0.108 |
| Vcco33    |       3.300 |     9.989 |       9.988 |      0.001 |
| Vcco25    |       2.500 |     0.000 |       0.000 |      0.000 |
| Vcco18    |       1.800 |     0.708 |       0.707 |      0.001 |
| Vcco15    |       1.500 |     0.020 |       0.019 |      0.001 |
| Vcco135   |       1.350 |     0.000 |       0.000 |      0.000 |
| Vcco12    |       1.200 |     0.000 |       0.000 |      0.000 |
| Vccaux_io |       1.800 |     0.000 |       0.000 |      0.000 |
| Vccbram   |       1.000 |     0.083 |       0.022 |      0.062 |
| MGTAVcc   |       1.000 |     0.000 |       0.000 |      0.000 |
| MGTAVtt   |       1.200 |     0.000 |       0.000 |      0.000 |
| MGTVccaux |       1.800 |     0.000 |       0.000 |      0.000 |
| Vccadc    |       1.800 |     0.020 |       0.000 |      0.020 |
+-----------+-------------+-----------+-------------+------------+


1.3 Confidence Level
--------------------

+-----------------------------+------------+--------------------------------------------------------+--------------------------------------------------------------------------------------------------------------------+
| User Input Data             | Confidence | Details                                                | Action                                                                                                             |
+-----------------------------+------------+--------------------------------------------------------+--------------------------------------------------------------------------------------------------------------------+
| Design implementation state | High       | Design is routed                                       |                                                                                                                    |
| Clock nodes activity        | Low        | User specified less than 75% of clocks                 | Provide missing clock activity with a constraint file, simulation results or by editing the "By Clock Domain" view |
| I/O nodes activity          | Low        | More than 75% of inputs are missing user specification | Provide missing input activity with simulation results or by editing the "By Resource Type -> I/Os" view           |
| Internal nodes activity     | Medium     | User specified less than 25% of internal nodes         | Provide missing internal nodes activity with simulation results or by editing the "By Resource Type" views         |
| Device models               | High       | Device models are Production                           |                                                                                                                    |
|                             |            |                                                        |                                                                                                                    |
| Overall confidence level    | Low        |                                                        |                                                                                                                    |
+-----------------------------+------------+--------------------------------------------------------+--------------------------------------------------------------------------------------------------------------------+


2. Settings
-----------

2.1 Environment
---------------

+-----------------------+--------------------------+
| Ambient Temp (C)      | 25.0                     |
| ThetaJA (C/W)         | 1.9                      |
| Airflow (LFM)         | 250                      |
| Heat Sink             | medium (Medium Profile)  |
| ThetaSA (C/W)         | 3.4                      |
| Board Selection       | medium (10"x10")         |
| # of Board Layers     | 12to15 (12 to 15 Layers) |
| Board Temperature (C) | 25.0                     |
+-----------------------+--------------------------+


2.2 Clock Constraints
---------------------

+-------+--------+-----------------+
| Clock | Domain | Constraint (ns) |
+-------+--------+-----------------+


3. Detailed Reports
-------------------

3.1 By Hierarchy
----------------

+----------------------------------------------+-----------+
| Name                                         | Power (W) |
+----------------------------------------------+-----------+
| OEXp05_CPU                                   |    68.536 |
|   M4                                         |     0.023 |
|   U1                                         |     9.670 |
|     U1_1                                     |     0.452 |
|     U1_2                                     |     8.502 |
|       ALU                                    |     0.242 |
|       PC                                     |     1.669 |
|       REGS                                   |     6.590 |
|     U1_3                                     |     0.648 |
|   U10                                        |     1.077 |
|   U11                                        |     4.488 |
|     FONT_8X16                                |     0.103 |
|     MEMBUF_reg_0_63_0_2                      |     0.004 |
|     MEMBUF_reg_0_63_12_14                    |     0.002 |
|     MEMBUF_reg_0_63_15_17                    |     0.004 |
|     MEMBUF_reg_0_63_18_20                    |     0.004 |
|     MEMBUF_reg_0_63_21_23                    |     0.005 |
|     MEMBUF_reg_0_63_24_26                    |     0.001 |
|     MEMBUF_reg_0_63_27_29                    |    <0.001 |
|     MEMBUF_reg_0_63_30_30                    |    <0.001 |
|     MEMBUF_reg_0_63_31_31                    |    <0.001 |
|     MEMBUF_reg_0_63_3_5                      |     0.004 |
|     MEMBUF_reg_0_63_6_8                      |     0.003 |
|     MEMBUF_reg_0_63_9_11                     |     0.004 |
|     MEMBUF_reg_128_191_0_2                   |     0.005 |
|     MEMBUF_reg_128_191_12_14                 |     0.002 |
|     MEMBUF_reg_128_191_15_17                 |     0.004 |
|     MEMBUF_reg_128_191_18_20                 |     0.004 |
|     MEMBUF_reg_128_191_21_23                 |     0.004 |
|     MEMBUF_reg_128_191_24_26                 |     0.001 |
|     MEMBUF_reg_128_191_27_29                 |    <0.001 |
|     MEMBUF_reg_128_191_30_30                 |    <0.001 |
|     MEMBUF_reg_128_191_31_31                 |    <0.001 |
|     MEMBUF_reg_128_191_3_5                   |     0.005 |
|     MEMBUF_reg_128_191_6_8                   |     0.003 |
|     MEMBUF_reg_128_191_9_11                  |     0.005 |
|     U12                                      |     3.805 |
|     data_buf_reg_0_3_0_5                     |     0.015 |
|     data_buf_reg_0_3_12_17                   |     0.012 |
|     data_buf_reg_0_3_18_23                   |     0.011 |
|     data_buf_reg_0_3_24_29                   |     0.007 |
|     data_buf_reg_0_3_30_31                   |     0.003 |
|     data_buf_reg_0_3_6_11                    |     0.014 |
|   U2                                         |    10.556 |
|     U0                                       |     3.559 |
|       synth_options.dist_mem_inst            |     3.559 |
|         gen_rom.rom_inst                     |     3.559 |
|   U3                                         |     0.622 |
|     U0                                       |     0.622 |
|       inst_blk_mem_gen                       |     0.622 |
|         gnbram.gnativebmg.native_blk_mem_gen |     0.622 |
|           valid.cstr                         |     0.622 |
|             ramloop[0].ram.r                 |     0.622 |
|               prim_init.ram                  |     0.622 |
|   U4                                         |     0.712 |
|   U5                                         |     1.027 |
|   U6                                         |     1.846 |
|     PT7SEG                                   |     1.806 |
|   U61                                        |     0.368 |
|   U7                                         |     0.125 |
|     PTLED                                    |     0.125 |
|   U71                                        |    <0.001 |
|   U8                                         |     0.335 |
|   U9                                         |     0.318 |
+----------------------------------------------+-----------+


