#-----------------------------------------------------------
# Vivado v2017.4 (64-bit)
# SW Build 2086221 on Fri Dec 15 20:55:39 MST 2017
# IP Build 2085800 on Fri Dec 15 22:25:07 MST 2017
# Start of session at: Tue Mar 30 17:12:48 2021
# Process ID: 22388
# Current directory: F:/Desk/Success Vivado/OExp3_HDL
# Command line: vivado.exe -gui_launcher_event rodinguilauncherevent24192 F:\Desk\Success Vivado\OExp3_HDL\OExp_HDL.xpr
# Log file: F:/Desk/Success Vivado/OExp3_HDL/vivado.log
# Journal file: F:/Desk/Success Vivado/OExp3_HDL\vivado.jou
#-----------------------------------------------------------
start_gui
open_project {F:/Desk/Success Vivado/OExp3_HDL/OExp_HDL.xpr}
INFO: [Project 1-313] Project file moved from 'F:/Desk/OExp_HDL' since last save.
Scanning sources...
Finished scanning sources
INFO: [IP_Flow 19-234] Refreshing IP repositories
INFO: [IP_Flow 19-1704] No user IP repositories specified
INFO: [IP_Flow 19-2313] Loaded Vivado IP repository 'F:/Xlinx/Vivado/2017.4/data/ip'.
open_project: Time (s): cpu = 00:00:16 ; elapsed = 00:00:07 . Memory (MB): peak = 875.363 ; gain = 96.078
open_hw
update_compile_order -fileset sources_1
connect_hw_server
INFO: [Labtools 27-2285] Connecting to hw_server url TCP:localhost:3121
open_hw_target
INFO: [Labtoolstcl 44-466] Opening hw_target localhost:3121/xilinx_tcf/Digilent/201612300081
set_property PROGRAM.FILE {F:/Desk/Success Vivado/OExp3_HDL/OExp_HDL.runs/impl_1/CSTE_RISCVEDF.bit} [get_hw_devices xc7k160t_0]
current_hw_device [get_hw_devices xc7k160t_0]
refresh_hw_device -update_hw_probes false [lindex [get_hw_devices xc7k160t_0] 0]
INFO: [Labtools 27-1434] Device xc7k160t (JTAG device index = 0) is programmed with a design that has no supported debug core(s) in it.
WARNING: [Labtools 27-3361] The debug hub core was not detected.
Resolution: 
1. Make sure the clock connected to the debug hub (dbg_hub) core is a free running clock and is active.
2. Make sure the BSCAN_SWITCH_USER_MASK device property in Vivado Hardware Manager reflects the user scan chain setting in the design and refresh the device.  To determine the user scan chain setting in the design, open the implemented design and use 'get_property C_USER_SCAN_CHAIN [get_debug_cores dbg_hub]'.
For more details on setting the scan chain property, consult the Vivado Debug and Programming User Guide (UG908).
exit
INFO: [Common 17-206] Exiting Vivado at Tue Mar 30 17:17:25 2021...
