#-----------------------------------------------------------
# Vivado v2017.4 (64-bit)
# SW Build 2086221 on Fri Dec 15 20:55:39 MST 2017
# IP Build 2085800 on Fri Dec 15 22:25:07 MST 2017
# Start of session at: Tue Apr 20 22:59:53 2021
# Process ID: 10024
# Current directory: F:/Desk/Success Vivado/muxctrl
# Command line: vivado.exe -gui_launcher_event rodinguilauncherevent14376 F:\Desk\Success Vivado\muxctrl\muxctrl.xpr
# Log file: F:/Desk/Success Vivado/muxctrl/vivado.log
# Journal file: F:/Desk/Success Vivado/muxctrl\vivado.jou
#-----------------------------------------------------------
start_gui
open_project {F:/Desk/Success Vivado/muxctrl/muxctrl.xpr}
Scanning sources...
Finished scanning sources
INFO: [IP_Flow 19-234] Refreshing IP repositories
INFO: [IP_Flow 19-1700] Loaded user IP repository 'f:/Desk/Success Vivado/MUX2T1_5/MUX2T1_5.srcs'.
INFO: [IP_Flow 19-2313] Loaded Vivado IP repository 'F:/Xlinx/Vivado/2017.4/data/ip'.
CRITICAL WARNING: [IP_Flow 19-1663] Duplicate IP found for 'xilinx.com:user:MUX2T1_5:1.0'. The one found in IP location 'f:/Desk/Success Vivado/MUX2T1_5/MUX2T1_5.srcs' will take precedence over the same IP in location f:/Desk/Success Vivado/MUX2T1_5/MUX2T1_5.srcs/sources_1/imports/ip
WARNING: [BD 41-1661] One or more IPs have been locked in the design 'design_1.bd'. Please run report_ip_status for more details and recommendations on how to fix this issue.
List of locked IPs:
design_1_MUX4T1_5_1_0
design_1_MUX8T1_8_0_0

update_compile_order -fileset sources_1
open_bd_design {F:/Desk/Success Vivado/muxctrl/muxctrl.srcs/sources_1/bd/design_1/design_1.bd}
Adding cell -- xilinx.com:user:MUX2T1_5:1.0 - MUX2T1_5_0
Adding cell -- xilinx.com:user:MUX4T1_5:1.0 - MUX4T1_5_1
Adding cell -- xilinx.com:user:MUX2T1_5:1.0 - MUX2T1_5_1
Adding cell -- xilinx.com:ip:xlslice:1.0 - xlslice_0
Adding cell -- xilinx.com:ip:xlslice:1.0 - xlslice_1
Adding cell -- xilinx.com:ip:xlconcat:2.1 - xlconcat_0
Adding cell -- xilinx.com:ip:xlconcat:2.1 - xlconcat_1
Adding cell -- xilinx.com:ip:xlconstant:1.1 - xlconstant_0
Adding cell -- xilinx.com:ip:xlconstant:1.1 - xlconstant_1
Adding cell -- xilinx.com:ip:xlconstant:1.1 - xlconstant_2
Adding cell -- xilinx.com:ip:xlconstant:1.1 - xlconstant_3
Adding cell -- xilinx.com:user:MUX8T1_8:1.0 - MUX8T1_8_0
Adding cell -- xilinx.com:ip:xlslice:1.0 - xlslice_2
Adding cell -- xilinx.com:ip:xlslice:1.0 - xlslice_3
Successfully read diagram <design_1> from BD file <F:/Desk/Success Vivado/muxctrl/muxctrl.srcs/sources_1/bd/design_1/design_1.bd>
exit
INFO: [Common 17-206] Exiting Vivado at Tue Apr 20 23:00:23 2021...
