#-----------------------------------------------------------
# Vivado v2017.4 (64-bit)
# SW Build 2086221 on Fri Dec 15 20:55:39 MST 2017
# IP Build 2085800 on Fri Dec 15 22:25:07 MST 2017
# Start of session at: Tue Apr  6 20:28:21 2021
# Process ID: 25096
# Current directory: F:/Desk/Success Vivado/muxctrl
# Command line: vivado.exe -gui_launcher_event rodinguilauncherevent8040 F:\Desk\Success Vivado\muxctrl\muxctrl.xpr
# Log file: F:/Desk/Success Vivado/muxctrl/vivado.log
# Journal file: F:/Desk/Success Vivado/muxctrl\vivado.jou
#-----------------------------------------------------------
start_gui
open_project {F:/Desk/Success Vivado/muxctrl/muxctrl.xpr}
INFO: [Project 1-313] Project file moved from 'F:/Desk/muxctrl' since last save.
Scanning sources...
Finished scanning sources
WARNING: [filemgmt 56-2] IP Repository Path: Could not find the directory 'F:/Desk/Success Vivado/project_1-Element/IP/MUX/MUX8T1_8/MUX8T1_8.srcs', nor could it be found using path 'F:/Desk/project_1-Element/IP/MUX/MUX8T1_8/MUX8T1_8.srcs'.
WARNING: [filemgmt 56-2] IP Repository Path: Could not find the directory 'F:/Desk/Success Vivado/project_1-Element/IP/MUX/MUX2T1_8/MUX2T1_8.srcs', nor could it be found using path 'F:/Desk/project_1-Element/IP/MUX/MUX2T1_8/MUX2T1_8.srcs'.
WARNING: [filemgmt 56-2] IP Repository Path: Could not find the directory 'F:/Desk/Success Vivado/project_1-Element/IP/MUX/MUX4T1_5/MUX4T1_5.srcs', nor could it be found using path 'F:/Desk/project_1-Element/IP/MUX/MUX4T1_5/MUX4T1_5.srcs'.
INFO: [IP_Flow 19-234] Refreshing IP repositories
INFO: [IP_Flow 19-1700] Loaded user IP repository 'f:/Desk/Success Vivado/MUX2T1_5/MUX2T1_5.srcs'.
WARNING: [IP_Flow 19-2248] Failed to load user IP repository 'f:/Desk/Success Vivado/project_1-Element/IP/MUX/MUX8T1_8/MUX8T1_8.srcs'; Can't find the specified path.
If this directory should no longer be in your list of user repositories, go to the IP Settings dialog and remove it.
WARNING: [IP_Flow 19-2248] Failed to load user IP repository 'f:/Desk/Success Vivado/project_1-Element/IP/MUX/MUX2T1_8/MUX2T1_8.srcs'; Can't find the specified path.
If this directory should no longer be in your list of user repositories, go to the IP Settings dialog and remove it.
WARNING: [IP_Flow 19-2248] Failed to load user IP repository 'f:/Desk/Success Vivado/project_1-Element/IP/MUX/MUX4T1_5/MUX4T1_5.srcs'; Can't find the specified path.
If this directory should no longer be in your list of user repositories, go to the IP Settings dialog and remove it.
INFO: [IP_Flow 19-2313] Loaded Vivado IP repository 'F:/Xlinx/Vivado/2017.4/data/ip'.
CRITICAL WARNING: [IP_Flow 19-1663] Duplicate IP found for 'xilinx.com:user:MUX2T1_5:1.0'. The one found in IP location 'f:/Desk/Success Vivado/MUX2T1_5/MUX2T1_5.srcs' will take precedence over the same IP in location f:/Desk/Success Vivado/MUX2T1_5/MUX2T1_5.srcs/sources_1/imports/ip
WARNING: [BD 41-1661] One or more IPs have been locked in the design 'design_1.bd'. Please run report_ip_status for more details and recommendations on how to fix this issue.
List of locked IPs:
design_1_MUX4T1_5_1_0
design_1_MUX8T1_8_0_0

open_project: Time (s): cpu = 00:00:14 ; elapsed = 00:00:07 . Memory (MB): peak = 872.262 ; gain = 118.965
update_compile_order -fileset sources_1
open_bd_design {F:/Desk/Success Vivado/muxctrl/muxctrl.srcs/sources_1/bd/design_1/design_1.bd}
Adding cell -- xilinx.com:user:MUX2T1_5:1.0 - MUX2T1_5_0
Adding cell -- xilinx.com:user:MUX4T1_5:1.0 - MUX4T1_5_1
Adding cell -- xilinx.com:user:MUX2T1_5:1.0 - MUX2T1_5_1
Adding cell -- xilinx.com:ip:xlslice:1.0 - xlslice_0
Adding cell -- xilinx.com:ip:xlslice:1.0 - xlslice_1
Adding cell -- xilinx.com:ip:xlconcat:2.1 - xlconcat_0
Adding cell -- xilinx.com:ip:xlconcat:2.1 - xlconcat_1
Adding cell -- xilinx.com:ip:xlconstant:1.1 - xlconstant_0
Adding cell -- xilinx.com:ip:xlconstant:1.1 - xlconstant_1
Adding cell -- xilinx.com:ip:xlconstant:1.1 - xlconstant_2
Adding cell -- xilinx.com:ip:xlconstant:1.1 - xlconstant_3
Adding cell -- xilinx.com:user:MUX8T1_8:1.0 - MUX8T1_8_0
Adding cell -- xilinx.com:ip:xlslice:1.0 - xlslice_2
Adding cell -- xilinx.com:ip:xlslice:1.0 - xlslice_3
Successfully read diagram <design_1> from BD file <F:/Desk/Success Vivado/muxctrl/muxctrl.srcs/sources_1/bd/design_1/design_1.bd>
open_bd_design: Time (s): cpu = 00:00:14 ; elapsed = 00:00:08 . Memory (MB): peak = 1014.836 ; gain = 53.844
update_ip_catalog -rebuild
INFO: [IP_Flow 19-234] Refreshing IP repositories
INFO: [IP_Flow 19-1700] Loaded user IP repository 'f:/Desk/Success Vivado/MUX2T1_5/MUX2T1_5.srcs'.
WARNING: [IP_Flow 19-2248] Failed to load user IP repository 'f:/Desk/Success Vivado/project_1-Element/IP/MUX/MUX8T1_8/MUX8T1_8.srcs'; Can't find the specified path.
If this directory should no longer be in your list of user repositories, go to the IP Settings dialog and remove it.
WARNING: [IP_Flow 19-2248] Failed to load user IP repository 'f:/Desk/Success Vivado/project_1-Element/IP/MUX/MUX2T1_8/MUX2T1_8.srcs'; Can't find the specified path.
If this directory should no longer be in your list of user repositories, go to the IP Settings dialog and remove it.
WARNING: [IP_Flow 19-2248] Failed to load user IP repository 'f:/Desk/Success Vivado/project_1-Element/IP/MUX/MUX4T1_5/MUX4T1_5.srcs'; Can't find the specified path.
If this directory should no longer be in your list of user repositories, go to the IP Settings dialog and remove it.
CRITICAL WARNING: [IP_Flow 19-1663] Duplicate IP found for 'xilinx.com:user:MUX2T1_5:1.0'. The one found in IP location 'f:/Desk/Success Vivado/MUX2T1_5/MUX2T1_5.srcs' will take precedence over the same IP in location f:/Desk/Success Vivado/MUX2T1_5/MUX2T1_5.srcs/sources_1/imports/ip
set_property  ip_repo_paths  {{f:/Desk/Success Vivado/MUX2T1_5/MUX2T1_5.srcs}} [current_project]
update_ip_catalog
INFO: [IP_Flow 19-234] Refreshing IP repositories
INFO: [IP_Flow 19-1700] Loaded user IP repository 'f:/Desk/Success Vivado/MUX2T1_5/MUX2T1_5.srcs'.
CRITICAL WARNING: [IP_Flow 19-1663] Duplicate IP found for 'xilinx.com:user:MUX2T1_5:1.0'. The one found in IP location 'f:/Desk/Success Vivado/MUX2T1_5/MUX2T1_5.srcs' will take precedence over the same IP in location f:/Desk/Success Vivado/MUX2T1_5/MUX2T1_5.srcs/sources_1/imports/ip
validate_bd_design -force
ERROR: [BD 5-336] This command cannot be run, as the BD-design is locked. Locked reason(s):
* Block design contains locked IPs. Please run report_ip_status for more details and recommendations on how to fix this issue. 
List of locked IPs: 
design_1_MUX4T1_5_1_0
design_1_MUX8T1_8_0_0

ERROR: [Common 17-39] 'validate_bd_design' failed due to earlier errors.
exit
INFO: [Common 17-206] Exiting Vivado at Tue Apr  6 22:06:25 2021...
