#-----------------------------------------------------------
# Vivado v2017.4 (64-bit)
# SW Build 2086221 on Fri Dec 15 20:55:39 MST 2017
# IP Build 2085800 on Fri Dec 15 22:25:07 MST 2017
# Start of session at: Sun Mar 14 15:09:21 2021
# Process ID: 16980
# Current directory: F:/Desk/muxctrl
# Command line: vivado.exe -gui_launcher_event rodinguilauncherevent592 F:\Desk\muxctrl\muxctrl.xpr
# Log file: F:/Desk/muxctrl/vivado.log
# Journal file: F:/Desk/muxctrl\vivado.jou
#-----------------------------------------------------------
start_gui
open_project F:/Desk/muxctrl/muxctrl.xpr
Scanning sources...
Finished scanning sources
WARNING: [filemgmt 56-3] IP Repository Path: Could not find the directory 'F:/Desk/MUX2T1_5/MUX2T1_5.srcs'.
INFO: [IP_Flow 19-234] Refreshing IP repositories
WARNING: [IP_Flow 19-2248] Failed to load user IP repository 'f:/Desk/MUX2T1_5/MUX2T1_5.srcs'; Can't find the specified path.
If this directory should no longer be in your list of user repositories, go to the IP Settings dialog and remove it.
INFO: [IP_Flow 19-1700] Loaded user IP repository 'f:/Desk/project_1-Element/IP/MUX/MUX8T1_8/MUX8T1_8.srcs'.
INFO: [IP_Flow 19-1700] Loaded user IP repository 'f:/Desk/project_1-Element/IP/MUX/MUX2T1_8/MUX2T1_8.srcs'.
INFO: [IP_Flow 19-1700] Loaded user IP repository 'f:/Desk/project_1-Element/IP/MUX/MUX4T1_5/MUX4T1_5.srcs'.
INFO: [IP_Flow 19-2313] Loaded Vivado IP repository 'F:/Xlinx/Vivado/2017.4/data/ip'.
WARNING: [BD 41-1661] One or more IPs have been locked in the design 'design_1.bd'. Please run report_ip_status for more details and recommendations on how to fix this issue.
List of locked IPs:
design_1_MUX2T1_5_0_2
design_1_MUX2T1_5_1_0

open_project: Time (s): cpu = 00:00:15 ; elapsed = 00:00:07 . Memory (MB): peak = 863.125 ; gain = 109.625
update_compile_order -fileset sources_1
exit
INFO: [Common 17-206] Exiting Vivado at Sun Mar 14 15:10:57 2021...
