#-----------------------------------------------------------
# Vivado v2017.4 (64-bit)
# SW Build 2086221 on Fri Dec 15 20:55:39 MST 2017
# IP Build 2085800 on Fri Dec 15 22:25:07 MST 2017
# Start of session at: Tue Mar  9 16:02:00 2021
# Process ID: 21848
# Current directory: F:/Desk/muxctrl
# Command line: vivado.exe -gui_launcher_event rodinguilauncherevent4032 F:\Desk\muxctrl\muxctrl.xpr
# Log file: F:/Desk/muxctrl/vivado.log
# Journal file: F:/Desk/muxctrl\vivado.jou
#-----------------------------------------------------------
start_gui
open_project F:/Desk/muxctrl/muxctrl.xpr
Scanning sources...
Finished scanning sources
INFO: [IP_Flow 19-234] Refreshing IP repositories
INFO: [IP_Flow 19-1700] Loaded user IP repository 'f:/Desk/MUX2T1_5/MUX2T1_5.srcs'.
INFO: [IP_Flow 19-1700] Loaded user IP repository 'f:/Desk/project_1-Element/IP/MUX/MUX8T1_8/MUX8T1_8.srcs'.
INFO: [IP_Flow 19-1700] Loaded user IP repository 'f:/Desk/project_1-Element/IP/MUX/MUX2T1_8/MUX2T1_8.srcs'.
INFO: [IP_Flow 19-1700] Loaded user IP repository 'f:/Desk/project_1-Element/IP/MUX/MUX4T1_5/MUX4T1_5.srcs'.
INFO: [IP_Flow 19-2313] Loaded Vivado IP repository 'F:/Xlinx/Vivado/2017.4/data/ip'.
CRITICAL WARNING: [IP_Flow 19-1663] Duplicate IP found for 'xilinx.com:user:MUX2T1_5:1.0'. The one found in IP location 'f:/Desk/MUX2T1_5/MUX2T1_5.srcs' will take precedence over the same IP in location f:/Desk/MUX2T1_5/MUX2T1_5.srcs/sources_1/imports/ip
open_project: Time (s): cpu = 00:00:16 ; elapsed = 00:00:07 . Memory (MB): peak = 891.695 ; gain = 132.121
update_compile_order -fileset sources_1
open_hw
connect_hw_server
INFO: [Labtools 27-2285] Connecting to hw_server url TCP:localhost:3121
INFO: [Labtools 27-2222] Launching hw_server...
INFO: [Labtools 27-2221] Launch Output:

****** Xilinx hw_server v2017.4
  **** Build date : Dec 15 2017-21:08:27
    ** Copyright 1986-2017 Xilinx, Inc. All Rights Reserved.


open_hw_target
INFO: [Labtoolstcl 44-466] Opening hw_target localhost:3121/xilinx_tcf/Digilent/201706300081
set_property PROGRAM.FILE {F:/Desk/muxctrl/muxctrl.runs/impl_1/design_1_wrapper.bit} [get_hw_devices xc7k160t_0]
current_hw_device [get_hw_devices xc7k160t_0]
refresh_hw_device -update_hw_probes false [lindex [get_hw_devices xc7k160t_0] 0]
INFO: [Labtools 27-1434] Device xc7k160t (JTAG device index = 0) is programmed with a design that has no supported debug core(s) in it.
WARNING: [Labtools 27-3361] The debug hub core was not detected.
Resolution: 
1. Make sure the clock connected to the debug hub (dbg_hub) core is a free running clock and is active.
2. Make sure the BSCAN_SWITCH_USER_MASK device property in Vivado Hardware Manager reflects the user scan chain setting in the design and refresh the device.  To determine the user scan chain setting in the design, open the implemented design and use 'get_property C_USER_SCAN_CHAIN [get_debug_cores dbg_hub]'.
For more details on setting the scan chain property, consult the Vivado Debug and Programming User Guide (UG908).
set_property PROBES.FILE {} [get_hw_devices xc7k160t_0]
set_property FULL_PROBES.FILE {} [get_hw_devices xc7k160t_0]
set_property PROGRAM.FILE {F:/Desk/muxctrl/muxctrl.runs/impl_1/design_1_wrapper.bit} [get_hw_devices xc7k160t_0]
program_hw_devices [get_hw_devices xc7k160t_0]
INFO: [Labtools 27-3164] End of startup status: HIGH
program_hw_devices: Time (s): cpu = 00:00:06 ; elapsed = 00:00:06 . Memory (MB): peak = 1550.738 ; gain = 0.000
refresh_hw_device [lindex [get_hw_devices xc7k160t_0] 0]
INFO: [Labtools 27-1434] Device xc7k160t (JTAG device index = 0) is programmed with a design that has no supported debug core(s) in it.
WARNING: [Labtools 27-3361] The debug hub core was not detected.
Resolution: 
1. Make sure the clock connected to the debug hub (dbg_hub) core is a free running clock and is active.
2. Make sure the BSCAN_SWITCH_USER_MASK device property in Vivado Hardware Manager reflects the user scan chain setting in the design and refresh the device.  To determine the user scan chain setting in the design, open the implemented design and use 'get_property C_USER_SCAN_CHAIN [get_debug_cores dbg_hub]'.
For more details on setting the scan chain property, consult the Vivado Debug and Programming User Guide (UG908).
close_hw
reset_run synth_1
launch_runs impl_1 -to_step write_bitstream -jobs 8
[Tue Mar  9 16:11:12 2021] Launched synth_1...
Run output will be captured here: F:/Desk/muxctrl/muxctrl.runs/synth_1/runme.log
[Tue Mar  9 16:11:12 2021] Launched impl_1...
Run output will be captured here: F:/Desk/muxctrl/muxctrl.runs/impl_1/runme.log
reset_run impl_1 -prev_step 
launch_runs impl_1 -to_step write_bitstream -jobs 8
[Tue Mar  9 16:17:53 2021] Launched impl_1...
Run output will be captured here: F:/Desk/muxctrl/muxctrl.runs/impl_1/runme.log
open_run impl_1
INFO: [Netlist 29-17] Analyzing 19 Unisim elements for replacement
INFO: [Netlist 29-28] Unisim Transformation completed in 0 CPU seconds
INFO: [Project 1-479] Netlist was created with Vivado 2017.4
INFO: [Device 21-403] Loading part xc7k160tffg676-2L
INFO: [Project 1-570] Preparing netlist for logic optimization
Parsing XDC File [F:/Desk/muxctrl/.Xil/Vivado-21848-LAPTOP-0HOK14LD/dcp0/design_1_wrapper.xdc]
Finished Parsing XDC File [F:/Desk/muxctrl/.Xil/Vivado-21848-LAPTOP-0HOK14LD/dcp0/design_1_wrapper.xdc]
Reading XDEF placement.
Reading placer database...
Reading XDEF routing.
Read XDEF File: Time (s): cpu = 00:00:00 ; elapsed = 00:00:00.037 . Memory (MB): peak = 1922.250 ; gain = 0.598
Restored from archive | CPU: 0.000000 secs | Memory: 0.000000 MB |
Finished XDEF File Restore: Time (s): cpu = 00:00:00 ; elapsed = 00:00:00.038 . Memory (MB): peak = 1922.250 ; gain = 0.598
INFO: [Project 1-111] Unisim Transformation Summary:
No Unisim elements were transformed.

open_run: Time (s): cpu = 00:00:28 ; elapsed = 00:00:18 . Memory (MB): peak = 2075.469 ; gain = 482.844
WARNING: [Timing 38-313] There are no user specified timing constraints. Timing constraints are needed for proper timing analysis.
open_hw
connect_hw_server
INFO: [Labtools 27-2285] Connecting to hw_server url TCP:localhost:3121
INFO: [Labtools 27-2222] Launching hw_server...
INFO: [Labtools 27-2221] Launch Output:

****** Xilinx hw_server v2017.4
  **** Build date : Dec 15 2017-21:08:27
    ** Copyright 1986-2017 Xilinx, Inc. All Rights Reserved.


open_hw_target
INFO: [Labtoolstcl 44-466] Opening hw_target localhost:3121/xilinx_tcf/Digilent/201706300081
set_property PROGRAM.FILE {F:/Desk/muxctrl/muxctrl.runs/impl_1/design_1_wrapper.bit} [get_hw_devices xc7k160t_0]
current_hw_device [get_hw_devices xc7k160t_0]
refresh_hw_device -update_hw_probes false [lindex [get_hw_devices xc7k160t_0] 0]
INFO: [Labtools 27-1434] Device xc7k160t (JTAG device index = 0) is programmed with a design that has no supported debug core(s) in it.
WARNING: [Labtools 27-3361] The debug hub core was not detected.
Resolution: 
1. Make sure the clock connected to the debug hub (dbg_hub) core is a free running clock and is active.
2. Make sure the BSCAN_SWITCH_USER_MASK device property in Vivado Hardware Manager reflects the user scan chain setting in the design and refresh the device.  To determine the user scan chain setting in the design, open the implemented design and use 'get_property C_USER_SCAN_CHAIN [get_debug_cores dbg_hub]'.
For more details on setting the scan chain property, consult the Vivado Debug and Programming User Guide (UG908).
set_property PROBES.FILE {} [get_hw_devices xc7k160t_0]
set_property FULL_PROBES.FILE {} [get_hw_devices xc7k160t_0]
set_property PROGRAM.FILE {F:/Desk/muxctrl/muxctrl.runs/impl_1/design_1_wrapper.bit} [get_hw_devices xc7k160t_0]
program_hw_devices [get_hw_devices xc7k160t_0]
INFO: [Labtools 27-3164] End of startup status: HIGH
program_hw_devices: Time (s): cpu = 00:00:05 ; elapsed = 00:00:06 . Memory (MB): peak = 2512.891 ; gain = 0.000
refresh_hw_device [lindex [get_hw_devices xc7k160t_0] 0]
INFO: [Labtools 27-1434] Device xc7k160t (JTAG device index = 0) is programmed with a design that has no supported debug core(s) in it.
WARNING: [Labtools 27-3361] The debug hub core was not detected.
Resolution: 
1. Make sure the clock connected to the debug hub (dbg_hub) core is a free running clock and is active.
2. Make sure the BSCAN_SWITCH_USER_MASK device property in Vivado Hardware Manager reflects the user scan chain setting in the design and refresh the device.  To determine the user scan chain setting in the design, open the implemented design and use 'get_property C_USER_SCAN_CHAIN [get_debug_cores dbg_hub]'.
For more details on setting the scan chain property, consult the Vivado Debug and Programming User Guide (UG908).
ERROR: [Labtoolstcl 44-513] HW Target shutdown. Closing target: localhost:3121/xilinx_tcf/Digilent/201706300081
close_hw
open_hw
connect_hw_server
INFO: [Labtools 27-2285] Connecting to hw_server url TCP:localhost:3121
INFO: [Labtools 27-2222] Launching hw_server...
INFO: [Labtools 27-2221] Launch Output:

****** Xilinx hw_server v2017.4
  **** Build date : Dec 15 2017-21:08:27
    ** Copyright 1986-2017 Xilinx, Inc. All Rights Reserved.


open_hw_target
INFO: [Labtoolstcl 44-466] Opening hw_target localhost:3121/xilinx_tcf/Digilent/201706300081
set_property PROGRAM.FILE {F:/Desk/muxctrl/muxctrl.runs/impl_1/design_1_wrapper.bit} [get_hw_devices xc7k160t_0]
current_hw_device [get_hw_devices xc7k160t_0]
refresh_hw_device -update_hw_probes false [lindex [get_hw_devices xc7k160t_0] 0]
INFO: [Labtools 27-1434] Device xc7k160t (JTAG device index = 0) is programmed with a design that has no supported debug core(s) in it.
WARNING: [Labtools 27-3361] The debug hub core was not detected.
Resolution: 
1. Make sure the clock connected to the debug hub (dbg_hub) core is a free running clock and is active.
2. Make sure the BSCAN_SWITCH_USER_MASK device property in Vivado Hardware Manager reflects the user scan chain setting in the design and refresh the device.  To determine the user scan chain setting in the design, open the implemented design and use 'get_property C_USER_SCAN_CHAIN [get_debug_cores dbg_hub]'.
For more details on setting the scan chain property, consult the Vivado Debug and Programming User Guide (UG908).
set_property PROBES.FILE {} [get_hw_devices xc7k160t_0]
set_property FULL_PROBES.FILE {} [get_hw_devices xc7k160t_0]
set_property PROGRAM.FILE {F:/Desk/muxctrl/muxctrl.runs/impl_1/design_1_wrapper.bit} [get_hw_devices xc7k160t_0]
program_hw_devices [get_hw_devices xc7k160t_0]
INFO: [Labtools 27-3164] End of startup status: HIGH
program_hw_devices: Time (s): cpu = 00:00:06 ; elapsed = 00:00:06 . Memory (MB): peak = 2520.305 ; gain = 0.070
refresh_hw_device [lindex [get_hw_devices xc7k160t_0] 0]
INFO: [Labtools 27-1434] Device xc7k160t (JTAG device index = 0) is programmed with a design that has no supported debug core(s) in it.
WARNING: [Labtools 27-3361] The debug hub core was not detected.
Resolution: 
1. Make sure the clock connected to the debug hub (dbg_hub) core is a free running clock and is active.
2. Make sure the BSCAN_SWITCH_USER_MASK device property in Vivado Hardware Manager reflects the user scan chain setting in the design and refresh the device.  To determine the user scan chain setting in the design, open the implemented design and use 'get_property C_USER_SCAN_CHAIN [get_debug_cores dbg_hub]'.
For more details on setting the scan chain property, consult the Vivado Debug and Programming User Guide (UG908).
exit
INFO: [Common 17-206] Exiting Vivado at Tue Mar  9 19:16:54 2021...
