#-----------------------------------------------------------
# Vivado v2020.2 (64-bit)
# SW Build 3064766 on Wed Nov 18 09:12:45 MST 2020
# IP Build 3064653 on Wed Nov 18 14:17:31 MST 2020
# Start of session at: Sun Sep 26 22:42:11 2021
# Process ID: 23184
# Current directory: F:/Desk/MyCollege/大二下/计算机组成/实验/实验12/lab/lab12/EXP012
# Command line: vivado.exe -gui_launcher_event rodinguilauncherevent4244 F:\Desk\MyCollege\大二下\计算机组成\实验\实验12\lab\lab12\EXP012\OExp05_CPU.xpr
# Log file: F:/Desk/MyCollege/大二下/计算机组成/实验/实验12/lab/lab12/EXP012/vivado.log
# Journal file: F:/Desk/MyCollege/大二下/计算机组成/实验/实验12/lab/lab12/EXP012\vivado.jou
#-----------------------------------------------------------
start_gui
open_project F:/Desk/MyCollege/大二下/计算机组成/实验/实验12/lab/lab12/EXP012/OExp05_CPU.xpr
Scanning sources...
Finished scanning sources
INFO: [IP_Flow 19-234] Refreshing IP repositories
INFO: [IP_Flow 19-1704] No user IP repositories specified
INFO: [IP_Flow 19-2313] Loaded Vivado IP repository 'F:/Xlinx2020/Vivado/2020.2/data/ip'.
WARNING: [IP_Flow 19-2162] IP 'RAM' is locked:
* IP definition 'Block Memory Generator (8.4)' for IP 'RAM' (customized with software release 2017.4) has a different revision in the IP Catalog.
WARNING: [IP_Flow 19-2162] IP 'ROM' is locked:
* IP definition 'Distributed Memory Generator (8.0)' for IP 'ROM' (customized with software release 2017.4) has a different revision in the IP Catalog.
open_project: Time (s): cpu = 00:00:22 ; elapsed = 00:00:09 . Memory (MB): peak = 1108.844 ; gain = 0.000
update_compile_order -fileset sources_1
