#-----------------------------------------------------------
# Vivado v2017.4 (64-bit)
# SW Build 2086221 on Fri Dec 15 20:55:39 MST 2017
# IP Build 2085800 on Fri Dec 15 22:25:07 MST 2017
# Start of session at: Sat Jun  5 16:24:31 2021
# Process ID: 7552
# Current directory: F:/Desk/实验11/EXP011
# Command line: vivado.exe -gui_launcher_event rodinguilauncherevent11472 F:\Desk\实验11\EXP011\OExp05_CPU.xpr
# Log file: F:/Desk/实验11/EXP011/vivado.log
# Journal file: F:/Desk/实验11/EXP011\vivado.jou
#-----------------------------------------------------------
start_gui
open_project F:/Desk/实验11/EXP011/OExp05_CPU.xpr
INFO: [Project 1-313] Project file moved from 'F:/Desk/EXP011' since last save.
Scanning sources...
Finished scanning sources
INFO: [IP_Flow 19-234] Refreshing IP repositories
INFO: [IP_Flow 19-1704] No user IP repositories specified
INFO: [IP_Flow 19-2313] Loaded Vivado IP repository 'F:/Xlinx/Vivado/2017.4/data/ip'.
update_compile_order -fileset sources_1
exit
INFO: [Common 17-206] Exiting Vivado at Sat Jun  5 20:29:22 2021...
