#-----------------------------------------------------------
# Vivado v2017.4 (64-bit)
# SW Build 2086221 on Fri Dec 15 20:55:39 MST 2017
# IP Build 2085800 on Fri Dec 15 22:25:07 MST 2017
# Start of session at: Tue Jun 15 14:39:15 2021
# Process ID: 23252
# Current directory: F:/Desk/lab11/EXP011
# Command line: vivado.exe -gui_launcher_event rodinguilauncherevent18632 F:\Desk\lab11\EXP011\OExp05_CPU.xpr
# Log file: F:/Desk/lab11/EXP011/vivado.log
# Journal file: F:/Desk/lab11/EXP011\vivado.jou
#-----------------------------------------------------------
start_gui
open_project F:/Desk/lab11/EXP011/OExp05_CPU.xpr
INFO: [Project 1-313] Project file moved from 'F:/Desk/EXP011' since last save.
Scanning sources...
Finished scanning sources
INFO: [IP_Flow 19-234] Refreshing IP repositories
INFO: [IP_Flow 19-1704] No user IP repositories specified
INFO: [IP_Flow 19-2313] Loaded Vivado IP repository 'F:/Xlinx/Vivado/2017.4/data/ip'.
open_project: Time (s): cpu = 00:00:24 ; elapsed = 00:00:11 . Memory (MB): peak = 878.473 ; gain = 110.316
reset_run impl_1 -prev_step 
launch_runs impl_1 -to_step write_bitstream -jobs 16
[Tue Jun 15 14:39:55 2021] Launched impl_1...
Run output will be captured here: F:/Desk/lab11/EXP011/OExp05_CPU.runs/impl_1/runme.log
update_compile_order -fileset sources_1
open_hw
exit
INFO: [Common 17-206] Exiting Vivado at Tue Jun 15 14:41:45 2021...
