#-----------------------------------------------------------
# Vivado v2017.4 (64-bit)
# SW Build 2086221 on Fri Dec 15 20:55:39 MST 2017
# IP Build 2085800 on Fri Dec 15 22:25:07 MST 2017
# Start of session at: Wed Mar 10 22:29:40 2021
# Process ID: 21280
# Current directory: F:/Desk/addc_32
# Command line: vivado.exe -gui_launcher_event rodinguilauncherevent14852 F:\Desk\addc_32\addc_32.xpr
# Log file: F:/Desk/addc_32/vivado.log
# Journal file: F:/Desk/addc_32\vivado.jou
#-----------------------------------------------------------
start_gui
open_project F:/Desk/addc_32/addc_32.xpr
Scanning sources...
Finished scanning sources
INFO: [IP_Flow 19-234] Refreshing IP repositories
INFO: [IP_Flow 19-1700] Loaded user IP repository 'f:/Desk/addc_32/addc_32.srcs/sources_1/imports/new'.
INFO: [IP_Flow 19-2313] Loaded Vivado IP repository 'F:/Xlinx/Vivado/2017.4/data/ip'.
open_project: Time (s): cpu = 00:00:12 ; elapsed = 00:00:05 . Memory (MB): peak = 844.727 ; gain = 84.859
update_compile_order -fileset sources_1
set_property SOURCE_SET sources_1 [get_filesets sim_1]
import_files -fileset sim_1 -norecurse F:/Desk/project_1-Element/project_1-Element.srcs/sim_1/new/ADC_32_sim.v
update_compile_order -fileset sim_1
update_compile_order -fileset sim_1
launch_simulation
INFO: [Vivado 12-5682] Launching behavioral simulation in 'F:/Desk/addc_32/addc_32.sim/sim_1/behav/xsim'
INFO: [SIM-utils-51] Simulation object is 'sim_1'
INFO: [SIM-utils-54] Inspecting design source files for 'ADC_32_sim' in fileset 'sim_1'...
INFO: [USF-XSim-97] Finding global include files...
INFO: [USF-XSim-98] Fetching design files from 'sim_1'...
INFO: [USF-XSim-2] XSim::Compile design
INFO: [USF-XSim-61] Executing 'COMPILE and ANALYZE' step in 'F:/Desk/addc_32/addc_32.sim/sim_1/behav/xsim'
"xvlog --incr --relax -prj ADC_32_sim_vlog.prj"
INFO: [VRFC 10-2263] Analyzing Verilog file "F:/Desk/addc_32/addc_32.srcs/sources_1/imports/new/ADC32.v" into library xil_defaultlib
INFO: [VRFC 10-311] analyzing module ADC32
INFO: [VRFC 10-2263] Analyzing Verilog file "F:/Desk/addc_32/addc_32.srcs/sources_1/imports/new/adc.v" into library xil_defaultlib
INFO: [VRFC 10-311] analyzing module adc
INFO: [VRFC 10-2263] Analyzing Verilog file "F:/Desk/addc_32/addc_32.srcs/sim_1/imports/new/ADC_32_sim.v" into library xil_defaultlib
INFO: [VRFC 10-311] analyzing module ADC_32_sim
INFO: [VRFC 10-2263] Analyzing Verilog file "F:/Desk/addc_32/addc_32.sim/sim_1/behav/xsim/glbl.v" into library xil_defaultlib
INFO: [VRFC 10-311] analyzing module glbl
INFO: [USF-XSim-69] 'compile' step finished in '1' seconds
INFO: [USF-XSim-3] XSim::Elaborate design
INFO: [USF-XSim-61] Executing 'ELABORATE' step in 'F:/Desk/addc_32/addc_32.sim/sim_1/behav/xsim'
Vivado Simulator 2017.4
Copyright 1986-1999, 2001-2016 Xilinx, Inc. All Rights Reserved.
Running: F:/Xlinx/Vivado/2017.4/bin/unwrapped/win64.o/xelab.exe -wto a05a86049f2c4105970287626512ced6 --incr --debug typical --relax --mt 2 -L xil_defaultlib -L unisims_ver -L unimacro_ver -L secureip --snapshot ADC_32_sim_behav xil_defaultlib.ADC_32_sim xil_defaultlib.glbl -log elaborate.log 
Using 2 slave threads.
Starting static elaboration
Completed static elaboration
Starting simulation data flow analysis
Completed simulation data flow analysis
Time Resolution for simulation is 1ps
Compiling module xil_defaultlib.adc
Compiling module xil_defaultlib.ADC32
Compiling module xil_defaultlib.ADC_32_sim
Compiling module xil_defaultlib.glbl
Built simulation snapshot ADC_32_sim_behav

****** Webtalk v2017.4 (64-bit)
  **** SW Build 2086221 on Fri Dec 15 20:55:39 MST 2017
  **** IP Build 2085800 on Fri Dec 15 22:25:07 MST 2017
    ** Copyright 1986-2017 Xilinx, Inc. All Rights Reserved.

source F:/Desk/addc_32/addc_32.sim/sim_1/behav/xsim/xsim.dir/ADC_32_sim_behav/webtalk/xsim_webtalk.tcl -notrace
INFO: [Common 17-206] Exiting Webtalk at Wed Mar 10 22:32:08 2021...
INFO: [USF-XSim-69] 'elaborate' step finished in '5' seconds
INFO: [USF-XSim-4] XSim::Simulate design
INFO: [USF-XSim-61] Executing 'SIMULATE' step in 'F:/Desk/addc_32/addc_32.sim/sim_1/behav/xsim'
INFO: [USF-XSim-98] *** Running xsim
   with args "ADC_32_sim_behav -key {Behavioral:sim_1:Functional:ADC_32_sim} -tclbatch {ADC_32_sim.tcl} -log {simulate.log}"
INFO: [USF-XSim-8] Loading simulator feature
Vivado Simulator 2017.4
Time resolution is 1 ps
source ADC_32_sim.tcl
# set curr_wave [current_wave_config]
# if { [string length $curr_wave] == 0 } {
#   if { [llength [get_objects]] > 0} {
#     add_wave /
#     set_property needs_save false [current_wave_config]
#   } else {
#      send_msg_id Add_Wave-1 WARNING "No top level signals found. Simulator will start without a wave window. If you want to open a wave window go to 'File->New Waveform Configuration' or type 'create_wave_config' in the TCL console."
#   }
# }
# run 1000ns
INFO: [USF-XSim-96] XSim completed. Design snapshot 'ADC_32_sim_behav' loaded.
INFO: [USF-XSim-97] XSim simulation ran for 1000ns
launch_simulation: Time (s): cpu = 00:00:08 ; elapsed = 00:00:10 . Memory (MB): peak = 936.652 ; gain = 0.000
close_sim
INFO: [Simtcl 6-16] Simulation closed
close_sim: Time (s): cpu = 00:00:02 ; elapsed = 00:00:09 . Memory (MB): peak = 936.652 ; gain = 0.000
exit
INFO: [Common 17-206] Exiting Vivado at Wed Mar 10 22:32:41 2021...
