#-----------------------------------------------------------
# Vivado v2017.4 (64-bit)
# SW Build 2086221 on Fri Dec 15 20:55:39 MST 2017
# IP Build 2085800 on Fri Dec 15 22:25:07 MST 2017
# Start of session at: Mon May 24 17:18:20 2021
# Process ID: 13900
# Current directory: C:/Xilinx/FPGA/lab6_2/OExp05_CPU
# Command line: vivado.exe -gui_launcher_event rodinguilauncherevent8760 C:\Xilinx\FPGA\lab6_2\OExp05_CPU\OExp05_CPU.xpr
# Log file: C:/Xilinx/FPGA/lab6_2/OExp05_CPU/vivado.log
# Journal file: C:/Xilinx/FPGA/lab6_2/OExp05_CPU\vivado.jou
#-----------------------------------------------------------
start_gui
open_project C:/Xilinx/FPGA/lab6_2/OExp05_CPU/OExp05_CPU.xpr
INFO: [Project 1-313] Project file moved from 'F:/Desk/Success Vivado/OExp05_CPU' since last save.
Scanning sources...
Finished scanning sources
INFO: [IP_Flow 19-234] Refreshing IP repositories
INFO: [IP_Flow 19-1704] No user IP repositories specified
INFO: [IP_Flow 19-2313] Loaded Vivado IP repository 'C:/Xilinx/Vivado/2017.4/data/ip'.
open_project: Time (s): cpu = 00:00:10 ; elapsed = 00:00:05 . Memory (MB): peak = 867.418 ; gain = 117.891
update_compile_order -fileset sources_1
exit
INFO: [Common 17-206] Exiting Vivado at Mon May 24 17:19:20 2021...
