#-----------------------------------------------------------
# Vivado v2017.4 (64-bit)
# SW Build 2086221 on Fri Dec 15 20:55:39 MST 2017
# IP Build 2085800 on Fri Dec 15 22:25:07 MST 2017
# Start of session at: Tue Jun 15 18:02:31 2021
# Process ID: 10200
# Current directory: F:/Desk/lab10/EXP010
# Command line: vivado.exe -gui_launcher_event rodinguilauncherevent9040 F:\Desk\lab10\EXP010\OExp05_CPU.xpr
# Log file: F:/Desk/lab10/EXP010/vivado.log
# Journal file: F:/Desk/lab10/EXP010\vivado.jou
#-----------------------------------------------------------
start_gui
open_project F:/Desk/lab10/EXP010/OExp05_CPU.xpr
Scanning sources...
Finished scanning sources
INFO: [IP_Flow 19-234] Refreshing IP repositories
INFO: [IP_Flow 19-1704] No user IP repositories specified
INFO: [IP_Flow 19-2313] Loaded Vivado IP repository 'F:/Xlinx/Vivado/2017.4/data/ip'.
open_project: Time (s): cpu = 00:00:17 ; elapsed = 00:00:07 . Memory (MB): peak = 907.090 ; gain = 136.027
update_compile_order -fileset sources_1
set_property top OEXp05_CPU [current_fileset]
update_compile_order -fileset sources_1
reset_run synth_1
launch_runs impl_1 -to_step write_bitstream -jobs 16
[Tue Jun 15 18:08:41 2021] Launched synth_1...
Run output will be captured here: F:/Desk/lab10/EXP010/OExp05_CPU.runs/synth_1/runme.log
[Tue Jun 15 18:08:41 2021] Launched impl_1...
Run output will be captured here: F:/Desk/lab10/EXP010/OExp05_CPU.runs/impl_1/runme.log
open_hw
