#-----------------------------------------------------------
# Vivado v2017.4 (64-bit)
# SW Build 2086221 on Fri Dec 15 20:55:39 MST 2017
# IP Build 2085800 on Fri Dec 15 22:25:07 MST 2017
# Start of session at: Thu Mar 11 15:07:38 2021
# Process ID: 8292
# Current directory: F:/Desk/Exp1_GPIO
# Command line: vivado.exe -gui_launcher_event rodinguilauncherevent18980 F:\Desk\Exp1_GPIO\Exp1_GPIO.xpr
# Log file: F:/Desk/Exp1_GPIO/vivado.log
# Journal file: F:/Desk/Exp1_GPIO\vivado.jou
#-----------------------------------------------------------
start_gui
open_project F:/Desk/Exp1_GPIO/Exp1_GPIO.xpr
Scanning sources...
Finished scanning sources
INFO: [IP_Flow 19-234] Refreshing IP repositories
INFO: [IP_Flow 19-1700] Loaded user IP repository 'f:/Desk/Exp1_GPIO/ORGIP'.
INFO: [IP_Flow 19-2313] Loaded Vivado IP repository 'F:/Xlinx/Vivado/2017.4/data/ip'.
open_project: Time (s): cpu = 00:00:12 ; elapsed = 00:00:06 . Memory (MB): peak = 864.734 ; gain = 104.094
update_compile_order -fileset sources_1
launch_runs impl_1 -to_step write_bitstream -jobs 8
[Thu Mar 11 16:15:19 2021] Launched impl_1...
Run output will be captured here: F:/Desk/Exp1_GPIO/Exp1_GPIO.runs/impl_1/runme.log
reset_run synth_1
launch_runs synth_1 -jobs 8
[Thu Mar 11 16:33:55 2021] Launched synth_1...
Run output will be captured here: F:/Desk/Exp1_GPIO/Exp1_GPIO.runs/synth_1/runme.log
open_run synth_1 -name synth_1
Design is defaulting to impl run constrset: constrs_1
Design is defaulting to synth run part: xc7k160tffg676-2L
INFO: [Netlist 29-17] Analyzing 97 Unisim elements for replacement
INFO: [Netlist 29-28] Unisim Transformation completed in 0 CPU seconds
INFO: [Project 1-479] Netlist was created with Vivado 2017.4
INFO: [Device 21-403] Loading part xc7k160tffg676-2L
INFO: [Project 1-570] Preparing netlist for logic optimization
WARNING: [Constraints 18-550] Could not create 'IOSTANDARD' constraint because net 'Exp1_GPIO_i/Display/U6/inst/SEGEN' is not directly connected to top level port. 'IOSTANDARD' is ignored by Vivado but preserved for implementation tool. [f:/Desk/Exp1_GPIO/Exp1_GPIO.srcs/sources_1/bd/Exp1_GPIO/ip/Exp1_GPIO_Display_0_0/Display.edf:4670]
WARNING: [Constraints 18-550] Could not create 'IOSTANDARD' constraint because net 'Exp1_GPIO_i/Display/U61/inst/AN[0]' is not directly connected to top level port. 'IOSTANDARD' is ignored by Vivado but preserved for implementation tool. [f:/Desk/Exp1_GPIO/Exp1_GPIO.srcs/sources_1/bd/Exp1_GPIO/ip/Exp1_GPIO_Disp2Hex_0_0/Disp2Hex.edf:199]
WARNING: [Constraints 18-550] Could not create 'IOSTANDARD' constraint because net 'Exp1_GPIO_i/Display/U61/inst/AN[1]' is not directly connected to top level port. 'IOSTANDARD' is ignored by Vivado but preserved for implementation tool. [f:/Desk/Exp1_GPIO/Exp1_GPIO.srcs/sources_1/bd/Exp1_GPIO/ip/Exp1_GPIO_Disp2Hex_0_0/Disp2Hex.edf:206]
WARNING: [Constraints 18-550] Could not create 'IOSTANDARD' constraint because net 'Exp1_GPIO_i/Display/U61/inst/AN[2]' is not directly connected to top level port. 'IOSTANDARD' is ignored by Vivado but preserved for implementation tool. [f:/Desk/Exp1_GPIO/Exp1_GPIO.srcs/sources_1/bd/Exp1_GPIO/ip/Exp1_GPIO_Disp2Hex_0_0/Disp2Hex.edf:213]
WARNING: [Constraints 18-550] Could not create 'IOSTANDARD' constraint because net 'Exp1_GPIO_i/Display/U61/inst/AN[3]' is not directly connected to top level port. 'IOSTANDARD' is ignored by Vivado but preserved for implementation tool. [f:/Desk/Exp1_GPIO/Exp1_GPIO.srcs/sources_1/bd/Exp1_GPIO/ip/Exp1_GPIO_Disp2Hex_0_0/Disp2Hex.edf:220]
WARNING: [Constraints 18-550] Could not create 'IOSTANDARD' constraint because net 'Exp1_GPIO_i/Display/U61/inst/SEGMENT[0]' is not directly connected to top level port. 'IOSTANDARD' is ignored by Vivado but preserved for implementation tool. [f:/Desk/Exp1_GPIO/Exp1_GPIO.srcs/sources_1/bd/Exp1_GPIO/ip/Exp1_GPIO_Disp2Hex_0_0/Disp2Hex.edf:514]
WARNING: [Constraints 18-550] Could not create 'IOSTANDARD' constraint because net 'Exp1_GPIO_i/Display/U61/inst/SEGMENT[1]' is not directly connected to top level port. 'IOSTANDARD' is ignored by Vivado but preserved for implementation tool. [f:/Desk/Exp1_GPIO/Exp1_GPIO.srcs/sources_1/bd/Exp1_GPIO/ip/Exp1_GPIO_Disp2Hex_0_0/Disp2Hex.edf:521]
WARNING: [Constraints 18-550] Could not create 'IOSTANDARD' constraint because net 'Exp1_GPIO_i/Display/U61/inst/SEGMENT[2]' is not directly connected to top level port. 'IOSTANDARD' is ignored by Vivado but preserved for implementation tool. [f:/Desk/Exp1_GPIO/Exp1_GPIO.srcs/sources_1/bd/Exp1_GPIO/ip/Exp1_GPIO_Disp2Hex_0_0/Disp2Hex.edf:528]
WARNING: [Constraints 18-550] Could not create 'IOSTANDARD' constraint because net 'Exp1_GPIO_i/Display/U61/inst/SEGMENT[3]' is not directly connected to top level port. 'IOSTANDARD' is ignored by Vivado but preserved for implementation tool. [f:/Desk/Exp1_GPIO/Exp1_GPIO.srcs/sources_1/bd/Exp1_GPIO/ip/Exp1_GPIO_Disp2Hex_0_0/Disp2Hex.edf:535]
WARNING: [Constraints 18-550] Could not create 'IOSTANDARD' constraint because net 'Exp1_GPIO_i/Display/U61/inst/SEGMENT[4]' is not directly connected to top level port. 'IOSTANDARD' is ignored by Vivado but preserved for implementation tool. [f:/Desk/Exp1_GPIO/Exp1_GPIO.srcs/sources_1/bd/Exp1_GPIO/ip/Exp1_GPIO_Disp2Hex_0_0/Disp2Hex.edf:542]
WARNING: [Constraints 18-550] Could not create 'IOSTANDARD' constraint because net 'Exp1_GPIO_i/Display/U61/inst/SEGMENT[5]' is not directly connected to top level port. 'IOSTANDARD' is ignored by Vivado but preserved for implementation tool. [f:/Desk/Exp1_GPIO/Exp1_GPIO.srcs/sources_1/bd/Exp1_GPIO/ip/Exp1_GPIO_Disp2Hex_0_0/Disp2Hex.edf:549]
WARNING: [Constraints 18-550] Could not create 'IOSTANDARD' constraint because net 'Exp1_GPIO_i/Display/U61/inst/SEGMENT[6]' is not directly connected to top level port. 'IOSTANDARD' is ignored by Vivado but preserved for implementation tool. [f:/Desk/Exp1_GPIO/Exp1_GPIO.srcs/sources_1/bd/Exp1_GPIO/ip/Exp1_GPIO_Disp2Hex_0_0/Disp2Hex.edf:556]
WARNING: [Constraints 18-550] Could not create 'IOSTANDARD' constraint because net 'Exp1_GPIO_i/Display/U61/inst/SEGMENT[7]' is not directly connected to top level port. 'IOSTANDARD' is ignored by Vivado but preserved for implementation tool. [f:/Desk/Exp1_GPIO/Exp1_GPIO.srcs/sources_1/bd/Exp1_GPIO/ip/Exp1_GPIO_Disp2Hex_0_0/Disp2Hex.edf:613]
WARNING: [Constraints 18-550] Could not create 'IOSTANDARD' constraint because net 'Exp1_GPIO_i/GPIO/U7/inst/LEDEN' is not directly connected to top level port. 'IOSTANDARD' is ignored by Vivado but preserved for implementation tool. [f:/Desk/Exp1_GPIO/Exp1_GPIO.srcs/sources_1/bd/Exp1_GPIO/ip/Exp1_GPIO_GPIO_0_0/GPIO.edf:1136]
WARNING: [Constraints 18-550] Could not create 'IOSTANDARD' constraint because net 'Exp1_GPIO_i/GPIO/U71/inst/LED[0]' is not directly connected to top level port. 'IOSTANDARD' is ignored by Vivado but preserved for implementation tool. [f:/Desk/Exp1_GPIO/Exp1_GPIO.srcs/sources_1/bd/Exp1_GPIO/ip/Exp1_GPIO_PIO_0_0/PIO.edf:350]
WARNING: [Constraints 18-550] Could not create 'IOSTANDARD' constraint because net 'Exp1_GPIO_i/GPIO/U71/inst/LED[1]' is not directly connected to top level port. 'IOSTANDARD' is ignored by Vivado but preserved for implementation tool. [f:/Desk/Exp1_GPIO/Exp1_GPIO.srcs/sources_1/bd/Exp1_GPIO/ip/Exp1_GPIO_PIO_0_0/PIO.edf:357]
WARNING: [Constraints 18-550] Could not create 'IOSTANDARD' constraint because net 'Exp1_GPIO_i/GPIO/U71/inst/LED[2]' is not directly connected to top level port. 'IOSTANDARD' is ignored by Vivado but preserved for implementation tool. [f:/Desk/Exp1_GPIO/Exp1_GPIO.srcs/sources_1/bd/Exp1_GPIO/ip/Exp1_GPIO_PIO_0_0/PIO.edf:364]
WARNING: [Constraints 18-550] Could not create 'IOSTANDARD' constraint because net 'Exp1_GPIO_i/GPIO/U71/inst/LED[3]' is not directly connected to top level port. 'IOSTANDARD' is ignored by Vivado but preserved for implementation tool. [f:/Desk/Exp1_GPIO/Exp1_GPIO.srcs/sources_1/bd/Exp1_GPIO/ip/Exp1_GPIO_PIO_0_0/PIO.edf:371]
WARNING: [Constraints 18-550] Could not create 'IOSTANDARD' constraint because net 'Exp1_GPIO_i/GPIO/U71/inst/LED[4]' is not directly connected to top level port. 'IOSTANDARD' is ignored by Vivado but preserved for implementation tool. [f:/Desk/Exp1_GPIO/Exp1_GPIO.srcs/sources_1/bd/Exp1_GPIO/ip/Exp1_GPIO_PIO_0_0/PIO.edf:378]
WARNING: [Constraints 18-550] Could not create 'IOSTANDARD' constraint because net 'Exp1_GPIO_i/GPIO/U71/inst/LED[5]' is not directly connected to top level port. 'IOSTANDARD' is ignored by Vivado but preserved for implementation tool. [f:/Desk/Exp1_GPIO/Exp1_GPIO.srcs/sources_1/bd/Exp1_GPIO/ip/Exp1_GPIO_PIO_0_0/PIO.edf:385]
WARNING: [Constraints 18-550] Could not create 'IOSTANDARD' constraint because net 'Exp1_GPIO_i/GPIO/U71/inst/LED[6]' is not directly connected to top level port. 'IOSTANDARD' is ignored by Vivado but preserved for implementation tool. [f:/Desk/Exp1_GPIO/Exp1_GPIO.srcs/sources_1/bd/Exp1_GPIO/ip/Exp1_GPIO_PIO_0_0/PIO.edf:392]
WARNING: [Constraints 18-550] Could not create 'IOSTANDARD' constraint because net 'Exp1_GPIO_i/GPIO/U71/inst/LED[7]' is not directly connected to top level port. 'IOSTANDARD' is ignored by Vivado but preserved for implementation tool. [f:/Desk/Exp1_GPIO/Exp1_GPIO.srcs/sources_1/bd/Exp1_GPIO/ip/Exp1_GPIO_PIO_0_0/PIO.edf:399]
WARNING: [Constraints 18-550] Could not create 'IOSTANDARD' constraint because net 'Exp1_GPIO_i/M4/inst/readn' is not directly connected to top level port. 'IOSTANDARD' is ignored by Vivado but preserved for implementation tool. [f:/Desk/Exp1_GPIO/Exp1_GPIO.srcs/sources_1/bd/Exp1_GPIO/ip/Exp1_GPIO_EnterT32_0_0/EnterT32.edf:2481]
WARNING: [Constraints 18-550] Could not create 'IOSTANDARD' constraint because net 'Exp1_GPIO_i/U9/inst/CR' is not directly connected to top level port. 'IOSTANDARD' is ignored by Vivado but preserved for implementation tool. [f:/Desk/Exp1_GPIO/Exp1_GPIO.srcs/sources_1/bd/Exp1_GPIO/ip/Exp1_GPIO_Arraykeys_0_0/Arraykeys.edf:1006]
WARNING: [Constraints 18-550] Could not create 'IOSTANDARD' constraint because net 'Exp1_GPIO_i/U9/inst/KCOL[0]' is not directly connected to top level port. 'IOSTANDARD' is ignored by Vivado but preserved for implementation tool. [f:/Desk/Exp1_GPIO/Exp1_GPIO.srcs/sources_1/bd/Exp1_GPIO/ip/Exp1_GPIO_Arraykeys_0_0/Arraykeys.edf:1100]
WARNING: [Constraints 18-550] Could not create 'IOSTANDARD' constraint because net 'Exp1_GPIO_i/U9/inst/KCOL[1]' is not directly connected to top level port. 'IOSTANDARD' is ignored by Vivado but preserved for implementation tool. [f:/Desk/Exp1_GPIO/Exp1_GPIO.srcs/sources_1/bd/Exp1_GPIO/ip/Exp1_GPIO_Arraykeys_0_0/Arraykeys.edf:1112]
WARNING: [Constraints 18-550] Could not create 'IOSTANDARD' constraint because net 'Exp1_GPIO_i/U9/inst/KCOL[2]' is not directly connected to top level port. 'IOSTANDARD' is ignored by Vivado but preserved for implementation tool. [f:/Desk/Exp1_GPIO/Exp1_GPIO.srcs/sources_1/bd/Exp1_GPIO/ip/Exp1_GPIO_Arraykeys_0_0/Arraykeys.edf:1124]
WARNING: [Constraints 18-550] Could not create 'IOSTANDARD' constraint because net 'Exp1_GPIO_i/U9/inst/KCOL[3]' is not directly connected to top level port. 'IOSTANDARD' is ignored by Vivado but preserved for implementation tool. [f:/Desk/Exp1_GPIO/Exp1_GPIO.srcs/sources_1/bd/Exp1_GPIO/ip/Exp1_GPIO_Arraykeys_0_0/Arraykeys.edf:1137]
WARNING: [Constraints 18-550] Could not create 'IOSTANDARD' constraint because net 'Exp1_GPIO_i/U9/inst/KROW[0]' is not directly connected to top level port. 'IOSTANDARD' is ignored by Vivado but preserved for implementation tool. [f:/Desk/Exp1_GPIO/Exp1_GPIO.srcs/sources_1/bd/Exp1_GPIO/ip/Exp1_GPIO_Arraykeys_0_0/Arraykeys.edf:1160]
WARNING: [Constraints 18-550] Could not create 'IOSTANDARD' constraint because net 'Exp1_GPIO_i/U9/inst/KROW[1]' is not directly connected to top level port. 'IOSTANDARD' is ignored by Vivado but preserved for implementation tool. [f:/Desk/Exp1_GPIO/Exp1_GPIO.srcs/sources_1/bd/Exp1_GPIO/ip/Exp1_GPIO_Arraykeys_0_0/Arraykeys.edf:1167]
WARNING: [Constraints 18-550] Could not create 'IOSTANDARD' constraint because net 'Exp1_GPIO_i/U9/inst/KROW[2]' is not directly connected to top level port. 'IOSTANDARD' is ignored by Vivado but preserved for implementation tool. [f:/Desk/Exp1_GPIO/Exp1_GPIO.srcs/sources_1/bd/Exp1_GPIO/ip/Exp1_GPIO_Arraykeys_0_0/Arraykeys.edf:1174]
WARNING: [Constraints 18-550] Could not create 'IOSTANDARD' constraint because net 'Exp1_GPIO_i/U9/inst/KROW[3]' is not directly connected to top level port. 'IOSTANDARD' is ignored by Vivado but preserved for implementation tool. [f:/Desk/Exp1_GPIO/Exp1_GPIO.srcs/sources_1/bd/Exp1_GPIO/ip/Exp1_GPIO_Arraykeys_0_0/Arraykeys.edf:1181]
WARNING: [Constraints 18-550] Could not create 'IOSTANDARD' constraint because net 'Exp1_GPIO_i/U9/inst/KROW[4]' is not directly connected to top level port. 'IOSTANDARD' is ignored by Vivado but preserved for implementation tool. [f:/Desk/Exp1_GPIO/Exp1_GPIO.srcs/sources_1/bd/Exp1_GPIO/ip/Exp1_GPIO_Arraykeys_0_0/Arraykeys.edf:1188]
WARNING: [Constraints 18-550] Could not create 'IOSTANDARD' constraint because net 'Exp1_GPIO_i/U9/inst/RSTN' is not directly connected to top level port. 'IOSTANDARD' is ignored by Vivado but preserved for implementation tool. [f:/Desk/Exp1_GPIO/Exp1_GPIO.srcs/sources_1/bd/Exp1_GPIO/ip/Exp1_GPIO_Arraykeys_0_0/Arraykeys.edf:1265]
WARNING: [Constraints 18-550] Could not create 'IOSTANDARD' constraint because net 'Exp1_GPIO_i/U9/inst/SW[0]' is not directly connected to top level port. 'IOSTANDARD' is ignored by Vivado but preserved for implementation tool. [f:/Desk/Exp1_GPIO/Exp1_GPIO.srcs/sources_1/bd/Exp1_GPIO/ip/Exp1_GPIO_Arraykeys_0_0/Arraykeys.edf:1440]
WARNING: [Constraints 18-550] Could not create 'IOSTANDARD' constraint because net 'Exp1_GPIO_i/U9/inst/SW[10]' is not directly connected to top level port. 'IOSTANDARD' is ignored by Vivado but preserved for implementation tool. [f:/Desk/Exp1_GPIO/Exp1_GPIO.srcs/sources_1/bd/Exp1_GPIO/ip/Exp1_GPIO_Arraykeys_0_0/Arraykeys.edf:1449]
WARNING: [Constraints 18-550] Could not create 'IOSTANDARD' constraint because net 'Exp1_GPIO_i/U9/inst/SW[11]' is not directly connected to top level port. 'IOSTANDARD' is ignored by Vivado but preserved for implementation tool. [f:/Desk/Exp1_GPIO/Exp1_GPIO.srcs/sources_1/bd/Exp1_GPIO/ip/Exp1_GPIO_Arraykeys_0_0/Arraykeys.edf:1458]
WARNING: [Constraints 18-550] Could not create 'IOSTANDARD' constraint because net 'Exp1_GPIO_i/U9/inst/SW[12]' is not directly connected to top level port. 'IOSTANDARD' is ignored by Vivado but preserved for implementation tool. [f:/Desk/Exp1_GPIO/Exp1_GPIO.srcs/sources_1/bd/Exp1_GPIO/ip/Exp1_GPIO_Arraykeys_0_0/Arraykeys.edf:1467]
WARNING: [Constraints 18-550] Could not create 'IOSTANDARD' constraint because net 'Exp1_GPIO_i/U9/inst/SW[13]' is not directly connected to top level port. 'IOSTANDARD' is ignored by Vivado but preserved for implementation tool. [f:/Desk/Exp1_GPIO/Exp1_GPIO.srcs/sources_1/bd/Exp1_GPIO/ip/Exp1_GPIO_Arraykeys_0_0/Arraykeys.edf:1476]
WARNING: [Constraints 18-550] Could not create 'IOSTANDARD' constraint because net 'Exp1_GPIO_i/U9/inst/SW[14]' is not directly connected to top level port. 'IOSTANDARD' is ignored by Vivado but preserved for implementation tool. [f:/Desk/Exp1_GPIO/Exp1_GPIO.srcs/sources_1/bd/Exp1_GPIO/ip/Exp1_GPIO_Arraykeys_0_0/Arraykeys.edf:1485]
WARNING: [Constraints 18-550] Could not create 'IOSTANDARD' constraint because net 'Exp1_GPIO_i/U9/inst/SW[15]' is not directly connected to top level port. 'IOSTANDARD' is ignored by Vivado but preserved for implementation tool. [f:/Desk/Exp1_GPIO/Exp1_GPIO.srcs/sources_1/bd/Exp1_GPIO/ip/Exp1_GPIO_Arraykeys_0_0/Arraykeys.edf:1494]
WARNING: [Constraints 18-550] Could not create 'IOSTANDARD' constraint because net 'Exp1_GPIO_i/U9/inst/SW[1]' is not directly connected to top level port. 'IOSTANDARD' is ignored by Vivado but preserved for implementation tool. [f:/Desk/Exp1_GPIO/Exp1_GPIO.srcs/sources_1/bd/Exp1_GPIO/ip/Exp1_GPIO_Arraykeys_0_0/Arraykeys.edf:1503]
WARNING: [Constraints 18-550] Could not create 'IOSTANDARD' constraint because net 'Exp1_GPIO_i/U9/inst/SW[2]' is not directly connected to top level port. 'IOSTANDARD' is ignored by Vivado but preserved for implementation tool. [f:/Desk/Exp1_GPIO/Exp1_GPIO.srcs/sources_1/bd/Exp1_GPIO/ip/Exp1_GPIO_Arraykeys_0_0/Arraykeys.edf:1512]
WARNING: [Constraints 18-550] Could not create 'IOSTANDARD' constraint because net 'Exp1_GPIO_i/U9/inst/SW[3]' is not directly connected to top level port. 'IOSTANDARD' is ignored by Vivado but preserved for implementation tool. [f:/Desk/Exp1_GPIO/Exp1_GPIO.srcs/sources_1/bd/Exp1_GPIO/ip/Exp1_GPIO_Arraykeys_0_0/Arraykeys.edf:1521]
WARNING: [Constraints 18-550] Could not create 'IOSTANDARD' constraint because net 'Exp1_GPIO_i/U9/inst/SW[4]' is not directly connected to top level port. 'IOSTANDARD' is ignored by Vivado but preserved for implementation tool. [f:/Desk/Exp1_GPIO/Exp1_GPIO.srcs/sources_1/bd/Exp1_GPIO/ip/Exp1_GPIO_Arraykeys_0_0/Arraykeys.edf:1530]
WARNING: [Constraints 18-550] Could not create 'IOSTANDARD' constraint because net 'Exp1_GPIO_i/U9/inst/SW[5]' is not directly connected to top level port. 'IOSTANDARD' is ignored by Vivado but preserved for implementation tool. [f:/Desk/Exp1_GPIO/Exp1_GPIO.srcs/sources_1/bd/Exp1_GPIO/ip/Exp1_GPIO_Arraykeys_0_0/Arraykeys.edf:1539]
WARNING: [Constraints 18-550] Could not create 'IOSTANDARD' constraint because net 'Exp1_GPIO_i/U9/inst/SW[6]' is not directly connected to top level port. 'IOSTANDARD' is ignored by Vivado but preserved for implementation tool. [f:/Desk/Exp1_GPIO/Exp1_GPIO.srcs/sources_1/bd/Exp1_GPIO/ip/Exp1_GPIO_Arraykeys_0_0/Arraykeys.edf:1548]
WARNING: [Constraints 18-550] Could not create 'IOSTANDARD' constraint because net 'Exp1_GPIO_i/U9/inst/SW[7]' is not directly connected to top level port. 'IOSTANDARD' is ignored by Vivado but preserved for implementation tool. [f:/Desk/Exp1_GPIO/Exp1_GPIO.srcs/sources_1/bd/Exp1_GPIO/ip/Exp1_GPIO_Arraykeys_0_0/Arraykeys.edf:1557]
WARNING: [Constraints 18-550] Could not create 'IOSTANDARD' constraint because net 'Exp1_GPIO_i/U9/inst/SW[8]' is not directly connected to top level port. 'IOSTANDARD' is ignored by Vivado but preserved for implementation tool. [f:/Desk/Exp1_GPIO/Exp1_GPIO.srcs/sources_1/bd/Exp1_GPIO/ip/Exp1_GPIO_Arraykeys_0_0/Arraykeys.edf:1566]
WARNING: [Constraints 18-550] Could not create 'IOSTANDARD' constraint because net 'Exp1_GPIO_i/U9/inst/SW[9]' is not directly connected to top level port. 'IOSTANDARD' is ignored by Vivado but preserved for implementation tool. [f:/Desk/Exp1_GPIO/Exp1_GPIO.srcs/sources_1/bd/Exp1_GPIO/ip/Exp1_GPIO_Arraykeys_0_0/Arraykeys.edf:1575]
WARNING: [Constraints 18-550] Could not create 'IOSTANDARD' constraint because net 'Exp1_GPIO_i/U9/inst/readn' is not directly connected to top level port. 'IOSTANDARD' is ignored by Vivado but preserved for implementation tool. [f:/Desk/Exp1_GPIO/Exp1_GPIO.srcs/sources_1/bd/Exp1_GPIO/ip/Exp1_GPIO_Arraykeys_0_0/Arraykeys.edf:2571]
Parsing XDC File [F:/Desk/Exp1_GPIO/Exp1_GPIO.srcs/constrs_1/new/constraints_GPIO.xdc]
Finished Parsing XDC File [F:/Desk/Exp1_GPIO/Exp1_GPIO.srcs/constrs_1/new/constraints_GPIO.xdc]
INFO: [Opt 31-138] Pushed 0 inverter(s) to 0 load pin(s).
INFO: [Project 1-111] Unisim Transformation Summary:
No Unisim elements were transformed.

open_run: Time (s): cpu = 00:00:26 ; elapsed = 00:00:13 . Memory (MB): peak = 1393.309 ; gain = 474.113
launch_runs impl_1 -jobs 8
Writing placer database...
Writing XDEF routing.
Writing XDEF routing logical nets.
Writing XDEF routing special nets.
Write XDEF Complete: Time (s): cpu = 00:00:00 ; elapsed = 00:00:00.042 . Memory (MB): peak = 1819.184 ; gain = 1.582
[Thu Mar 11 16:41:19 2021] Launched impl_1...
Run output will be captured here: F:/Desk/Exp1_GPIO/Exp1_GPIO.runs/impl_1/runme.log
launch_runs impl_1 -to_step write_bitstream -jobs 8
[Thu Mar 11 16:43:05 2021] Launched impl_1...
Run output will be captured here: F:/Desk/Exp1_GPIO/Exp1_GPIO.runs/impl_1/runme.log
open_hw
exit
INFO: [Common 17-206] Exiting Vivado at Thu Mar 11 16:57:40 2021...
