INFO: [VRFC 10-2263] Analyzing Verilog file "F:/Desk/Success Vivado/EXP010/OExp05_CPU.srcs/sources_1/imports/sources_1/imports/RSDP9/ALU_5359/ALU_5359.v" into library xil_defaultlib
INFO: [VRFC 10-311] analyzing module ALU_5359
INFO: [VRFC 10-2263] Analyzing Verilog file "F:/Desk/Success Vivado/EXP010/OExp05_CPU.srcs/sources_1/imports/sources_1/new/ImmGen.v" into library xil_defaultlib
INFO: [VRFC 10-311] analyzing module ImmGen
INFO: [VRFC 10-2263] Analyzing Verilog file "F:/Desk/Success Vivado/EXP010/OExp05_CPU.srcs/sources_1/imports/sources_1/new/REG32.v" into library xil_defaultlib
INFO: [VRFC 10-311] analyzing module REG32
INFO: [VRFC 10-2263] Analyzing Verilog file "F:/Desk/Success Vivado/EXP010/OExp05_CPU.srcs/sources_1/new/REG_EX_MEM.v" into library xil_defaultlib
INFO: [VRFC 10-311] analyzing module REG_EX_MEM
INFO: [VRFC 10-2263] Analyzing Verilog file "F:/Desk/Success Vivado/EXP010/OExp05_CPU.srcs/sources_1/new/REG_ID_EX.v" into library xil_defaultlib
INFO: [VRFC 10-311] analyzing module REG_ID_EX
INFO: [VRFC 10-2263] Analyzing Verilog file "F:/Desk/Success Vivado/EXP010/OExp05_CPU.srcs/sources_1/new/REG_IF_ID.v" into library xil_defaultlib
INFO: [VRFC 10-311] analyzing module REG_IF_ID
INFO: [VRFC 10-2263] Analyzing Verilog file "F:/Desk/Success Vivado/EXP010/OExp05_CPU.srcs/sources_1/new/REG_MEM_WB.v" into library xil_defaultlib
INFO: [VRFC 10-311] analyzing module REG_MEM_WB
INFO: [VRFC 10-2263] Analyzing Verilog file "F:/Desk/Success Vivado/EXP010/OExp05_CPU.srcs/sources_1/new/RV32IPDP_C.v" into library xil_defaultlib
INFO: [VRFC 10-311] analyzing module RV32IPDP_C
INFO: [VRFC 10-2263] Analyzing Verilog file "F:/Desk/Success Vivado/EXP010/OExp05_CPU.srcs/sources_1/imports/sources_1/imports/RSDP9/regs.v" into library xil_defaultlib
INFO: [VRFC 10-311] analyzing module regs
INFO: [VRFC 10-2263] Analyzing Verilog file "F:/Desk/Success Vivado/EXP010/OExp05_CPU.srcs/sim_1/new/sim.v" into library xil_defaultlib
INFO: [VRFC 10-311] analyzing module sim
