#-----------------------------------------------------------
# Vivado v2017.4 (64-bit)
# SW Build 2086221 on Fri Dec 15 20:55:39 MST 2017
# IP Build 2085800 on Fri Dec 15 22:25:07 MST 2017
# Start of session at: Tue Jun 15 22:06:53 2021
# Process ID: 23324
# Current directory: F:/Desk/lab/OExp02-IP2SOC
# Command line: vivado.exe -gui_launcher_event rodinguilauncherevent8884 F:\Desk\lab\OExp02-IP2SOC\OExp02-IP2SOC.xpr
# Log file: F:/Desk/lab/OExp02-IP2SOC/vivado.log
# Journal file: F:/Desk/lab/OExp02-IP2SOC\vivado.jou
#-----------------------------------------------------------
start_gui
open_project F:/Desk/lab/OExp02-IP2SOC/OExp02-IP2SOC.xpr
INFO: [Project 1-313] Project file moved from 'F:/Desk/Success Vivado/OExp02-IP2SOC' since last save.
Scanning sources...
Finished scanning sources
INFO: [IP_Flow 19-234] Refreshing IP repositories
INFO: [IP_Flow 19-1700] Loaded user IP repository 'f:/Desk/lab/OExp02-IP2SOC/IPCORE'.
INFO: [IP_Flow 19-2313] Loaded Vivado IP repository 'F:/Xlinx/Vivado/2017.4/data/ip'.
open_project: Time (s): cpu = 00:00:18 ; elapsed = 00:00:09 . Memory (MB): peak = 873.043 ; gain = 112.246
update_compile_order -fileset sources_1
exit
INFO: [Common 17-206] Exiting Vivado at Tue Jun 15 22:07:48 2021...
