#-----------------------------------------------------------
# Vivado v2017.4 (64-bit)
# SW Build 2086221 on Fri Dec 15 20:55:39 MST 2017
# IP Build 2085800 on Fri Dec 15 22:25:07 MST 2017
# Start of session at: Mon Mar 22 22:53:56 2021
# Process ID: 9844
# Current directory: F:/Desk/Success Vivado/OExp02-IP2SOC
# Command line: vivado.exe -gui_launcher_event rodinguilauncherevent8384 F:\Desk\Success Vivado\OExp02-IP2SOC\OExp02-IP2SOC.xpr
# Log file: F:/Desk/Success Vivado/OExp02-IP2SOC/vivado.log
# Journal file: F:/Desk/Success Vivado/OExp02-IP2SOC\vivado.jou
#-----------------------------------------------------------
start_gui
open_project {F:/Desk/Success Vivado/OExp02-IP2SOC/OExp02-IP2SOC.xpr}
INFO: [Project 1-313] Project file moved from 'F:/Desk/OExp02-IP2SOC' since last save.
Scanning sources...
Finished scanning sources
INFO: [IP_Flow 19-234] Refreshing IP repositories
INFO: [IP_Flow 19-1700] Loaded user IP repository 'f:/Desk/Success Vivado/OExp02-IP2SOC/IPCORE'.
INFO: [IP_Flow 19-2313] Loaded Vivado IP repository 'F:/Xlinx/Vivado/2017.4/data/ip'.
open_project: Time (s): cpu = 00:00:15 ; elapsed = 00:00:08 . Memory (MB): peak = 876.070 ; gain = 120.465
update_compile_order -fileset sources_1
exit
INFO: [Common 17-206] Exiting Vivado at Tue Mar 23 00:25:34 2021...
