#-----------------------------------------------------------
# Vivado v2017.4 (64-bit)
# SW Build 2086221 on Fri Dec 15 20:55:39 MST 2017
# IP Build 2085800 on Fri Dec 15 22:25:07 MST 2017
# Start of session at: Sun Mar  7 22:01:51 2021
# Process ID: 5932
# Current directory: F:/Desk/OExp00/MUX2T1_5
# Command line: vivado.exe -gui_launcher_event rodinguilauncherevent5068 F:\Desk\OExp00\MUX2T1_5\MUX2T1_5.xpr
# Log file: F:/Desk/OExp00/MUX2T1_5/vivado.log
# Journal file: F:/Desk/OExp00/MUX2T1_5\vivado.jou
#-----------------------------------------------------------
start_gui
open_project F:/Desk/OExp00/MUX2T1_5/MUX2T1_5.xpr
INFO: [Project 1-313] Project file moved from 'C:/Users/ASUS/Desktop/MUX2T1_5' since last save.
Scanning sources...
Finished scanning sources
INFO: [IP_Flow 19-234] Refreshing IP repositories
INFO: [IP_Flow 19-1700] Loaded user IP repository 'f:/Desk/OExp00/MUX2T1_5/MUX2T1_5.srcs/sources_1/imports/ip'.
INFO: [IP_Flow 19-2313] Loaded Vivado IP repository 'F:/Xlinx/Vivado/2017.4/data/ip'.
update_compile_order -fileset sources_1
exit
INFO: [Common 17-206] Exiting Vivado at Sun Mar  7 22:04:33 2021...
