#-----------------------------------------------------------
# Vivado v2017.4 (64-bit)
# SW Build 2086221 on Fri Dec 15 20:55:39 MST 2017
# IP Build 2085800 on Fri Dec 15 22:25:07 MST 2017
# Start of session at: Sun May 23 10:28:56 2021
# Process ID: 6352
# Current directory: F:/Desk/SPIControl
# Command line: vivado.exe -gui_launcher_event rodinguilauncherevent12308 F:\Desk\SPIControl\SPIControl.xpr
# Log file: F:/Desk/SPIControl/vivado.log
# Journal file: F:/Desk/SPIControl\vivado.jou
#-----------------------------------------------------------
start_gui
open_project F:/Desk/SPIControl/SPIControl.xpr
Scanning sources...
Finished scanning sources
INFO: [IP_Flow 19-234] Refreshing IP repositories
INFO: [IP_Flow 19-1704] No user IP repositories specified
INFO: [IP_Flow 19-2313] Loaded Vivado IP repository 'F:/Xlinx/Vivado/2017.4/data/ip'.
open_project: Time (s): cpu = 00:00:15 ; elapsed = 00:00:06 . Memory (MB): peak = 900.508 ; gain = 149.117
update_compile_order -fileset sources_1
exit
INFO: [Common 17-206] Exiting Vivado at Sun May 23 13:12:39 2021...
