#-----------------------------------------------------------
# Vivado v2017.4 (64-bit)
# SW Build 2086221 on Fri Dec 15 20:55:39 MST 2017
# IP Build 2085800 on Fri Dec 15 22:25:07 MST 2017
# Start of session at: Mon May 31 11:10:57 2021
# Process ID: 21244
# Current directory: F:/Desk/Success Vivado/Verilog兴趣小组/SPIControl
# Command line: vivado.exe -gui_launcher_event rodinguilauncherevent20340 F:\Desk\Success Vivado\Verilog兴趣小组\SPIControl\SPIControl.xpr
# Log file: F:/Desk/Success Vivado/Verilog兴趣小组/SPIControl/vivado.log
# Journal file: F:/Desk/Success Vivado/Verilog兴趣小组/SPIControl\vivado.jou
#-----------------------------------------------------------
start_gui
open_project {F:/Desk/Success Vivado/Verilog兴趣小组/SPIControl/SPIControl.xpr}
INFO: [Project 1-313] Project file moved from 'F:/Desk/SPIControl' since last save.
Scanning sources...
Finished scanning sources
INFO: [IP_Flow 19-234] Refreshing IP repositories
INFO: [IP_Flow 19-1704] No user IP repositories specified
INFO: [IP_Flow 19-2313] Loaded Vivado IP repository 'F:/Xlinx/Vivado/2017.4/data/ip'.
open_project: Time (s): cpu = 00:00:16 ; elapsed = 00:00:07 . Memory (MB): peak = 843.883 ; gain = 87.766
update_compile_order -fileset sources_1
exit
INFO: [Common 17-206] Exiting Vivado at Mon May 31 11:17:56 2021...
