#-----------------------------------------------------------
# Vivado v2020.2 (64-bit)
# SW Build 3064766 on Wed Nov 18 09:12:45 MST 2020
# IP Build 3064653 on Wed Nov 18 14:17:31 MST 2020
# Start of session at: Sun Oct 10 23:57:56 2021
# Process ID: 18480
# Current directory: F:/Desk/MyCollege/大二下/计算机组成/Success Vivado/Verilog兴趣小组/SPIControl
# Command line: vivado.exe -gui_launcher_event rodinguilauncherevent22364 F:\Desk\MyCollege\大二下\计算机组成\Success Vivado\Verilog兴趣小组\SPIControl\SPIControl.xpr
# Log file: F:/Desk/MyCollege/大二下/计算机组成/Success Vivado/Verilog兴趣小组/SPIControl/vivado.log
# Journal file: F:/Desk/MyCollege/大二下/计算机组成/Success Vivado/Verilog兴趣小组/SPIControl\vivado.jou
#-----------------------------------------------------------
start_gui
open_project {F:/Desk/MyCollege/大二下/计算机组成/Success Vivado/Verilog兴趣小组/SPIControl/SPIControl.xpr}
INFO: [Project 1-313] Project file moved from 'F:/Desk/SPIControl' since last save.
Scanning sources...
Finished scanning sources
INFO: [Project 1-230] Project 'SPIControl.xpr' upgraded for this version of Vivado.
INFO: [IP_Flow 19-234] Refreshing IP repositories
INFO: [IP_Flow 19-1704] No user IP repositories specified
INFO: [IP_Flow 19-2313] Loaded Vivado IP repository 'F:/Xlinx2020/Vivado/2020.2/data/ip'.
open_project: Time (s): cpu = 00:00:23 ; elapsed = 00:00:09 . Memory (MB): peak = 1110.605 ; gain = 0.000
update_compile_order -fileset sources_1
exit
INFO: [Common 17-206] Exiting Vivado at Mon Oct 11 00:01:02 2021...
